Log file opened on Wed Dec  4 21:19:39 2019
Host: DESKTOP-3IMURTU  pid: 64  rank ID: 0  number of ranks:  1
                      :-) GROMACS - gmx mdrun, 2018.1 (-:

                            GROMACS is written by:
     Emile Apol      Rossen Apostolov      Paul Bauer     Herman J.C. Berendsen
    Par Bjelkmar    Aldert van Buuren   Rudi van Drunen     Anton Feenstra  
  Gerrit Groenhof    Aleksei Iupinov   Christoph Junghans   Anca Hamuraru   
 Vincent Hindriksen Dimitrios Karkoulis    Peter Kasson        Jiri Kraus    
  Carsten Kutzner      Per Larsson      Justin A. Lemkul    Viveca Lindahl  
  Magnus Lundborg   Pieter Meulenhoff    Erik Marklund      Teemu Murtola   
    Szilard Pall       Sander Pronk      Roland Schulz     Alexey Shvetsov  
   Michael Shirts     Alfons Sijbers     Peter Tieleman    Teemu Virolainen 
 Christian Wennberg    Maarten Wolf   
                           and the project leaders:
        Mark Abraham, Berk Hess, Erik Lindahl, and David van der Spoel

Copyright (c) 1991-2000, University of Groningen, The Netherlands.
Copyright (c) 2001-2017, The GROMACS development team at
Uppsala University, Stockholm University and
the Royal Institute of Technology, Sweden.
check out http://www.gromacs.org for more information.

GROMACS is free software; you can redistribute it and/or modify it
under the terms of the GNU Lesser General Public License
as published by the Free Software Foundation; either version 2.1
of the License, or (at your option) any later version.

GROMACS:      gmx mdrun, version 2018.1
Executable:   /usr/bin/gmx
Data prefix:  /usr
Working dir:  /mnt/c/Users/garci/Dropbox (Personal)/scripts/GROMACS-1aki
Command line:
  gmx mdrun -deffnm npt

GROMACS version:    2018.1
Precision:          single
Memory model:       64 bit
MPI library:        thread_mpi
OpenMP support:     enabled (GMX_OPENMP_MAX_THREADS = 64)
GPU support:        disabled
SIMD instructions:  SSE2
FFT library:        fftw-3.3.7-sse2-avx
RDTSCP usage:       disabled
TNG support:        enabled
Hwloc support:      hwloc-1.11.6
Tracing support:    disabled
Built on:           2018-03-31 17:12:46
Built by:           buildd@debian [CMAKE]
Build OS/arch:      Linux x86_64
Build CPU vendor:   Intel
Build CPU brand:    Westmere E56xx/L56xx/X56xx (Nehalem-C)
Build CPU family:   6   Model: 44   Stepping: 1
Build CPU features: aes apic clfsh cmov cx8 cx16 intel lahf mmx msr pcid pclmuldq pdpe1gb popcnt pse rdtscp sse2 sse3 sse4.1 sse4.2 ssse3 x2apic
C compiler:         /usr/bin/cc GNU 7.3.0
C compiler flags:    -msse2   -g -O2 -fdebug-prefix-map=/build/gromacs-Fqu8ou/gromacs-2018.1=. -fstack-protector-strong -Wformat -Werror=format-security -Wdate-time -D_FORTIFY_SOURCE=2  -O3 -DNDEBUG -funroll-all-loops -fexcess-precision=fast  
C++ compiler:       /usr/bin/c++ GNU 7.3.0
C++ compiler flags:  -msse2   -g -O2 -fdebug-prefix-map=/build/gromacs-Fqu8ou/gromacs-2018.1=. -fstack-protector-strong -Wformat -Werror=format-security -Wdate-time -D_FORTIFY_SOURCE=2 -std=c++11   -O3 -DNDEBUG -funroll-all-loops -fexcess-precision=fast  


Running on 1 node with total 2 cores, 4 logical cores
Hardware detected:
  CPU info:
    Vendor: Intel
    Brand:  Intel(R) Core(TM) i7-6500U CPU @ 2.50GHz
    Family: 6   Model: 78   Stepping: 3
    Features: aes apic avx avx2 clfsh cmov cx8 cx16 f16c fma htt intel lahf mmx msr nonstop_tsc pcid pclmuldq pdcm pdpe1gb popcnt pse rdrnd rdtscp sse2 sse3 sse4.1 sse4.2 ssse3 tdt x2apic
  Hardware topology: Basic
    Sockets, cores, and logical processors:
      Socket  0: [   0   1] [   2   3]

Highest SIMD level requested by all nodes in run: AVX2_256
SIMD instructions selected at compile time:       SSE2
This program was compiled for different hardware than you are running on,
which could influence performance.
The current CPU can measure timings more accurately than the code in
gmx mdrun was configured to use. This might affect your simulation
speed as accurate timings are needed for load-balancing.
Please consider rebuilding gmx mdrun with the GMX_USE_RDTSCP=ON CMake option.

++++ PLEASE READ AND CITE THE FOLLOWING REFERENCE ++++
M. J. Abraham, T. Murtola, R. Schulz, S. Páll, J. C. Smith, B. Hess, E.
Lindahl
GROMACS: High performance molecular simulations through multi-level
parallelism from laptops to supercomputers
SoftwareX 1 (2015) pp. 19-25
-------- -------- --- Thank You --- -------- --------


++++ PLEASE READ AND CITE THE FOLLOWING REFERENCE ++++
S. Páll, M. J. Abraham, C. Kutzner, B. Hess, E. Lindahl
Tackling Exascale Software Challenges in Molecular Dynamics Simulations with
GROMACS
In S. Markidis & E. Laure (Eds.), Solving Software Challenges for Exascale 8759 (2015) pp. 3-27
-------- -------- --- Thank You --- -------- --------


++++ PLEASE READ AND CITE THE FOLLOWING REFERENCE ++++
S. Pronk, S. Páll, R. Schulz, P. Larsson, P. Bjelkmar, R. Apostolov, M. R.
Shirts, J. C. Smith, P. M. Kasson, D. van der Spoel, B. Hess, and E. Lindahl
GROMACS 4.5: a high-throughput and highly parallel open source molecular
simulation toolkit
Bioinformatics 29 (2013) pp. 845-54
-------- -------- --- Thank You --- -------- --------


++++ PLEASE READ AND CITE THE FOLLOWING REFERENCE ++++
B. Hess and C. Kutzner and D. van der Spoel and E. Lindahl
GROMACS 4: Algorithms for highly efficient, load-balanced, and scalable
molecular simulation
J. Chem. Theory Comput. 4 (2008) pp. 435-447
-------- -------- --- Thank You --- -------- --------


++++ PLEASE READ AND CITE THE FOLLOWING REFERENCE ++++
D. van der Spoel, E. Lindahl, B. Hess, G. Groenhof, A. E. Mark and H. J. C.
Berendsen
GROMACS: Fast, Flexible and Free
J. Comp. Chem. 26 (2005) pp. 1701-1719
-------- -------- --- Thank You --- -------- --------


++++ PLEASE READ AND CITE THE FOLLOWING REFERENCE ++++
E. Lindahl and B. Hess and D. van der Spoel
GROMACS 3.0: A package for molecular simulation and trajectory analysis
J. Mol. Mod. 7 (2001) pp. 306-317
-------- -------- --- Thank You --- -------- --------


++++ PLEASE READ AND CITE THE FOLLOWING REFERENCE ++++
H. J. C. Berendsen, D. van der Spoel and R. van Drunen
GROMACS: A message-passing parallel molecular dynamics implementation
Comp. Phys. Comm. 91 (1995) pp. 43-56
-------- -------- --- Thank You --- -------- --------

Input Parameters:
   integrator                     = md
   tinit                          = 0
   dt                             = 0.002
   nsteps                         = 50000
   init-step                      = 0
   simulation-part                = 1
   comm-mode                      = Linear
   nstcomm                        = 100
   bd-fric                        = 0
   ld-seed                        = 1971700350
   emtol                          = 10
   emstep                         = 0.01
   niter                          = 20
   fcstep                         = 0
   nstcgsteep                     = 1000
   nbfgscorr                      = 10
   rtpi                           = 0.05
   nstxout                        = 500
   nstvout                        = 500
   nstfout                        = 0
   nstlog                         = 500
   nstcalcenergy                  = 100
   nstenergy                      = 500
   nstxout-compressed             = 0
   compressed-x-precision         = 1000
   cutoff-scheme                  = Verlet
   nstlist                        = 10
   ns-type                        = Grid
   pbc                            = xyz
   periodic-molecules             = false
   verlet-buffer-tolerance        = 0.005
   rlist                          = 1
   coulombtype                    = PME
   coulomb-modifier               = Potential-shift
   rcoulomb-switch                = 0
   rcoulomb                       = 1
   epsilon-r                      = 1
   epsilon-rf                     = inf
   vdw-type                       = Cut-off
   vdw-modifier                   = Potential-shift
   rvdw-switch                    = 0
   rvdw                           = 1
   DispCorr                       = EnerPres
   table-extension                = 1
   fourierspacing                 = 0.16
   fourier-nx                     = 44
   fourier-ny                     = 44
   fourier-nz                     = 44
   pme-order                      = 4
   ewald-rtol                     = 1e-05
   ewald-rtol-lj                  = 0.001
   lj-pme-comb-rule               = Geometric
   ewald-geometry                 = 0
   epsilon-surface                = 0
   implicit-solvent               = No
   gb-algorithm                   = Still
   nstgbradii                     = 1
   rgbradii                       = 1
   gb-epsilon-solvent             = 80
   gb-saltconc                    = 0
   gb-obc-alpha                   = 1
   gb-obc-beta                    = 0.8
   gb-obc-gamma                   = 4.85
   gb-dielectric-offset           = 0.009
   sa-algorithm                   = Ace-approximation
   sa-surface-tension             = 2.05016
   tcoupl                         = V-rescale
   nsttcouple                     = 10
   nh-chain-length                = 0
   print-nose-hoover-chain-variables = false
   pcoupl                         = Parrinello-Rahman
   pcoupltype                     = Isotropic
   nstpcouple                     = 10
   tau-p                          = 2
   compressibility (3x3):
      compressibility[    0]={ 4.50000e-05,  0.00000e+00,  0.00000e+00}
      compressibility[    1]={ 0.00000e+00,  4.50000e-05,  0.00000e+00}
      compressibility[    2]={ 0.00000e+00,  0.00000e+00,  4.50000e-05}
   ref-p (3x3):
      ref-p[    0]={ 1.00000e+00,  0.00000e+00,  0.00000e+00}
      ref-p[    1]={ 0.00000e+00,  1.00000e+00,  0.00000e+00}
      ref-p[    2]={ 0.00000e+00,  0.00000e+00,  1.00000e+00}
   refcoord-scaling               = COM
   posres-com (3):
      posres-com[0]= 4.97611e-01
      posres-com[1]= 5.02336e-01
      posres-com[2]= 4.99423e-01
   posres-comB (3):
      posres-comB[0]= 4.97611e-01
      posres-comB[1]= 5.02336e-01
      posres-comB[2]= 4.99423e-01
   QMMM                           = false
   QMconstraints                  = 0
   QMMMscheme                     = 0
   MMChargeScaleFactor            = 1
qm-opts:
   ngQM                           = 0
   constraint-algorithm           = Lincs
   continuation                   = true
   Shake-SOR                      = false
   shake-tol                      = 0.0001
   lincs-order                    = 4
   lincs-iter                     = 1
   lincs-warnangle                = 30
   nwall                          = 0
   wall-type                      = 9-3
   wall-r-linpot                  = -1
   wall-atomtype[0]               = -1
   wall-atomtype[1]               = -1
   wall-density[0]                = 0
   wall-density[1]                = 0
   wall-ewald-zfac                = 3
   pull                           = false
   awh                            = false
   rotation                       = false
   interactiveMD                  = false
   disre                          = No
   disre-weighting                = Conservative
   disre-mixed                    = false
   dr-fc                          = 1000
   dr-tau                         = 0
   nstdisreout                    = 100
   orire-fc                       = 0
   orire-tau                      = 0
   nstorireout                    = 100
   free-energy                    = no
   cos-acceleration               = 0
   deform (3x3):
      deform[    0]={ 0.00000e+00,  0.00000e+00,  0.00000e+00}
      deform[    1]={ 0.00000e+00,  0.00000e+00,  0.00000e+00}
      deform[    2]={ 0.00000e+00,  0.00000e+00,  0.00000e+00}
   simulated-tempering            = false
   swapcoords                     = no
   userint1                       = 0
   userint2                       = 0
   userint3                       = 0
   userint4                       = 0
   userreal1                      = 0
   userreal2                      = 0
   userreal3                      = 0
   userreal4                      = 0
   applied-forces:
     electric-field:
       x:
         E0                       = 0
         omega                    = 0
         t0                       = 0
         sigma                    = 0
       y:
         E0                       = 0
         omega                    = 0
         t0                       = 0
         sigma                    = 0
       z:
         E0                       = 0
         omega                    = 0
         t0                       = 0
         sigma                    = 0
grpopts:
   nrdf:     4920.79     63837.2
   ref-t:         300         300
   tau-t:         0.1         0.1
annealing:          No          No
annealing-npoints:           0           0
   acc:	           0           0           0
   nfreeze:           N           N           N
   energygrp-flags[  0]: 0

Changing nstlist from 10 to 50, rlist from 1 to 1.115


Using 1 MPI thread
Using 4 OpenMP threads 

Pinning threads with an auto-selected logical core stride of 1
System total charge: -0.000
Will do PME sum in reciprocal space for electrostatic interactions.

++++ PLEASE READ AND CITE THE FOLLOWING REFERENCE ++++
U. Essmann, L. Perera, M. L. Berkowitz, T. Darden, H. Lee and L. G. Pedersen 
A smooth particle mesh Ewald method
J. Chem. Phys. 103 (1995) pp. 8577-8592
-------- -------- --- Thank You --- -------- --------

Using a Gaussian width (1/beta) of 0.320163 nm for Ewald
Potential shift: LJ r^-12: -1.000e+00 r^-6: -1.000e+00, Ewald -1.000e-05
Initialized non-bonded Ewald correction tables, spacing: 9.33e-04 size: 1073

Long Range LJ corr.: <C6> 3.1923e-04
Generated table with 1057 data points for Ewald.
Tabscale = 500 points/nm
Generated table with 1057 data points for LJ6.
Tabscale = 500 points/nm
Generated table with 1057 data points for LJ12.
Tabscale = 500 points/nm
Generated table with 1057 data points for 1-4 COUL.
Tabscale = 500 points/nm
Generated table with 1057 data points for 1-4 LJ6.
Tabscale = 500 points/nm
Generated table with 1057 data points for 1-4 LJ12.
Tabscale = 500 points/nm

Using SIMD 4x4 nonbonded short-range kernels

Using a dual 4x4 pair-list setup updated with dynamic pruning:
  outer list: updated every 50 steps, buffer 0.115 nm, rlist 1.115 nm
  inner list: updated every 12 steps, buffer 0.002 nm, rlist 1.002 nm
At tolerance 0.005 kJ/mol/ps per atom, equivalent classical 1x1 list would be:
  outer list: updated every 50 steps, buffer 0.243 nm, rlist 1.243 nm
  inner list: updated every 12 steps, buffer 0.047 nm, rlist 1.047 nm

Using geometric Lennard-Jones combination rule


Initializing LINear Constraint Solver

++++ PLEASE READ AND CITE THE FOLLOWING REFERENCE ++++
B. Hess and H. Bekker and H. J. C. Berendsen and J. G. E. M. Fraaije
LINCS: A Linear Constraint Solver for molecular simulations
J. Comp. Chem. 18 (1997) pp. 1463-1472
-------- -------- --- Thank You --- -------- --------

The number of constraints is 959

++++ PLEASE READ AND CITE THE FOLLOWING REFERENCE ++++
S. Miyamoto and P. A. Kollman
SETTLE: An Analytical Version of the SHAKE and RATTLE Algorithms for Rigid
Water Models
J. Comp. Chem. 13 (1992) pp. 952-962
-------- -------- --- Thank You --- -------- --------


Intra-simulation communication will occur every 10 steps.
Center of mass motion removal mode is Linear
We have the following groups for center of mass motion removal:
  0:  rest

++++ PLEASE READ AND CITE THE FOLLOWING REFERENCE ++++
G. Bussi, D. Donadio and M. Parrinello
Canonical sampling through velocity rescaling
J. Chem. Phys. 126 (2007) pp. 014101
-------- -------- --- Thank You --- -------- --------

There are: 33876 Atoms

Started mdrun on rank 0 Wed Dec  4 21:19:40 2019
           Step           Time
              0        0.00000

   Energies (kJ/mol)
           Bond          Angle    Proper Dih. Ryckaert-Bell.          LJ-14
    1.40895e+03    3.70708e+03    2.44309e+02    1.84767e+03    2.74970e+03
     Coulomb-14        LJ (SR)  Disper. corr.   Coulomb (SR)   Coul. recip.
    7.76008e+03    9.22289e+04   -4.44920e+03   -6.32639e+05    2.99302e+03
 Position Rest.      Potential    Kinetic En.   Total Energy  Conserved En.
    1.26132e-01   -5.24148e+05    8.56361e+04   -4.38512e+05   -4.38491e+05
    Temperature Pres. DC (bar) Pressure (bar)   Constr. rmsd
    2.99591e+02   -2.14729e+02   -4.15440e+02    2.80282e-06

           Step           Time
            500        1.00000

   Energies (kJ/mol)
           Bond          Angle    Proper Dih. Ryckaert-Bell.          LJ-14
    1.40889e+03    3.68188e+03    2.36328e+02    1.76836e+03    2.70437e+03
     Coulomb-14        LJ (SR)  Disper. corr.   Coulomb (SR)   Coul. recip.
    7.77832e+03    9.36963e+04   -4.55313e+03   -6.35173e+05    2.90581e+03
 Position Rest.      Potential    Kinetic En.   Total Energy  Conserved En.
    3.97566e+02   -5.25148e+05    8.54772e+04   -4.39671e+05   -4.38457e+05
    Temperature Pres. DC (bar) Pressure (bar)   Constr. rmsd
    2.99036e+02   -2.24865e+02   -8.14179e+01    2.70992e-06

           Step           Time
           1000        2.00000

   Energies (kJ/mol)
           Bond          Angle    Proper Dih. Ryckaert-Bell.          LJ-14
    1.37659e+03    3.77822e+03    2.77385e+02    1.80122e+03    2.66255e+03
     Coulomb-14        LJ (SR)  Disper. corr.   Coulomb (SR)   Coul. recip.
    7.71366e+03    9.37118e+04   -4.54389e+03   -6.34327e+05    3.02301e+03
 Position Rest.      Potential    Kinetic En.   Total Energy  Conserved En.
    4.58384e+02   -5.24068e+05    8.58052e+04   -4.38263e+05   -4.38452e+05
    Temperature Pres. DC (bar) Pressure (bar)   Constr. rmsd
    3.00183e+02   -2.23954e+02   -2.06414e+01    2.80295e-06

           Step           Time
           1500        3.00000

   Energies (kJ/mol)
           Bond          Angle    Proper Dih. Ryckaert-Bell.          LJ-14
    1.49302e+03    3.85076e+03    2.58988e+02    1.84075e+03    2.75549e+03
     Coulomb-14        LJ (SR)  Disper. corr.   Coulomb (SR)   Coul. recip.
    7.81442e+03    9.36097e+04   -4.58846e+03   -6.34799e+05    2.96044e+03
 Position Rest.      Potential    Kinetic En.   Total Energy  Conserved En.
    4.31415e+02   -5.24373e+05    8.61818e+04   -4.38191e+05   -4.38447e+05
    Temperature Pres. DC (bar) Pressure (bar)   Constr. rmsd
    3.01501e+02   -2.28364e+02    8.93924e+01    2.75919e-06

           Step           Time
           2000        4.00000

   Energies (kJ/mol)
           Bond          Angle    Proper Dih. Ryckaert-Bell.          LJ-14
    1.43823e+03    3.83976e+03    2.66847e+02    1.86977e+03    2.69053e+03
     Coulomb-14        LJ (SR)  Disper. corr.   Coulomb (SR)   Coul. recip.
    7.70767e+03    9.37328e+04   -4.55813e+03   -6.33005e+05    3.02671e+03
 Position Rest.      Potential    Kinetic En.   Total Energy  Conserved En.
    4.70870e+02   -5.22520e+05    8.54626e+04   -4.37057e+05   -4.38442e+05
    Temperature Pres. DC (bar) Pressure (bar)   Constr. rmsd
    2.98985e+02   -2.25358e+02    7.88733e+01    2.94289e-06

           Step           Time
           2500        5.00000

   Energies (kJ/mol)
           Bond          Angle    Proper Dih. Ryckaert-Bell.          LJ-14
    1.50679e+03    3.78778e+03    2.52872e+02    1.87475e+03    2.74497e+03
     Coulomb-14        LJ (SR)  Disper. corr.   Coulomb (SR)   Coul. recip.
    7.88620e+03    9.27374e+04   -4.56595e+03   -6.33371e+05    2.87297e+03
 Position Rest.      Potential    Kinetic En.   Total Energy  Conserved En.
    4.08188e+02   -5.23865e+05    8.60338e+04   -4.37831e+05   -4.38455e+05
    Temperature Pres. DC (bar) Pressure (bar)   Constr. rmsd
    3.00983e+02   -2.26131e+02   -1.66514e+02    2.99841e-06

           Step           Time
           3000        6.00000

   Energies (kJ/mol)
           Bond          Angle    Proper Dih. Ryckaert-Bell.          LJ-14
    1.45341e+03    3.77093e+03    2.37480e+02    1.74939e+03    2.66344e+03
     Coulomb-14        LJ (SR)  Disper. corr.   Coulomb (SR)   Coul. recip.
    7.71292e+03    9.50938e+04   -4.56476e+03   -6.37095e+05    2.94210e+03
 Position Rest.      Potential    Kinetic En.   Total Energy  Conserved En.
    4.90620e+02   -5.25545e+05    8.60004e+04   -4.39545e+05   -4.38434e+05
    Temperature Pres. DC (bar) Pressure (bar)   Constr. rmsd
    3.00866e+02   -2.26014e+02    1.56149e+02    3.06554e-06

           Step           Time
           3500        7.00000

   Energies (kJ/mol)
           Bond          Angle    Proper Dih. Ryckaert-Bell.          LJ-14
    1.50254e+03    3.52868e+03    2.35386e+02    1.85404e+03    2.69094e+03
     Coulomb-14        LJ (SR)  Disper. corr.   Coulomb (SR)   Coul. recip.
    7.79044e+03    9.33908e+04   -4.57399e+03   -6.34647e+05    2.92554e+03
 Position Rest.      Potential    Kinetic En.   Total Energy  Conserved En.
    4.76769e+02   -5.24826e+05    8.51818e+04   -4.39644e+05   -4.38459e+05
    Temperature Pres. DC (bar) Pressure (bar)   Constr. rmsd
    2.98002e+02   -2.26927e+02   -1.28296e+02    2.95272e-06

           Step           Time
           4000        8.00000

   Energies (kJ/mol)
           Bond          Angle    Proper Dih. Ryckaert-Bell.          LJ-14
    1.47264e+03    3.59630e+03    2.55693e+02    1.87888e+03    2.73877e+03
     Coulomb-14        LJ (SR)  Disper. corr.   Coulomb (SR)   Coul. recip.
    7.76496e+03    9.31666e+04   -4.54611e+03   -6.33729e+05    2.95587e+03
 Position Rest.      Potential    Kinetic En.   Total Energy  Conserved En.
    4.92186e+02   -5.23953e+05    8.58264e+04   -4.38127e+05   -4.38470e+05
    Temperature Pres. DC (bar) Pressure (bar)   Constr. rmsd
    3.00257e+02   -2.24173e+02   -1.63692e+02    3.09733e-06

           Step           Time
           4500        9.00000

   Energies (kJ/mol)
           Bond          Angle    Proper Dih. Ryckaert-Bell.          LJ-14
    1.46848e+03    3.55212e+03    2.26455e+02    1.86839e+03    2.67102e+03
     Coulomb-14        LJ (SR)  Disper. corr.   Coulomb (SR)   Coul. recip.
    7.73026e+03    9.37147e+04   -4.55401e+03   -6.34605e+05    2.93884e+03
 Position Rest.      Potential    Kinetic En.   Total Energy  Conserved En.
    4.69428e+02   -5.24520e+05    8.51054e+04   -4.39414e+05   -4.38442e+05
    Temperature Pres. DC (bar) Pressure (bar)   Constr. rmsd
    2.97735e+02   -2.24951e+02   -1.83430e+02    2.43331e-06

           Step           Time
           5000       10.00000

   Energies (kJ/mol)
           Bond          Angle    Proper Dih. Ryckaert-Bell.          LJ-14
    1.55905e+03    3.73659e+03    2.27905e+02    1.78267e+03    2.77032e+03
     Coulomb-14        LJ (SR)  Disper. corr.   Coulomb (SR)   Coul. recip.
    7.80138e+03    9.44678e+04   -4.55129e+03   -6.35542e+05    2.97818e+03
 Position Rest.      Potential    Kinetic En.   Total Energy  Conserved En.
    5.14294e+02   -5.24255e+05    8.62304e+04   -4.38025e+05   -4.38432e+05
    Temperature Pres. DC (bar) Pressure (bar)   Constr. rmsd
    3.01671e+02   -2.24683e+02    6.55128e+01    2.41125e-06

           Step           Time
           5500       11.00000

   Energies (kJ/mol)
           Bond          Angle    Proper Dih. Ryckaert-Bell.          LJ-14
    1.52810e+03    3.62449e+03    2.57898e+02    1.77251e+03    2.65218e+03
     Coulomb-14        LJ (SR)  Disper. corr.   Coulomb (SR)   Coul. recip.
    7.68636e+03    9.26104e+04   -4.54174e+03   -6.33385e+05    2.87055e+03
 Position Rest.      Potential    Kinetic En.   Total Energy  Conserved En.
    4.44424e+02   -5.24480e+05    8.63904e+04   -4.38089e+05   -4.38458e+05
    Temperature Pres. DC (bar) Pressure (bar)   Constr. rmsd
    3.02230e+02   -2.23742e+02   -2.64880e+02    3.17626e-06

           Step           Time
           6000       12.00000

   Energies (kJ/mol)
           Bond          Angle    Proper Dih. Ryckaert-Bell.          LJ-14
    1.42418e+03    3.83831e+03    2.40602e+02    1.74636e+03    2.69193e+03
     Coulomb-14        LJ (SR)  Disper. corr.   Coulomb (SR)   Coul. recip.
    7.84304e+03    9.42644e+04   -4.55169e+03   -6.34435e+05    2.91357e+03
 Position Rest.      Potential    Kinetic En.   Total Energy  Conserved En.
    4.62568e+02   -5.23562e+05    8.60504e+04   -4.37511e+05   -4.38462e+05
    Temperature Pres. DC (bar) Pressure (bar)   Constr. rmsd
    3.01041e+02   -2.24722e+02    1.90177e+02    2.76158e-06

           Step           Time
           6500       13.00000

   Energies (kJ/mol)
           Bond          Angle    Proper Dih. Ryckaert-Bell.          LJ-14
    1.38097e+03    3.73336e+03    2.60311e+02    1.83300e+03    2.71296e+03
     Coulomb-14        LJ (SR)  Disper. corr.   Coulomb (SR)   Coul. recip.
    7.74217e+03    9.30613e+04   -4.56707e+03   -6.32683e+05    2.93357e+03
 Position Rest.      Potential    Kinetic En.   Total Energy  Conserved En.
    4.24995e+02   -5.23168e+05    8.54410e+04   -4.37727e+05   -4.38464e+05
    Temperature Pres. DC (bar) Pressure (bar)   Constr. rmsd
    2.98909e+02   -2.26242e+02    8.32397e+01    2.79243e-06

           Step           Time
           7000       14.00000

   Energies (kJ/mol)
           Bond          Angle    Proper Dih. Ryckaert-Bell.          LJ-14
    1.49453e+03    3.72361e+03    2.26740e+02    1.83979e+03    2.66864e+03
     Coulomb-14        LJ (SR)  Disper. corr.   Coulomb (SR)   Coul. recip.
    7.79294e+03    9.27932e+04   -4.57632e+03   -6.32463e+05    2.97576e+03
 Position Rest.      Potential    Kinetic En.   Total Energy  Conserved En.
    3.96275e+02   -5.23127e+05    8.52483e+04   -4.37879e+05   -4.38453e+05
    Temperature Pres. DC (bar) Pressure (bar)   Constr. rmsd
    2.98235e+02   -2.27158e+02    9.65151e+01    3.34146e-06

           Step           Time
           7500       15.00000

   Energies (kJ/mol)
           Bond          Angle    Proper Dih. Ryckaert-Bell.          LJ-14
    1.48533e+03    3.70722e+03    2.56971e+02    1.90499e+03    2.73975e+03
     Coulomb-14        LJ (SR)  Disper. corr.   Coulomb (SR)   Coul. recip.
    7.73885e+03    9.26072e+04   -4.56221e+03   -6.32843e+05    2.90793e+03
 Position Rest.      Potential    Kinetic En.   Total Energy  Conserved En.
    4.50405e+02   -5.23607e+05    8.66892e+04   -4.36918e+05   -4.38457e+05
    Temperature Pres. DC (bar) Pressure (bar)   Constr. rmsd
    3.03276e+02   -2.25762e+02   -1.79247e+02    3.50682e-06

           Step           Time
           8000       16.00000

   Energies (kJ/mol)
           Bond          Angle    Proper Dih. Ryckaert-Bell.          LJ-14
    1.49361e+03    3.66056e+03    2.52865e+02    1.93129e+03    2.67335e+03
     Coulomb-14        LJ (SR)  Disper. corr.   Coulomb (SR)   Coul. recip.
    7.78435e+03    9.32415e+04   -4.55822e+03   -6.33035e+05    2.91209e+03
 Position Rest.      Potential    Kinetic En.   Total Energy  Conserved En.
    4.68297e+02   -5.23176e+05    8.53976e+04   -4.37778e+05   -4.38442e+05
    Temperature Pres. DC (bar) Pressure (bar)   Constr. rmsd
    2.98757e+02   -2.25367e+02    4.83557e+00    2.84958e-06

           Step           Time
           8500       17.00000

   Energies (kJ/mol)
           Bond          Angle    Proper Dih. Ryckaert-Bell.          LJ-14
    1.37477e+03    3.66994e+03    2.34256e+02    1.72135e+03    2.71309e+03
     Coulomb-14        LJ (SR)  Disper. corr.   Coulomb (SR)   Coul. recip.
    7.74835e+03    9.46069e+04   -4.55525e+03   -6.35160e+05    2.95831e+03
 Position Rest.      Potential    Kinetic En.   Total Energy  Conserved En.
    5.17474e+02   -5.24170e+05    8.53151e+04   -4.38855e+05   -4.38449e+05
    Temperature Pres. DC (bar) Pressure (bar)   Constr. rmsd
    2.98469e+02   -2.25074e+02    2.52445e+02    3.13792e-06

           Step           Time
           9000       18.00000

   Energies (kJ/mol)
           Bond          Angle    Proper Dih. Ryckaert-Bell.          LJ-14
    1.41238e+03    3.67377e+03    2.34546e+02    1.80437e+03    2.64138e+03
     Coulomb-14        LJ (SR)  Disper. corr.   Coulomb (SR)   Coul. recip.
    7.57971e+03    9.35021e+04   -4.55452e+03   -6.34538e+05    2.99105e+03
 Position Rest.      Potential    Kinetic En.   Total Energy  Conserved En.
    4.80802e+02   -5.24773e+05    8.53833e+04   -4.39389e+05   -4.38436e+05
    Temperature Pres. DC (bar) Pressure (bar)   Constr. rmsd
    2.98707e+02   -2.25002e+02    9.72990e+01    2.92124e-06

           Step           Time
           9500       19.00000

   Energies (kJ/mol)
           Bond          Angle    Proper Dih. Ryckaert-Bell.          LJ-14
    1.33745e+03    3.78088e+03    2.65964e+02    1.89573e+03    2.69387e+03
     Coulomb-14        LJ (SR)  Disper. corr.   Coulomb (SR)   Coul. recip.
    7.65805e+03    9.31182e+04   -4.54138e+03   -6.33510e+05    2.90971e+03
 Position Rest.      Potential    Kinetic En.   Total Energy  Conserved En.
    4.69282e+02   -5.23922e+05    8.55535e+04   -4.38369e+05   -4.38448e+05
    Temperature Pres. DC (bar) Pressure (bar)   Constr. rmsd
    2.99302e+02   -2.23707e+02    2.25885e+01    2.74067e-06

           Step           Time
          10000       20.00000

   Energies (kJ/mol)
           Bond          Angle    Proper Dih. Ryckaert-Bell.          LJ-14
    1.34430e+03    3.74745e+03    2.39658e+02    1.78190e+03    2.67746e+03
     Coulomb-14        LJ (SR)  Disper. corr.   Coulomb (SR)   Coul. recip.
    7.81493e+03    9.36892e+04   -4.56291e+03   -6.35552e+05    2.83649e+03
 Position Rest.      Potential    Kinetic En.   Total Energy  Conserved En.
    4.83196e+02   -5.25501e+05    8.61331e+04   -4.39368e+05   -4.38477e+05
    Temperature Pres. DC (bar) Pressure (bar)   Constr. rmsd
    3.01330e+02   -2.25830e+02   -4.21845e+01    2.58828e-06

           Step           Time
          10500       21.00000

   Energies (kJ/mol)
           Bond          Angle    Proper Dih. Ryckaert-Bell.          LJ-14
    1.51777e+03    3.63491e+03    2.79653e+02    1.86930e+03    2.69428e+03
     Coulomb-14        LJ (SR)  Disper. corr.   Coulomb (SR)   Coul. recip.
    7.80278e+03    9.29876e+04   -4.55209e+03   -6.35043e+05    2.91947e+03
 Position Rest.      Potential    Kinetic En.   Total Energy  Conserved En.
    4.66754e+02   -5.25422e+05    8.59781e+04   -4.39444e+05   -4.38430e+05
    Temperature Pres. DC (bar) Pressure (bar)   Constr. rmsd
    3.00788e+02   -2.24762e+02   -2.33116e+02    2.75063e-06

           Step           Time
          11000       22.00000

   Energies (kJ/mol)
           Bond          Angle    Proper Dih. Ryckaert-Bell.          LJ-14
    1.41154e+03    3.74252e+03    2.53035e+02    1.74261e+03    2.67895e+03
     Coulomb-14        LJ (SR)  Disper. corr.   Coulomb (SR)   Coul. recip.
    7.70156e+03    9.46003e+04   -4.56779e+03   -6.35916e+05    2.86527e+03
 Position Rest.      Potential    Kinetic En.   Total Energy  Conserved En.
    4.65876e+02   -5.25022e+05    8.57717e+04   -4.39250e+05   -4.38460e+05
    Temperature Pres. DC (bar) Pressure (bar)   Constr. rmsd
    3.00066e+02   -2.26313e+02    2.57720e+02    2.71567e-06

           Step           Time
          11500       23.00000

   Energies (kJ/mol)
           Bond          Angle    Proper Dih. Ryckaert-Bell.          LJ-14
    1.56925e+03    3.84427e+03    2.43330e+02    1.71805e+03    2.67632e+03
     Coulomb-14        LJ (SR)  Disper. corr.   Coulomb (SR)   Coul. recip.
    7.73588e+03    9.42435e+04   -4.55570e+03   -6.35286e+05    2.91837e+03
 Position Rest.      Potential    Kinetic En.   Total Energy  Conserved En.
    4.87123e+02   -5.24406e+05    8.52205e+04   -4.39186e+05   -4.38427e+05
    Temperature Pres. DC (bar) Pressure (bar)   Constr. rmsd
    2.98138e+02   -2.25118e+02    4.44615e+01    2.92487e-06

           Step           Time
          12000       24.00000

   Energies (kJ/mol)
           Bond          Angle    Proper Dih. Ryckaert-Bell.          LJ-14
    1.40880e+03    3.69368e+03    2.58028e+02    1.83144e+03    2.70720e+03
     Coulomb-14        LJ (SR)  Disper. corr.   Coulomb (SR)   Coul. recip.
    7.75937e+03    9.41589e+04   -4.57858e+03   -6.35836e+05    2.94722e+03
 Position Rest.      Potential    Kinetic En.   Total Energy  Conserved En.
    4.65475e+02   -5.25184e+05    8.67463e+04   -4.38438e+05   -4.38460e+05
    Temperature Pres. DC (bar) Pressure (bar)   Constr. rmsd
    3.03475e+02   -2.27383e+02    2.51403e+02    3.60089e-06

           Step           Time
          12500       25.00000

   Energies (kJ/mol)
           Bond          Angle    Proper Dih. Ryckaert-Bell.          LJ-14
    1.49521e+03    3.80466e+03    2.16247e+02    1.76118e+03    2.71872e+03
     Coulomb-14        LJ (SR)  Disper. corr.   Coulomb (SR)   Coul. recip.
    7.79435e+03    9.28835e+04   -4.54208e+03   -6.33193e+05    3.01751e+03
 Position Rest.      Potential    Kinetic En.   Total Energy  Conserved En.
    4.97553e+02   -5.23546e+05    8.56686e+04   -4.37877e+05   -4.38445e+05
    Temperature Pres. DC (bar) Pressure (bar)   Constr. rmsd
    2.99705e+02   -2.23775e+02   -6.32942e+01    2.75593e-06

           Step           Time
          13000       26.00000

   Energies (kJ/mol)
           Bond          Angle    Proper Dih. Ryckaert-Bell.          LJ-14
    1.48721e+03    3.96649e+03    2.96654e+02    1.76425e+03    2.62392e+03
     Coulomb-14        LJ (SR)  Disper. corr.   Coulomb (SR)   Coul. recip.
    7.77022e+03    9.26892e+04   -4.58519e+03   -6.33657e+05    3.03314e+03
 Position Rest.      Potential    Kinetic En.   Total Energy  Conserved En.
    4.91316e+02   -5.24120e+05    8.66113e+04   -4.37509e+05   -4.38430e+05
    Temperature Pres. DC (bar) Pressure (bar)   Constr. rmsd
    3.03003e+02   -2.28039e+02   -7.91967e+01    2.78750e-06

           Step           Time
          13500       27.00000

   Energies (kJ/mol)
           Bond          Angle    Proper Dih. Ryckaert-Bell.          LJ-14
    1.42277e+03    3.72524e+03    2.65774e+02    1.76629e+03    2.69784e+03
     Coulomb-14        LJ (SR)  Disper. corr.   Coulomb (SR)   Coul. recip.
    7.82753e+03    9.36430e+04   -4.55320e+03   -6.33916e+05    2.97983e+03
 Position Rest.      Potential    Kinetic En.   Total Energy  Conserved En.
    5.12135e+02   -5.23629e+05    8.57248e+04   -4.37904e+05   -4.38448e+05
    Temperature Pres. DC (bar) Pressure (bar)   Constr. rmsd
    2.99902e+02   -2.24872e+02    9.52139e+01    2.45287e-06

           Step           Time
          14000       28.00000

   Energies (kJ/mol)
           Bond          Angle    Proper Dih. Ryckaert-Bell.          LJ-14
    1.48090e+03    3.72169e+03    2.42740e+02    1.80592e+03    2.67274e+03
     Coulomb-14        LJ (SR)  Disper. corr.   Coulomb (SR)   Coul. recip.
    7.72218e+03    9.31811e+04   -4.55989e+03   -6.33490e+05    2.92919e+03
 Position Rest.      Potential    Kinetic En.   Total Energy  Conserved En.
    4.52018e+02   -5.23841e+05    8.52345e+04   -4.38607e+05   -4.38434e+05
    Temperature Pres. DC (bar) Pressure (bar)   Constr. rmsd
    2.98187e+02   -2.25532e+02   -3.81177e+00    2.65644e-06

           Step           Time
          14500       29.00000

   Energies (kJ/mol)
           Bond          Angle    Proper Dih. Ryckaert-Bell.          LJ-14
    1.46189e+03    3.61942e+03    2.50296e+02    1.81929e+03    2.61069e+03
     Coulomb-14        LJ (SR)  Disper. corr.   Coulomb (SR)   Coul. recip.
    7.68699e+03    9.40946e+04   -4.56762e+03   -6.34562e+05    2.93473e+03
 Position Rest.      Potential    Kinetic En.   Total Energy  Conserved En.
    4.61104e+02   -5.24190e+05    8.48376e+04   -4.39353e+05   -4.38438e+05
    Temperature Pres. DC (bar) Pressure (bar)   Constr. rmsd
    2.96798e+02   -2.26297e+02    4.68596e+01    2.73982e-06

           Step           Time
          15000       30.00000

   Energies (kJ/mol)
           Bond          Angle    Proper Dih. Ryckaert-Bell.          LJ-14
    1.51892e+03    3.70576e+03    2.30601e+02    1.75363e+03    2.69438e+03
     Coulomb-14        LJ (SR)  Disper. corr.   Coulomb (SR)   Coul. recip.
    7.79764e+03    9.31861e+04   -4.56760e+03   -6.33673e+05    2.95020e+03
 Position Rest.      Potential    Kinetic En.   Total Energy  Conserved En.
    4.72462e+02   -5.23931e+05    8.44464e+04   -4.39485e+05   -4.38430e+05
    Temperature Pres. DC (bar) Pressure (bar)   Constr. rmsd
    2.95430e+02   -2.26295e+02    3.03267e+01    2.64673e-06

           Step           Time
          15500       31.00000

   Energies (kJ/mol)
           Bond          Angle    Proper Dih. Ryckaert-Bell.          LJ-14
    1.39377e+03    3.78074e+03    2.52477e+02    1.84314e+03    2.64600e+03
     Coulomb-14        LJ (SR)  Disper. corr.   Coulomb (SR)   Coul. recip.
    7.80679e+03    9.40302e+04   -4.56179e+03   -6.34531e+05    2.96622e+03
 Position Rest.      Potential    Kinetic En.   Total Energy  Conserved En.
    4.68110e+02   -5.23905e+05    8.64454e+04   -4.37460e+05   -4.38452e+05
    Temperature Pres. DC (bar) Pressure (bar)   Constr. rmsd
    3.02423e+02   -2.25720e+02    1.12117e+02    3.10954e-06

           Step           Time
          16000       32.00000

   Energies (kJ/mol)
           Bond          Angle    Proper Dih. Ryckaert-Bell.          LJ-14
    1.42224e+03    3.72754e+03    2.73339e+02    1.76435e+03    2.68109e+03
     Coulomb-14        LJ (SR)  Disper. corr.   Coulomb (SR)   Coul. recip.
    7.72186e+03    9.38381e+04   -4.56601e+03   -6.34601e+05    2.92090e+03
 Position Rest.      Potential    Kinetic En.   Total Energy  Conserved En.
    4.33268e+02   -5.24384e+05    8.54518e+04   -4.38933e+05   -4.38439e+05
    Temperature Pres. DC (bar) Pressure (bar)   Constr. rmsd
    2.98947e+02   -2.26137e+02    9.37135e+00    2.95711e-06

           Step           Time
          16500       33.00000

   Energies (kJ/mol)
           Bond          Angle    Proper Dih. Ryckaert-Bell.          LJ-14
    1.40394e+03    3.85537e+03    2.34638e+02    1.87001e+03    2.67965e+03
     Coulomb-14        LJ (SR)  Disper. corr.   Coulomb (SR)   Coul. recip.
    7.76584e+03    9.24105e+04   -4.55207e+03   -6.32026e+05    2.90658e+03
 Position Rest.      Potential    Kinetic En.   Total Energy  Conserved En.
    5.13745e+02   -5.22937e+05    8.60891e+04   -4.36848e+05   -4.38444e+05
    Temperature Pres. DC (bar) Pressure (bar)   Constr. rmsd
    3.01176e+02   -2.24760e+02   -5.81991e+01    3.45983e-06

           Step           Time
          17000       34.00000

   Energies (kJ/mol)
           Bond          Angle    Proper Dih. Ryckaert-Bell.          LJ-14
    1.37757e+03    3.85128e+03    2.47165e+02    1.83705e+03    2.60793e+03
     Coulomb-14        LJ (SR)  Disper. corr.   Coulomb (SR)   Coul. recip.
    7.75768e+03    9.35592e+04   -4.55880e+03   -6.34371e+05    2.96719e+03
 Position Rest.      Potential    Kinetic En.   Total Energy  Conserved En.
    4.78590e+02   -5.24246e+05    8.58030e+04   -4.38443e+05   -4.38445e+05
    Temperature Pres. DC (bar) Pressure (bar)   Constr. rmsd
    3.00175e+02   -2.25425e+02   -7.63165e+01    2.82098e-06

           Step           Time
          17500       35.00000

   Energies (kJ/mol)
           Bond          Angle    Proper Dih. Ryckaert-Bell.          LJ-14
    1.52126e+03    3.71334e+03    2.56889e+02    1.91515e+03    2.59072e+03
     Coulomb-14        LJ (SR)  Disper. corr.   Coulomb (SR)   Coul. recip.
    7.61230e+03    9.41535e+04   -4.58425e+03   -6.35762e+05    2.94786e+03
 Position Rest.      Potential    Kinetic En.   Total Energy  Conserved En.
    5.29846e+02   -5.25105e+05    8.56846e+04   -4.39421e+05   -4.38431e+05
    Temperature Pres. DC (bar) Pressure (bar)   Constr. rmsd
    2.99761e+02   -2.27945e+02   -5.65101e+01    2.71865e-06

           Step           Time
          18000       36.00000

   Energies (kJ/mol)
           Bond          Angle    Proper Dih. Ryckaert-Bell.          LJ-14
    1.56095e+03    3.79560e+03    2.27564e+02    1.86750e+03    2.66866e+03
     Coulomb-14        LJ (SR)  Disper. corr.   Coulomb (SR)   Coul. recip.
    7.69955e+03    9.36812e+04   -4.57090e+03   -6.34415e+05    2.98346e+03
 Position Rest.      Potential    Kinetic En.   Total Energy  Conserved En.
    4.97723e+02   -5.24004e+05    8.51697e+04   -4.38834e+05   -4.38449e+05
    Temperature Pres. DC (bar) Pressure (bar)   Constr. rmsd
    2.97960e+02   -2.26621e+02   -4.60906e+01    2.86002e-06

           Step           Time
          18500       37.00000

   Energies (kJ/mol)
           Bond          Angle    Proper Dih. Ryckaert-Bell.          LJ-14
    1.41148e+03    3.84062e+03    2.47586e+02    1.81062e+03    2.64200e+03
     Coulomb-14        LJ (SR)  Disper. corr.   Coulomb (SR)   Coul. recip.
    7.75475e+03    9.33731e+04   -4.56303e+03   -6.35302e+05    2.88033e+03
 Position Rest.      Potential    Kinetic En.   Total Energy  Conserved En.
    4.79819e+02   -5.25425e+05    8.61321e+04   -4.39292e+05   -4.38439e+05
    Temperature Pres. DC (bar) Pressure (bar)   Constr. rmsd
    3.01327e+02   -2.25842e+02   -1.13115e+02    2.89111e-06

           Step           Time
          19000       38.00000

   Energies (kJ/mol)
           Bond          Angle    Proper Dih. Ryckaert-Bell.          LJ-14
    1.42788e+03    3.60277e+03    2.43400e+02    1.76433e+03    2.70035e+03
     Coulomb-14        LJ (SR)  Disper. corr.   Coulomb (SR)   Coul. recip.
    7.74733e+03    9.26341e+04   -4.54341e+03   -6.34538e+05    2.89766e+03
 Position Rest.      Potential    Kinetic En.   Total Energy  Conserved En.
    4.57896e+02   -5.25605e+05    8.50196e+04   -4.40586e+05   -4.38449e+05
    Temperature Pres. DC (bar) Pressure (bar)   Constr. rmsd
    2.97435e+02   -2.23907e+02   -2.66980e+02    2.76257e-06

           Step           Time
          19500       39.00000

   Energies (kJ/mol)
           Bond          Angle    Proper Dih. Ryckaert-Bell.          LJ-14
    1.50960e+03    3.67604e+03    2.48571e+02    1.81322e+03    2.68074e+03
     Coulomb-14        LJ (SR)  Disper. corr.   Coulomb (SR)   Coul. recip.
    7.72232e+03    9.44651e+04   -4.55354e+03   -6.36494e+05    2.95004e+03
 Position Rest.      Potential    Kinetic En.   Total Energy  Conserved En.
    5.15573e+02   -5.25466e+05    8.56029e+04   -4.39863e+05   -4.38446e+05
    Temperature Pres. DC (bar) Pressure (bar)   Constr. rmsd
    2.99475e+02   -2.24905e+02    3.75542e+01    2.79704e-06

           Step           Time
          20000       40.00000

   Energies (kJ/mol)
           Bond          Angle    Proper Dih. Ryckaert-Bell.          LJ-14
    1.44627e+03    3.71831e+03    2.68148e+02    1.83213e+03    2.71049e+03
     Coulomb-14        LJ (SR)  Disper. corr.   Coulomb (SR)   Coul. recip.
    7.76021e+03    9.29903e+04   -4.55866e+03   -6.34021e+05    3.00017e+03
 Position Rest.      Potential    Kinetic En.   Total Energy  Conserved En.
    4.46884e+02   -5.24406e+05    8.58012e+04   -4.38605e+05   -4.38439e+05
    Temperature Pres. DC (bar) Pressure (bar)   Constr. rmsd
    3.00169e+02   -2.25411e+02   -1.93956e+01    3.02925e-06

Writing checkpoint, step 20100 at Wed Dec  4 21:34:41 2019


           Step           Time
          20500       41.00000

   Energies (kJ/mol)
           Bond          Angle    Proper Dih. Ryckaert-Bell.          LJ-14
    1.53024e+03    3.74502e+03    2.46194e+02    1.87477e+03    2.71830e+03
     Coulomb-14        LJ (SR)  Disper. corr.   Coulomb (SR)   Coul. recip.
    7.72299e+03    9.31108e+04   -4.58052e+03   -6.33843e+05    2.93990e+03
 Position Rest.      Potential    Kinetic En.   Total Energy  Conserved En.
    4.48974e+02   -5.24087e+05    8.54795e+04   -4.38607e+05   -4.38416e+05
    Temperature Pres. DC (bar) Pressure (bar)   Constr. rmsd
    2.99044e+02   -2.27575e+02   -5.66315e-01    3.19088e-06

           Step           Time
          21000       42.00000

   Energies (kJ/mol)
           Bond          Angle    Proper Dih. Ryckaert-Bell.          LJ-14
    1.47151e+03    3.72457e+03    2.61577e+02    1.89904e+03    2.64517e+03
     Coulomb-14        LJ (SR)  Disper. corr.   Coulomb (SR)   Coul. recip.
    7.71359e+03    9.33795e+04   -4.57113e+03   -6.34735e+05    2.86301e+03
 Position Rest.      Potential    Kinetic En.   Total Energy  Conserved En.
    4.50883e+02   -5.24897e+05    8.60096e+04   -4.38888e+05   -4.38432e+05
    Temperature Pres. DC (bar) Pressure (bar)   Constr. rmsd
    3.00898e+02   -2.26644e+02   -4.85249e+01    2.72740e-06

           Step           Time
          21500       43.00000

   Energies (kJ/mol)
           Bond          Angle    Proper Dih. Ryckaert-Bell.          LJ-14
    1.47323e+03    3.77190e+03    2.43060e+02    1.88206e+03    2.71344e+03
     Coulomb-14        LJ (SR)  Disper. corr.   Coulomb (SR)   Coul. recip.
    7.74343e+03    9.34136e+04   -4.56011e+03   -6.34529e+05    2.88844e+03
 Position Rest.      Potential    Kinetic En.   Total Energy  Conserved En.
    4.36243e+02   -5.24523e+05    8.56371e+04   -4.38886e+05   -4.38414e+05
    Temperature Pres. DC (bar) Pressure (bar)   Constr. rmsd
    2.99595e+02   -2.25554e+02    1.14119e+02    2.64029e-06

           Step           Time
          22000       44.00000

   Energies (kJ/mol)
           Bond          Angle    Proper Dih. Ryckaert-Bell.          LJ-14
    1.44595e+03    3.64665e+03    2.33333e+02    1.79938e+03    2.66884e+03
     Coulomb-14        LJ (SR)  Disper. corr.   Coulomb (SR)   Coul. recip.
    7.65766e+03    9.53552e+04   -4.56403e+03   -6.37826e+05    2.93190e+03
 Position Rest.      Potential    Kinetic En.   Total Energy  Conserved En.
    5.00532e+02   -5.26150e+05    8.55141e+04   -4.40636e+05   -4.38434e+05
    Temperature Pres. DC (bar) Pressure (bar)   Constr. rmsd
    2.99165e+02   -2.25942e+02    2.34389e+02    2.76323e-06

           Step           Time
          22500       45.00000

   Energies (kJ/mol)
           Bond          Angle    Proper Dih. Ryckaert-Bell.          LJ-14
    1.54209e+03    3.66921e+03    2.64195e+02    1.86888e+03    2.65342e+03
     Coulomb-14        LJ (SR)  Disper. corr.   Coulomb (SR)   Coul. recip.
    7.73693e+03    9.42402e+04   -4.57990e+03   -6.36490e+05    2.91319e+03
 Position Rest.      Potential    Kinetic En.   Total Energy  Conserved En.
    4.68381e+02   -5.25714e+05    8.62442e+04   -4.39469e+05   -4.38430e+05
    Temperature Pres. DC (bar) Pressure (bar)   Constr. rmsd
    3.01719e+02   -2.27514e+02    4.30888e+01    2.58313e-06

           Step           Time
          23000       46.00000

   Energies (kJ/mol)
           Bond          Angle    Proper Dih. Ryckaert-Bell.          LJ-14
    1.53497e+03    3.82119e+03    2.33894e+02    1.85435e+03    2.74720e+03
     Coulomb-14        LJ (SR)  Disper. corr.   Coulomb (SR)   Coul. recip.
    7.79031e+03    9.31823e+04   -4.56193e+03   -6.34123e+05    2.94405e+03
 Position Rest.      Potential    Kinetic En.   Total Energy  Conserved En.
    4.20859e+02   -5.24156e+05    8.57868e+04   -4.38369e+05   -4.38443e+05
    Temperature Pres. DC (bar) Pressure (bar)   Constr. rmsd
    3.00119e+02   -2.25734e+02   -7.44817e+01    3.01426e-06

           Step           Time
          23500       47.00000

   Energies (kJ/mol)
           Bond          Angle    Proper Dih. Ryckaert-Bell.          LJ-14
    1.49244e+03    3.80240e+03    2.20388e+02    1.74581e+03    2.64639e+03
     Coulomb-14        LJ (SR)  Disper. corr.   Coulomb (SR)   Coul. recip.
    7.74115e+03    9.36868e+04   -4.57914e+03   -6.35306e+05    2.89874e+03
 Position Rest.      Potential    Kinetic En.   Total Energy  Conserved En.
    4.57923e+02   -5.25193e+05    8.61749e+04   -4.39018e+05   -4.38448e+05
    Temperature Pres. DC (bar) Pressure (bar)   Constr. rmsd
    3.01476e+02   -2.27438e+02    5.96080e+01    2.99206e-06

           Step           Time
          24000       48.00000

   Energies (kJ/mol)
           Bond          Angle    Proper Dih. Ryckaert-Bell.          LJ-14
    1.51189e+03    3.84292e+03    2.41748e+02    1.75397e+03    2.68310e+03
     Coulomb-14        LJ (SR)  Disper. corr.   Coulomb (SR)   Coul. recip.
    7.71824e+03    9.39164e+04   -4.57701e+03   -6.35013e+05    2.98443e+03
 Position Rest.      Potential    Kinetic En.   Total Energy  Conserved En.
    4.77781e+02   -5.24460e+05    8.53024e+04   -4.39158e+05   -4.38420e+05
    Temperature Pres. DC (bar) Pressure (bar)   Constr. rmsd
    2.98424e+02   -2.27227e+02    1.61479e+02    2.81120e-06

           Step           Time
          24500       49.00000

   Energies (kJ/mol)
           Bond          Angle    Proper Dih. Ryckaert-Bell.          LJ-14
    1.46361e+03    3.72746e+03    2.50062e+02    1.78747e+03    2.72893e+03
     Coulomb-14        LJ (SR)  Disper. corr.   Coulomb (SR)   Coul. recip.
    7.73114e+03    9.35045e+04   -4.56813e+03   -6.34843e+05    2.95541e+03
 Position Rest.      Potential    Kinetic En.   Total Energy  Conserved En.
    4.67946e+02   -5.24795e+05    8.50365e+04   -4.39758e+05   -4.38429e+05
    Temperature Pres. DC (bar) Pressure (bar)   Constr. rmsd
    2.97494e+02   -2.26347e+02    2.03454e+01    2.94620e-06

           Step           Time
          25000       50.00000

   Energies (kJ/mol)
           Bond          Angle    Proper Dih. Ryckaert-Bell.          LJ-14
    1.51085e+03    3.82838e+03    2.64206e+02    1.76423e+03    2.66855e+03
     Coulomb-14        LJ (SR)  Disper. corr.   Coulomb (SR)   Coul. recip.
    7.79180e+03    9.37593e+04   -4.56367e+03   -6.35262e+05    2.95761e+03
 Position Rest.      Potential    Kinetic En.   Total Energy  Conserved En.
    4.23896e+02   -5.24857e+05    8.56353e+04   -4.39222e+05   -4.38420e+05
    Temperature Pres. DC (bar) Pressure (bar)   Constr. rmsd
    2.99589e+02   -2.25905e+02   -2.06111e+01    3.15738e-06

           Step           Time
          25500       51.00000

   Energies (kJ/mol)
           Bond          Angle    Proper Dih. Ryckaert-Bell.          LJ-14
    1.45117e+03    3.60850e+03    2.42679e+02    1.85602e+03    2.61966e+03
     Coulomb-14        LJ (SR)  Disper. corr.   Coulomb (SR)   Coul. recip.
    7.75307e+03    9.40685e+04   -4.58570e+03   -6.35667e+05    3.01758e+03
 Position Rest.      Potential    Kinetic En.   Total Energy  Conserved En.
    4.82618e+02   -5.25153e+05    8.57917e+04   -4.39361e+05   -4.38455e+05
    Temperature Pres. DC (bar) Pressure (bar)   Constr. rmsd
    3.00136e+02   -2.28090e+02    6.68229e+01    3.01034e-06

           Step           Time
          26000       52.00000

   Energies (kJ/mol)
           Bond          Angle    Proper Dih. Ryckaert-Bell.          LJ-14
    1.41346e+03    3.69589e+03    2.59696e+02    1.99065e+03    2.72364e+03
     Coulomb-14        LJ (SR)  Disper. corr.   Coulomb (SR)   Coul. recip.
    7.78707e+03    9.36975e+04   -4.55722e+03   -6.34714e+05    2.88682e+03
 Position Rest.      Potential    Kinetic En.   Total Energy  Conserved En.
    4.35256e+02   -5.24381e+05    8.59835e+04   -4.38398e+05   -4.38436e+05
    Temperature Pres. DC (bar) Pressure (bar)   Constr. rmsd
    3.00807e+02   -2.25268e+02    4.73385e+01    2.88342e-06

           Step           Time
          26500       53.00000

   Energies (kJ/mol)
           Bond          Angle    Proper Dih. Ryckaert-Bell.          LJ-14
    1.57397e+03    3.81004e+03    2.59477e+02    1.77623e+03    2.68456e+03
     Coulomb-14        LJ (SR)  Disper. corr.   Coulomb (SR)   Coul. recip.
    7.71943e+03    9.29572e+04   -4.58912e+03   -6.33222e+05    2.94320e+03
 Position Rest.      Potential    Kinetic En.   Total Energy  Conserved En.
    5.21400e+02   -5.23566e+05    8.67330e+04   -4.36833e+05   -4.38422e+05
    Temperature Pres. DC (bar) Pressure (bar)   Constr. rmsd
    3.03429e+02   -2.28429e+02    6.82965e+01    2.75720e-06

           Step           Time
          27000       54.00000

   Energies (kJ/mol)
           Bond          Angle    Proper Dih. Ryckaert-Bell.          LJ-14
    1.43876e+03    3.76148e+03    2.41239e+02    1.85064e+03    2.74598e+03
     Coulomb-14        LJ (SR)  Disper. corr.   Coulomb (SR)   Coul. recip.
    7.83867e+03    9.46843e+04   -4.57519e+03   -6.36259e+05    2.94346e+03
 Position Rest.      Potential    Kinetic En.   Total Energy  Conserved En.
    4.57352e+02   -5.24872e+05    8.59151e+04   -4.38957e+05   -4.38417e+05
    Temperature Pres. DC (bar) Pressure (bar)   Constr. rmsd
    3.00567e+02   -2.27046e+02    2.48055e+02    2.94396e-06

           Step           Time
          27500       55.00000

   Energies (kJ/mol)
           Bond          Angle    Proper Dih. Ryckaert-Bell.          LJ-14
    1.47843e+03    3.81120e+03    2.71133e+02    1.89387e+03    2.74539e+03
     Coulomb-14        LJ (SR)  Disper. corr.   Coulomb (SR)   Coul. recip.
    7.79126e+03    9.18124e+04   -4.56651e+03   -6.31819e+05    2.90423e+03
 Position Rest.      Potential    Kinetic En.   Total Energy  Conserved En.
    4.76815e+02   -5.23201e+05    8.54314e+04   -4.37769e+05   -4.38411e+05
    Temperature Pres. DC (bar) Pressure (bar)   Constr. rmsd
    2.98876e+02   -2.26186e+02   -2.25515e+02    2.83389e-06

           Step           Time
          28000       56.00000

   Energies (kJ/mol)
           Bond          Angle    Proper Dih. Ryckaert-Bell.          LJ-14
    1.46708e+03    3.63697e+03    2.39083e+02    1.83671e+03    2.66796e+03
     Coulomb-14        LJ (SR)  Disper. corr.   Coulomb (SR)   Coul. recip.
    7.72769e+03    9.36640e+04   -4.56496e+03   -6.35741e+05    2.94616e+03
 Position Rest.      Potential    Kinetic En.   Total Energy  Conserved En.
    4.45741e+02   -5.25675e+05    8.59574e+04   -4.39718e+05   -4.38410e+05
    Temperature Pres. DC (bar) Pressure (bar)   Constr. rmsd
    3.00716e+02   -2.26033e+02   -8.60041e+01    2.86920e-06

           Step           Time
          28500       57.00000

   Energies (kJ/mol)
           Bond          Angle    Proper Dih. Ryckaert-Bell.          LJ-14
    1.42752e+03    3.67686e+03    2.23047e+02    1.78988e+03    2.72198e+03
     Coulomb-14        LJ (SR)  Disper. corr.   Coulomb (SR)   Coul. recip.
    7.85882e+03    9.24468e+04   -4.55694e+03   -6.33219e+05    2.94626e+03
 Position Rest.      Potential    Kinetic En.   Total Energy  Conserved En.
    4.56925e+02   -5.24228e+05    8.63155e+04   -4.37912e+05   -4.38433e+05
    Temperature Pres. DC (bar) Pressure (bar)   Constr. rmsd
    3.01968e+02   -2.25240e+02   -1.06266e+02    3.13065e-06

           Step           Time
          29000       58.00000

   Energies (kJ/mol)
           Bond          Angle    Proper Dih. Ryckaert-Bell.          LJ-14
    1.39692e+03    3.83867e+03    2.74850e+02    1.95351e+03    2.71627e+03
     Coulomb-14        LJ (SR)  Disper. corr.   Coulomb (SR)   Coul. recip.
    7.74649e+03    9.32546e+04   -4.56890e+03   -6.33770e+05    2.89681e+03
 Position Rest.      Potential    Kinetic En.   Total Energy  Conserved En.
    4.56867e+02   -5.23803e+05    8.69170e+04   -4.36886e+05   -4.38419e+05
    Temperature Pres. DC (bar) Pressure (bar)   Constr. rmsd
    3.04073e+02   -2.26423e+02    1.35200e+02    2.99094e-06

           Step           Time
          29500       59.00000

   Energies (kJ/mol)
           Bond          Angle    Proper Dih. Ryckaert-Bell.          LJ-14
    1.39809e+03    3.83980e+03    2.41679e+02    1.78512e+03    2.66514e+03
     Coulomb-14        LJ (SR)  Disper. corr.   Coulomb (SR)   Coul. recip.
    7.77869e+03    9.39579e+04   -4.56394e+03   -6.35053e+05    2.91013e+03
 Position Rest.      Potential    Kinetic En.   Total Energy  Conserved En.
    4.67219e+02   -5.24573e+05    8.48784e+04   -4.39695e+05   -4.38400e+05
    Temperature Pres. DC (bar) Pressure (bar)   Constr. rmsd
    2.96941e+02   -2.25932e+02   -6.23939e+01    2.82893e-06

           Step           Time
          30000       60.00000

   Energies (kJ/mol)
           Bond          Angle    Proper Dih. Ryckaert-Bell.          LJ-14
    1.49124e+03    3.83744e+03    2.20974e+02    1.90202e+03    2.68343e+03
     Coulomb-14        LJ (SR)  Disper. corr.   Coulomb (SR)   Coul. recip.
    7.71009e+03    9.21668e+04   -4.55268e+03   -6.32844e+05    2.87284e+03
 Position Rest.      Potential    Kinetic En.   Total Energy  Conserved En.
    4.62095e+02   -5.24050e+05    8.59627e+04   -4.38087e+05   -4.38406e+05
    Temperature Pres. DC (bar) Pressure (bar)   Constr. rmsd
    3.00734e+02   -2.24820e+02   -2.68442e+02    2.68549e-06

           Step           Time
          30500       61.00000

   Energies (kJ/mol)
           Bond          Angle    Proper Dih. Ryckaert-Bell.          LJ-14
    1.39944e+03    3.73651e+03    2.81551e+02    1.89444e+03    2.74753e+03
     Coulomb-14        LJ (SR)  Disper. corr.   Coulomb (SR)   Coul. recip.
    7.77798e+03    9.32056e+04   -4.55320e+03   -6.33834e+05    2.91275e+03
 Position Rest.      Potential    Kinetic En.   Total Energy  Conserved En.
    5.04808e+02   -5.23927e+05    8.59094e+04   -4.38018e+05   -4.38420e+05
    Temperature Pres. DC (bar) Pressure (bar)   Constr. rmsd
    3.00548e+02   -2.24872e+02   -1.13105e+02    2.73431e-06

           Step           Time
          31000       62.00000

   Energies (kJ/mol)
           Bond          Angle    Proper Dih. Ryckaert-Bell.          LJ-14
    1.54668e+03    3.55815e+03    2.28100e+02    1.76065e+03    2.61410e+03
     Coulomb-14        LJ (SR)  Disper. corr.   Coulomb (SR)   Coul. recip.
    7.73423e+03    9.43644e+04   -4.56790e+03   -6.35098e+05    3.02540e+03
 Position Rest.      Potential    Kinetic En.   Total Energy  Conserved En.
    4.94789e+02   -5.24339e+05    8.53422e+04   -4.38997e+05   -4.38395e+05
    Temperature Pres. DC (bar) Pressure (bar)   Constr. rmsd
    2.98563e+02   -2.26324e+02    6.46886e+01    3.03333e-06

           Step           Time
          31500       63.00000

   Energies (kJ/mol)
           Bond          Angle    Proper Dih. Ryckaert-Bell.          LJ-14
    1.47372e+03    3.69111e+03    2.92573e+02    1.88164e+03    2.69789e+03
     Coulomb-14        LJ (SR)  Disper. corr.   Coulomb (SR)   Coul. recip.
    7.71202e+03    9.28367e+04   -4.56474e+03   -6.33622e+05    3.00634e+03
 Position Rest.      Potential    Kinetic En.   Total Energy  Conserved En.
    4.31806e+02   -5.24163e+05    8.56409e+04   -4.38522e+05   -4.38394e+05
    Temperature Pres. DC (bar) Pressure (bar)   Constr. rmsd
    2.99608e+02   -2.26012e+02   -4.21560e+01    2.85059e-06

           Step           Time
          32000       64.00000

   Energies (kJ/mol)
           Bond          Angle    Proper Dih. Ryckaert-Bell.          LJ-14
    1.42128e+03    3.71364e+03    2.60231e+02    1.81671e+03    2.64731e+03
     Coulomb-14        LJ (SR)  Disper. corr.   Coulomb (SR)   Coul. recip.
    7.73184e+03    9.40354e+04   -4.56320e+03   -6.35726e+05    2.85404e+03
 Position Rest.      Potential    Kinetic En.   Total Energy  Conserved En.
    4.70721e+02   -5.25338e+05    8.56697e+04   -4.39668e+05   -4.38408e+05
    Temperature Pres. DC (bar) Pressure (bar)   Constr. rmsd
    2.99709e+02   -2.25859e+02   -3.24986e+01    2.81036e-06

           Step           Time
          32500       65.00000

   Energies (kJ/mol)
           Bond          Angle    Proper Dih. Ryckaert-Bell.          LJ-14
    1.42299e+03    3.50382e+03    2.46524e+02    1.89821e+03    2.70385e+03
     Coulomb-14        LJ (SR)  Disper. corr.   Coulomb (SR)   Coul. recip.
    7.74881e+03    9.48843e+04   -4.58177e+03   -6.37456e+05    2.91096e+03
 Position Rest.      Potential    Kinetic En.   Total Energy  Conserved En.
    4.53049e+02   -5.26266e+05    8.47652e+04   -4.41501e+05   -4.38405e+05
    Temperature Pres. DC (bar) Pressure (bar)   Constr. rmsd
    2.96545e+02   -2.27699e+02    1.87768e+02    2.53960e-06

           Step           Time
          33000       66.00000

   Energies (kJ/mol)
           Bond          Angle    Proper Dih. Ryckaert-Bell.          LJ-14
    1.34522e+03    3.74311e+03    2.35686e+02    1.88051e+03    2.73573e+03
     Coulomb-14        LJ (SR)  Disper. corr.   Coulomb (SR)   Coul. recip.
    7.79799e+03    9.14492e+04   -4.54683e+03   -6.32257e+05    2.83789e+03
 Position Rest.      Potential    Kinetic En.   Total Energy  Conserved En.
    4.62412e+02   -5.24316e+05    8.61677e+04   -4.38148e+05   -4.38429e+05
    Temperature Pres. DC (bar) Pressure (bar)   Constr. rmsd
    3.01451e+02   -2.24243e+02   -2.38779e+02    2.96147e-06

           Step           Time
          33500       67.00000

   Energies (kJ/mol)
           Bond          Angle    Proper Dih. Ryckaert-Bell.          LJ-14
    1.53128e+03    3.78944e+03    2.82254e+02    1.86419e+03    2.65778e+03
     Coulomb-14        LJ (SR)  Disper. corr.   Coulomb (SR)   Coul. recip.
    7.88002e+03    9.38312e+04   -4.55554e+03   -6.34138e+05    2.96237e+03
 Position Rest.      Potential    Kinetic En.   Total Energy  Conserved En.
    4.58031e+02   -5.23437e+05    8.60380e+04   -4.37399e+05   -4.38402e+05
    Temperature Pres. DC (bar) Pressure (bar)   Constr. rmsd
    3.00997e+02   -2.25103e+02   -1.15159e+01    2.99028e-06

           Step           Time
          34000       68.00000

   Energies (kJ/mol)
           Bond          Angle    Proper Dih. Ryckaert-Bell.          LJ-14
    1.44334e+03    3.76472e+03    2.17646e+02    1.84121e+03    2.72483e+03
     Coulomb-14        LJ (SR)  Disper. corr.   Coulomb (SR)   Coul. recip.
    7.72213e+03    9.36763e+04   -4.55743e+03   -6.34668e+05    2.89768e+03
 Position Rest.      Potential    Kinetic En.   Total Energy  Conserved En.
    5.49828e+02   -5.24387e+05    8.60236e+04   -4.38364e+05   -4.38410e+05
    Temperature Pres. DC (bar) Pressure (bar)   Constr. rmsd
    3.00947e+02   -2.25289e+02   -5.64067e+01    2.64762e-06

           Step           Time
          34500       69.00000

   Energies (kJ/mol)
           Bond          Angle    Proper Dih. Ryckaert-Bell.          LJ-14
    1.40261e+03    3.53071e+03    2.38250e+02    1.88297e+03    2.73314e+03
     Coulomb-14        LJ (SR)  Disper. corr.   Coulomb (SR)   Coul. recip.
    7.77857e+03    9.43572e+04   -4.55761e+03   -6.36682e+05    2.87568e+03
 Position Rest.      Potential    Kinetic En.   Total Energy  Conserved En.
    5.67517e+02   -5.25873e+05    8.59017e+04   -4.39971e+05   -4.38402e+05
    Temperature Pres. DC (bar) Pressure (bar)   Constr. rmsd
    3.00521e+02   -2.25307e+02    7.76306e-01    2.81203e-06

           Step           Time
          35000       70.00000

   Energies (kJ/mol)
           Bond          Angle    Proper Dih. Ryckaert-Bell.          LJ-14
    1.52547e+03    3.64311e+03    2.37033e+02    1.81356e+03    2.73520e+03
     Coulomb-14        LJ (SR)  Disper. corr.   Coulomb (SR)   Coul. recip.
    7.84988e+03    9.32644e+04   -4.54366e+03   -6.33570e+05    2.94691e+03
 Position Rest.      Potential    Kinetic En.   Total Energy  Conserved En.
    5.39189e+02   -5.23559e+05    8.60889e+04   -4.37470e+05   -4.38417e+05
    Temperature Pres. DC (bar) Pressure (bar)   Constr. rmsd
    3.01175e+02   -2.23931e+02   -8.95796e+01    2.88518e-06

           Step           Time
          35500       71.00000

   Energies (kJ/mol)
           Bond          Angle    Proper Dih. Ryckaert-Bell.          LJ-14
    1.47944e+03    3.88023e+03    2.61535e+02    1.82225e+03    2.60888e+03
     Coulomb-14        LJ (SR)  Disper. corr.   Coulomb (SR)   Coul. recip.
    7.61041e+03    9.33319e+04   -4.56429e+03   -6.34678e+05    2.91131e+03
 Position Rest.      Potential    Kinetic En.   Total Energy  Conserved En.
    5.04265e+02   -5.24833e+05    8.56336e+04   -4.39199e+05   -4.38386e+05
    Temperature Pres. DC (bar) Pressure (bar)   Constr. rmsd
    2.99583e+02   -2.25967e+02   -1.85751e+02    2.79359e-06

Writing checkpoint, step 35950 at Wed Dec  4 21:49:52 2019


           Step           Time
          36000       72.00000

   Energies (kJ/mol)
           Bond          Angle    Proper Dih. Ryckaert-Bell.          LJ-14
    1.52139e+03    3.73385e+03    2.63867e+02    1.83700e+03    2.68769e+03
     Coulomb-14        LJ (SR)  Disper. corr.   Coulomb (SR)   Coul. recip.
    7.77987e+03    9.56702e+04   -4.57252e+03   -6.38338e+05    2.91742e+03
 Position Rest.      Potential    Kinetic En.   Total Energy  Conserved En.
    4.53353e+02   -5.26046e+05    8.58004e+04   -4.40245e+05   -4.38385e+05
    Temperature Pres. DC (bar) Pressure (bar)   Constr. rmsd
    3.00166e+02   -2.26781e+02    1.46368e+02    2.86557e-06

           Step           Time
          36500       73.00000

   Energies (kJ/mol)
           Bond          Angle    Proper Dih. Ryckaert-Bell.          LJ-14
    1.37646e+03    3.68057e+03    2.87882e+02    1.84885e+03    2.77405e+03
     Coulomb-14        LJ (SR)  Disper. corr.   Coulomb (SR)   Coul. recip.
    7.84364e+03    9.43235e+04   -4.54860e+03   -6.35873e+05    3.02136e+03
 Position Rest.      Potential    Kinetic En.   Total Energy  Conserved En.
    4.55798e+02   -5.24809e+05    8.52309e+04   -4.39578e+05   -4.38402e+05
    Temperature Pres. DC (bar) Pressure (bar)   Constr. rmsd
    2.98174e+02   -2.24418e+02    1.59530e+02    2.69226e-06

           Step           Time
          37000       74.00000

   Energies (kJ/mol)
           Bond          Angle    Proper Dih. Ryckaert-Bell.          LJ-14
    1.51767e+03    3.73771e+03    2.40720e+02    1.77930e+03    2.70316e+03
     Coulomb-14        LJ (SR)  Disper. corr.   Coulomb (SR)   Coul. recip.
    7.78906e+03    9.27368e+04   -4.55838e+03   -6.33540e+05    2.92283e+03
 Position Rest.      Potential    Kinetic En.   Total Energy  Conserved En.
    4.78776e+02   -5.24192e+05    8.59981e+04   -4.38194e+05   -4.38403e+05
    Temperature Pres. DC (bar) Pressure (bar)   Constr. rmsd
    3.00858e+02   -2.25383e+02   -2.28594e+02    2.65577e-06

           Step           Time
          37500       75.00000

   Energies (kJ/mol)
           Bond          Angle    Proper Dih. Ryckaert-Bell.          LJ-14
    1.44739e+03    3.73434e+03    2.55526e+02    1.89024e+03    2.67436e+03
     Coulomb-14        LJ (SR)  Disper. corr.   Coulomb (SR)   Coul. recip.
    7.80273e+03    9.40515e+04   -4.56155e+03   -6.35008e+05    2.92738e+03
 Position Rest.      Potential    Kinetic En.   Total Energy  Conserved En.
    4.79086e+02   -5.24307e+05    8.58051e+04   -4.38502e+05   -4.38402e+05
    Temperature Pres. DC (bar) Pressure (bar)   Constr. rmsd
    3.00183e+02   -2.25696e+02    6.20965e+01    2.55939e-06

           Step           Time
          38000       76.00000

   Energies (kJ/mol)
           Bond          Angle    Proper Dih. Ryckaert-Bell.          LJ-14
    1.51536e+03    3.60991e+03    2.72964e+02    1.82017e+03    2.71073e+03
     Coulomb-14        LJ (SR)  Disper. corr.   Coulomb (SR)   Coul. recip.
    7.80547e+03    9.40517e+04   -4.55403e+03   -6.35590e+05    2.88821e+03
 Position Rest.      Potential    Kinetic En.   Total Energy  Conserved En.
    4.79528e+02   -5.24990e+05    8.60973e+04   -4.38893e+05   -4.38413e+05
    Temperature Pres. DC (bar) Pressure (bar)   Constr. rmsd
    3.01205e+02   -2.24954e+02    2.58828e+01    2.91257e-06

           Step           Time
          38500       77.00000

   Energies (kJ/mol)
           Bond          Angle    Proper Dih. Ryckaert-Bell.          LJ-14
    1.44304e+03    3.69894e+03    2.38618e+02    1.80574e+03    2.65264e+03
     Coulomb-14        LJ (SR)  Disper. corr.   Coulomb (SR)   Coul. recip.
    7.71321e+03    9.38986e+04   -4.56575e+03   -6.35807e+05    2.94648e+03
 Position Rest.      Potential    Kinetic En.   Total Energy  Conserved En.
    4.71942e+02   -5.25504e+05    8.63780e+04   -4.39126e+05   -4.38435e+05
    Temperature Pres. DC (bar) Pressure (bar)   Constr. rmsd
    3.02187e+02   -2.26112e+02    2.54857e+01    2.81213e-06

           Step           Time
          39000       78.00000

   Energies (kJ/mol)
           Bond          Angle    Proper Dih. Ryckaert-Bell.          LJ-14
    1.28763e+03    3.76031e+03    2.44513e+02    1.82204e+03    2.75090e+03
     Coulomb-14        LJ (SR)  Disper. corr.   Coulomb (SR)   Coul. recip.
    7.83238e+03    9.32354e+04   -4.54278e+03   -6.33186e+05    2.84701e+03
 Position Rest.      Potential    Kinetic En.   Total Energy  Conserved En.
    4.91875e+02   -5.23457e+05    8.56757e+04   -4.37781e+05   -4.38413e+05
    Temperature Pres. DC (bar) Pressure (bar)   Constr. rmsd
    2.99730e+02   -2.23844e+02    6.65071e+01    2.51698e-06

           Step           Time
          39500       79.00000

   Energies (kJ/mol)
           Bond          Angle    Proper Dih. Ryckaert-Bell.          LJ-14
    1.43899e+03    3.67256e+03    2.68275e+02    1.77000e+03    2.72442e+03
     Coulomb-14        LJ (SR)  Disper. corr.   Coulomb (SR)   Coul. recip.
    7.82787e+03    9.36568e+04   -4.55138e+03   -6.35103e+05    3.04346e+03
 Position Rest.      Potential    Kinetic En.   Total Energy  Conserved En.
    4.64294e+02   -5.24788e+05    8.58043e+04   -4.38984e+05   -4.38398e+05
    Temperature Pres. DC (bar) Pressure (bar)   Constr. rmsd
    3.00180e+02   -2.24692e+02   -1.14577e+01    2.75237e-06

           Step           Time
          40000       80.00000

   Energies (kJ/mol)
           Bond          Angle    Proper Dih. Ryckaert-Bell.          LJ-14
    1.46173e+03    3.72879e+03    2.33765e+02    1.78218e+03    2.66980e+03
     Coulomb-14        LJ (SR)  Disper. corr.   Coulomb (SR)   Coul. recip.
    7.79802e+03    9.30499e+04   -4.55497e+03   -6.33752e+05    3.03490e+03
 Position Rest.      Potential    Kinetic En.   Total Energy  Conserved En.
    4.59922e+02   -5.24088e+05    8.58758e+04   -4.38212e+05   -4.38395e+05
    Temperature Pres. DC (bar) Pressure (bar)   Constr. rmsd
    3.00430e+02   -2.25046e+02   -1.42403e+02    2.68606e-06

           Step           Time
          40500       81.00000

   Energies (kJ/mol)
           Bond          Angle    Proper Dih. Ryckaert-Bell.          LJ-14
    1.39310e+03    3.70308e+03    2.73476e+02    1.86659e+03    2.74560e+03
     Coulomb-14        LJ (SR)  Disper. corr.   Coulomb (SR)   Coul. recip.
    7.73320e+03    9.36705e+04   -4.55800e+03   -6.34958e+05    2.87308e+03
 Position Rest.      Potential    Kinetic En.   Total Energy  Conserved En.
    4.75265e+02   -5.24782e+05    8.60986e+04   -4.38683e+05   -4.38408e+05
    Temperature Pres. DC (bar) Pressure (bar)   Constr. rmsd
    3.01209e+02   -2.25345e+02    9.63810e+01    2.70969e-06

           Step           Time
          41000       82.00000

   Energies (kJ/mol)
           Bond          Angle    Proper Dih. Ryckaert-Bell.          LJ-14
    1.37880e+03    3.85459e+03    2.35100e+02    1.87212e+03    2.70092e+03
     Coulomb-14        LJ (SR)  Disper. corr.   Coulomb (SR)   Coul. recip.
    7.64116e+03    9.40914e+04   -4.56074e+03   -6.34980e+05    2.85962e+03
 Position Rest.      Potential    Kinetic En.   Total Energy  Conserved En.
    4.89852e+02   -5.24418e+05    8.63768e+04   -4.38041e+05   -4.38398e+05
    Temperature Pres. DC (bar) Pressure (bar)   Constr. rmsd
    3.02183e+02   -2.25616e+02    1.73022e+02    2.86081e-06

           Step           Time
          41500       83.00000

   Energies (kJ/mol)
           Bond          Angle    Proper Dih. Ryckaert-Bell.          LJ-14
    1.58747e+03    3.68215e+03    2.63624e+02    1.91333e+03    2.69828e+03
     Coulomb-14        LJ (SR)  Disper. corr.   Coulomb (SR)   Coul. recip.
    7.75382e+03    9.35196e+04   -4.55554e+03   -6.34687e+05    3.05023e+03
 Position Rest.      Potential    Kinetic En.   Total Energy  Conserved En.
    4.62085e+02   -5.24312e+05    8.63621e+04   -4.37950e+05   -4.38393e+05
    Temperature Pres. DC (bar) Pressure (bar)   Constr. rmsd
    3.02131e+02   -2.25102e+02    1.07374e+02    2.59801e-06

           Step           Time
          42000       84.00000

   Energies (kJ/mol)
           Bond          Angle    Proper Dih. Ryckaert-Bell.          LJ-14
    1.51835e+03    3.60052e+03    2.20770e+02    1.87074e+03    2.67944e+03
     Coulomb-14        LJ (SR)  Disper. corr.   Coulomb (SR)   Coul. recip.
    7.71723e+03    9.39971e+04   -4.56423e+03   -6.35667e+05    2.97874e+03
 Position Rest.      Potential    Kinetic En.   Total Energy  Conserved En.
    4.43325e+02   -5.25205e+05    8.44551e+04   -4.40750e+05   -4.38391e+05
    Temperature Pres. DC (bar) Pressure (bar)   Constr. rmsd
    2.95460e+02   -2.25961e+02   -4.56419e+01    3.04081e-06

           Step           Time
          42500       85.00000

   Energies (kJ/mol)
           Bond          Angle    Proper Dih. Ryckaert-Bell.          LJ-14
    1.49755e+03    3.64526e+03    2.44525e+02    1.82509e+03    2.69469e+03
     Coulomb-14        LJ (SR)  Disper. corr.   Coulomb (SR)   Coul. recip.
    7.81799e+03    9.40030e+04   -4.56241e+03   -6.34562e+05    2.85892e+03
 Position Rest.      Potential    Kinetic En.   Total Energy  Conserved En.
    4.74206e+02   -5.24063e+05    8.61076e+04   -4.37955e+05   -4.38412e+05
    Temperature Pres. DC (bar) Pressure (bar)   Constr. rmsd
    3.01241e+02   -2.25781e+02    1.33410e+02    3.01222e-06

           Step           Time
          43000       86.00000

   Energies (kJ/mol)
           Bond          Angle    Proper Dih. Ryckaert-Bell.          LJ-14
    1.38892e+03    3.74388e+03    2.56869e+02    1.86104e+03    2.69217e+03
     Coulomb-14        LJ (SR)  Disper. corr.   Coulomb (SR)   Coul. recip.
    7.78235e+03    9.35820e+04   -4.56373e+03   -6.35255e+05    2.87030e+03
 Position Rest.      Potential    Kinetic En.   Total Energy  Conserved En.
    4.88632e+02   -5.25153e+05    8.51384e+04   -4.40014e+05   -4.38401e+05
    Temperature Pres. DC (bar) Pressure (bar)   Constr. rmsd
    2.97850e+02   -2.25911e+02   -1.93986e+01    2.71212e-06

           Step           Time
          43500       87.00000

   Energies (kJ/mol)
           Bond          Angle    Proper Dih. Ryckaert-Bell.          LJ-14
    1.48346e+03    3.72550e+03    2.37406e+02    1.77766e+03    2.74571e+03
     Coulomb-14        LJ (SR)  Disper. corr.   Coulomb (SR)   Coul. recip.
    7.79197e+03    9.35637e+04   -4.58187e+03   -6.34899e+05    2.96142e+03
 Position Rest.      Potential    Kinetic En.   Total Energy  Conserved En.
    4.62496e+02   -5.24732e+05    8.55057e+04   -4.39226e+05   -4.38408e+05
    Temperature Pres. DC (bar) Pressure (bar)   Constr. rmsd
    2.99135e+02   -2.27709e+02    1.99511e+02    3.39366e-06

           Step           Time
          44000       88.00000

   Energies (kJ/mol)
           Bond          Angle    Proper Dih. Ryckaert-Bell.          LJ-14
    1.55273e+03    3.64836e+03    2.75368e+02    1.88939e+03    2.74451e+03
     Coulomb-14        LJ (SR)  Disper. corr.   Coulomb (SR)   Coul. recip.
    7.80269e+03    9.30883e+04   -4.56607e+03   -6.34342e+05    2.93248e+03
 Position Rest.      Potential    Kinetic En.   Total Energy  Conserved En.
    5.00849e+02   -5.24473e+05    8.61808e+04   -4.38293e+05   -4.38396e+05
    Temperature Pres. DC (bar) Pressure (bar)   Constr. rmsd
    3.01497e+02   -2.26143e+02   -2.28332e+01    3.17976e-06

           Step           Time
          44500       89.00000

   Energies (kJ/mol)
           Bond          Angle    Proper Dih. Ryckaert-Bell.          LJ-14
    1.41211e+03    3.82555e+03    2.93448e+02    1.79983e+03    2.73951e+03
     Coulomb-14        LJ (SR)  Disper. corr.   Coulomb (SR)   Coul. recip.
    7.73208e+03    9.34650e+04   -4.56109e+03   -6.34115e+05    2.91735e+03
 Position Rest.      Potential    Kinetic En.   Total Energy  Conserved En.
    5.17553e+02   -5.23974e+05    8.57730e+04   -4.38201e+05   -4.38398e+05
    Temperature Pres. DC (bar) Pressure (bar)   Constr. rmsd
    3.00071e+02   -2.25650e+02   -1.96099e+01    2.89213e-06

           Step           Time
          45000       90.00000

   Energies (kJ/mol)
           Bond          Angle    Proper Dih. Ryckaert-Bell.          LJ-14
    1.63300e+03    3.82687e+03    2.56005e+02    1.86609e+03    2.66993e+03
     Coulomb-14        LJ (SR)  Disper. corr.   Coulomb (SR)   Coul. recip.
    7.74923e+03    9.33622e+04   -4.56540e+03   -6.33988e+05    2.91140e+03
 Position Rest.      Potential    Kinetic En.   Total Energy  Conserved En.
    4.45552e+02   -5.23833e+05    8.62521e+04   -4.37581e+05   -4.38395e+05
    Temperature Pres. DC (bar) Pressure (bar)   Constr. rmsd
    3.01746e+02   -2.26077e+02    2.91149e+01    2.84268e-06

           Step           Time
          45500       91.00000

   Energies (kJ/mol)
           Bond          Angle    Proper Dih. Ryckaert-Bell.          LJ-14
    1.49074e+03    3.68971e+03    2.26068e+02    1.82816e+03    2.67263e+03
     Coulomb-14        LJ (SR)  Disper. corr.   Coulomb (SR)   Coul. recip.
    7.74197e+03    9.38225e+04   -4.56485e+03   -6.34638e+05    2.99313e+03
 Position Rest.      Potential    Kinetic En.   Total Energy  Conserved En.
    4.78336e+02   -5.24259e+05    8.58483e+04   -4.38411e+05   -4.38393e+05
    Temperature Pres. DC (bar) Pressure (bar)   Constr. rmsd
    3.00334e+02   -2.26023e+02   -2.19236e+01    2.95382e-06

           Step           Time
          46000       92.00000

   Energies (kJ/mol)
           Bond          Angle    Proper Dih. Ryckaert-Bell.          LJ-14
    1.62302e+03    3.81817e+03    2.68811e+02    1.85371e+03    2.62133e+03
     Coulomb-14        LJ (SR)  Disper. corr.   Coulomb (SR)   Coul. recip.
    7.72580e+03    9.42737e+04   -4.56528e+03   -6.34617e+05    2.87011e+03
 Position Rest.      Potential    Kinetic En.   Total Energy  Conserved En.
    4.85645e+02   -5.23642e+05    8.64353e+04   -4.37207e+05   -4.38407e+05
    Temperature Pres. DC (bar) Pressure (bar)   Constr. rmsd
    3.02387e+02   -2.26065e+02    5.63714e+01    2.92385e-06

           Step           Time
          46500       93.00000

   Energies (kJ/mol)
           Bond          Angle    Proper Dih. Ryckaert-Bell.          LJ-14
    1.46629e+03    3.53431e+03    2.51421e+02    1.91199e+03    2.68625e+03
     Coulomb-14        LJ (SR)  Disper. corr.   Coulomb (SR)   Coul. recip.
    7.74613e+03    9.33790e+04   -4.55753e+03   -6.34423e+05    2.96868e+03
 Position Rest.      Potential    Kinetic En.   Total Energy  Conserved En.
    4.88381e+02   -5.24548e+05    8.55754e+04   -4.38973e+05   -4.38411e+05
    Temperature Pres. DC (bar) Pressure (bar)   Constr. rmsd
    2.99379e+02   -2.25299e+02   -1.07624e+02    2.63888e-06

           Step           Time
          47000       94.00000

   Energies (kJ/mol)
           Bond          Angle    Proper Dih. Ryckaert-Bell.          LJ-14
    1.44930e+03    3.67141e+03    2.28615e+02    1.87588e+03    2.75044e+03
     Coulomb-14        LJ (SR)  Disper. corr.   Coulomb (SR)   Coul. recip.
    7.78491e+03    9.37061e+04   -4.56251e+03   -6.34391e+05    2.98456e+03
 Position Rest.      Potential    Kinetic En.   Total Energy  Conserved En.
    4.62119e+02   -5.24040e+05    8.64604e+04   -4.37580e+05   -4.38404e+05
    Temperature Pres. DC (bar) Pressure (bar)   Constr. rmsd
    3.02475e+02   -2.25791e+02    9.67190e+01    2.69805e-06

           Step           Time
          47500       95.00000

   Energies (kJ/mol)
           Bond          Angle    Proper Dih. Ryckaert-Bell.          LJ-14
    1.49761e+03    3.90112e+03    2.34173e+02    1.82335e+03    2.68219e+03
     Coulomb-14        LJ (SR)  Disper. corr.   Coulomb (SR)   Coul. recip.
    7.76620e+03    9.36993e+04   -4.56430e+03   -6.35013e+05    2.90566e+03
 Position Rest.      Potential    Kinetic En.   Total Energy  Conserved En.
    4.93645e+02   -5.24574e+05    8.59521e+04   -4.38622e+05   -4.38387e+05
    Temperature Pres. DC (bar) Pressure (bar)   Constr. rmsd
    3.00697e+02   -2.25968e+02   -1.53687e+01    2.75934e-06

           Step           Time
          48000       96.00000

   Energies (kJ/mol)
           Bond          Angle    Proper Dih. Ryckaert-Bell.          LJ-14
    1.45228e+03    3.80375e+03    2.19479e+02    1.76281e+03    2.67876e+03
     Coulomb-14        LJ (SR)  Disper. corr.   Coulomb (SR)   Coul. recip.
    7.68463e+03    9.36296e+04   -4.56188e+03   -6.34576e+05    2.92879e+03
 Position Rest.      Potential    Kinetic En.   Total Energy  Conserved En.
    5.50645e+02   -5.24427e+05    8.63179e+04   -4.38109e+05   -4.38401e+05
    Temperature Pres. DC (bar) Pressure (bar)   Constr. rmsd
    3.01977e+02   -2.25728e+02   -1.96573e+01    3.08901e-06

           Step           Time
          48500       97.00000

   Energies (kJ/mol)
           Bond          Angle    Proper Dih. Ryckaert-Bell.          LJ-14
    1.34865e+03    3.66375e+03    2.66323e+02    1.69796e+03    2.68163e+03
     Coulomb-14        LJ (SR)  Disper. corr.   Coulomb (SR)   Coul. recip.
    7.74652e+03    9.38330e+04   -4.56406e+03   -6.35969e+05    2.93093e+03
 Position Rest.      Potential    Kinetic En.   Total Energy  Conserved En.
    5.24418e+02   -5.25840e+05    8.54186e+04   -4.40421e+05   -4.38406e+05
    Temperature Pres. DC (bar) Pressure (bar)   Constr. rmsd
    2.98830e+02   -2.25944e+02   -4.18436e+01    2.55784e-06

           Step           Time
          49000       98.00000

   Energies (kJ/mol)
           Bond          Angle    Proper Dih. Ryckaert-Bell.          LJ-14
    1.43276e+03    3.82529e+03    2.46766e+02    1.91025e+03    2.65158e+03
     Coulomb-14        LJ (SR)  Disper. corr.   Coulomb (SR)   Coul. recip.
    7.75802e+03    9.29683e+04   -4.56165e+03   -6.33762e+05    2.93323e+03
 Position Rest.      Potential    Kinetic En.   Total Energy  Conserved En.
    5.23757e+02   -5.24074e+05    8.57077e+04   -4.38366e+05   -4.38395e+05
    Temperature Pres. DC (bar) Pressure (bar)   Constr. rmsd
    2.99842e+02   -2.25706e+02   -1.05112e+02    2.90327e-06

           Step           Time
          49500       99.00000

   Energies (kJ/mol)
           Bond          Angle    Proper Dih. Ryckaert-Bell.          LJ-14
    1.52498e+03    3.87196e+03    2.67413e+02    1.89910e+03    2.68214e+03
     Coulomb-14        LJ (SR)  Disper. corr.   Coulomb (SR)   Coul. recip.
    7.76194e+03    9.24120e+04   -4.57175e+03   -6.31952e+05    2.91198e+03
 Position Rest.      Potential    Kinetic En.   Total Energy  Conserved En.
    5.16898e+02   -5.22675e+05    8.51700e+04   -4.37505e+05   -4.38392e+05
    Temperature Pres. DC (bar) Pressure (bar)   Constr. rmsd
    2.97961e+02   -2.26705e+02   -5.19237e+01    2.71548e-06

           Step           Time
          50000      100.00000

Writing checkpoint, step 50000 at Wed Dec  4 22:03:56 2019


   Energies (kJ/mol)
           Bond          Angle    Proper Dih. Ryckaert-Bell.          LJ-14
    1.46346e+03    3.65058e+03    2.79435e+02    1.82614e+03    2.62153e+03
     Coulomb-14        LJ (SR)  Disper. corr.   Coulomb (SR)   Coul. recip.
    7.67736e+03    9.43266e+04   -4.57351e+03   -6.33880e+05    2.95258e+03
 Position Rest.      Potential    Kinetic En.   Total Energy  Conserved En.
    4.70968e+02   -5.23184e+05    8.60158e+04   -4.37168e+05   -4.38414e+05
    Temperature Pres. DC (bar) Pressure (bar)   Constr. rmsd
    3.00920e+02   -2.26880e+02    1.33504e+02    2.84947e-06

	<======  ###############  ==>
	<====  A V E R A G E S  ====>
	<==  ###############  ======>

	Statistics over 50001 steps using 501 frames

   Energies (kJ/mol)
           Bond          Angle    Proper Dih. Ryckaert-Bell.          LJ-14
    1.45644e+03    3.72421e+03    2.51046e+02    1.83142e+03    2.68564e+03
     Coulomb-14        LJ (SR)  Disper. corr.   Coulomb (SR)   Coul. recip.
    7.74492e+03    9.35639e+04   -4.56177e+03   -6.34557e+05    2.93636e+03
 Position Rest.      Potential    Kinetic En.   Total Energy  Conserved En.
    4.75127e+02   -5.24450e+05    8.57783e+04   -4.38672e+05   -4.38426e+05
    Temperature Pres. DC (bar) Pressure (bar)   Constr. rmsd
    3.00089e+02   -2.25720e+02   -1.99481e+00    0.00000e+00

          Box-X          Box-Y          Box-Z
    6.95202e+00    6.95202e+00    6.95202e+00

   Total Virial (kJ/mol)
    2.87042e+04    5.88268e+01   -1.04319e+02
    5.89179e+01    2.84481e+04    1.62935e+02
   -1.04456e+02    1.62615e+02    2.86915e+04

   Pressure (bar)
   -8.60924e+00   -6.71009e+00    1.26216e+01
   -6.71909e+00    1.29300e+01   -1.66767e+01
    1.26350e+01   -1.66451e+01   -1.03052e+01

      T-Protein  T-non-Protein
    3.00376e+02    3.00067e+02


	M E G A - F L O P S   A C C O U N T I N G

 NB=Group-cutoff nonbonded kernels    NxN=N-by-N cluster Verlet kernels
 RF=Reaction-Field  VdW=Van der Waals  QSTab=quadratic-spline table
 W3=SPC/TIP3p  W4=TIP4p (single or pairs)
 V&F=Potential and force  V=Potential only  F=Force only

 Computing:                               M-Number         M-Flops  % Flops
-----------------------------------------------------------------------------
 Pair Search distance check           11616.395794      104547.562     0.3
 NxN QSTab Elec. + LJ [F]            451618.920320    18516375.733    52.7
 NxN QSTab Elec. + LJ [V&F]            4570.797488      269677.052     0.8
 NxN QSTab Elec. [F]                 399824.757040    13594041.739    38.7
 NxN QSTab Elec. [V&F]                 4046.579344      165909.753     0.5
 1,4 nonbonded interactions             255.305106       22977.460     0.1
 Calc Weights                          5081.501628      182934.059     0.5
 Spread Q Bspline                    108405.368064      216810.736     0.6
 Gather F Bspline                    108405.368064      650432.208     1.9
 3D-FFT                              139519.590336     1116156.723     3.2
 Solve PME                               96.801936        6195.324     0.0
 Shift-X                                 33.909876         203.459     0.0
 Bonds                                   51.251025        3023.810     0.0
 Angles                                 177.353547       29795.396     0.1
 Propers                                 21.300426        4877.798     0.0
 RB-Dihedrals                           197.503950       48783.476     0.1
 Pos. Restr.                             50.051001        2502.550     0.0
 Virial                                 169.638921        3053.501     0.0
 Stop-CM                                 16.971876         169.719     0.0
 Calc-Ekin                              338.827752        9148.349     0.0
 Lincs                                   47.950959        2877.058     0.0
 Lincs-Mat                              238.804776         955.219     0.0
 Constraint-V                          1691.333826       13530.671     0.0
 Constraint-Vir                         164.367867        3944.829     0.0
 Settle                                 531.810636      171774.835     0.5
-----------------------------------------------------------------------------
 Total                                                35140699.018   100.0
-----------------------------------------------------------------------------


     R E A L   C Y C L E   A N D   T I M E   A C C O U N T I N G

On 1 MPI rank, each using 4 OpenMP threads

 Computing:          Num   Num      Call    Wall time         Giga-Cycles
                     Ranks Threads  Count      (s)         total sum    %
-----------------------------------------------------------------------------
 Neighbor search        1    4       1001      38.838        402.680   1.3
 Force                  1    4      50001    1585.858      16442.408  55.0
 PME mesh               1    4      50001     555.961       5764.290  19.3
 NB X/F buffer ops.     1    4      99001     322.000       3338.542  11.2
 Write traj.            1    4        103     229.521       2379.704   8.0
 Update                 1    4      50001      70.886        734.954   2.5
 Constraints            1    4      50001      65.088        674.840   2.3
 Rest                                          15.188        157.474   0.5
-----------------------------------------------------------------------------
 Total                                       2883.340      29894.892 100.0
-----------------------------------------------------------------------------
 Breakdown of PME mesh computation
-----------------------------------------------------------------------------
 PME spread             1    4      50001     248.707       2578.629   8.6
 PME gather             1    4      50001     179.401       1860.057   6.2
 PME 3D-FFT             1    4     100002     103.028       1068.205   3.6
 PME solve Elec         1    4      50001       6.460         66.978   0.2
-----------------------------------------------------------------------------

               Core t (s)   Wall t (s)        (%)
       Time:    11533.359     2883.340      400.0
                         48:03
                 (ns/day)    (hour/ns)
Performance:        2.997        8.009
Finished mdrun on rank 0 Wed Dec  4 22:07:44 2019
