Log file opened on Wed Dec  4 22:32:24 2019
Host: DESKTOP-3IMURTU  pid: 25  rank ID: 0  number of ranks:  1
                      :-) GROMACS - gmx mdrun, 2018.1 (-:

                            GROMACS is written by:
     Emile Apol      Rossen Apostolov      Paul Bauer     Herman J.C. Berendsen
    Par Bjelkmar    Aldert van Buuren   Rudi van Drunen     Anton Feenstra  
  Gerrit Groenhof    Aleksei Iupinov   Christoph Junghans   Anca Hamuraru   
 Vincent Hindriksen Dimitrios Karkoulis    Peter Kasson        Jiri Kraus    
  Carsten Kutzner      Per Larsson      Justin A. Lemkul    Viveca Lindahl  
  Magnus Lundborg   Pieter Meulenhoff    Erik Marklund      Teemu Murtola   
    Szilard Pall       Sander Pronk      Roland Schulz     Alexey Shvetsov  
   Michael Shirts     Alfons Sijbers     Peter Tieleman    Teemu Virolainen 
 Christian Wennberg    Maarten Wolf   
                           and the project leaders:
        Mark Abraham, Berk Hess, Erik Lindahl, and David van der Spoel

Copyright (c) 1991-2000, University of Groningen, The Netherlands.
Copyright (c) 2001-2017, The GROMACS development team at
Uppsala University, Stockholm University and
the Royal Institute of Technology, Sweden.
check out http://www.gromacs.org for more information.

GROMACS is free software; you can redistribute it and/or modify it
under the terms of the GNU Lesser General Public License
as published by the Free Software Foundation; either version 2.1
of the License, or (at your option) any later version.

GROMACS:      gmx mdrun, version 2018.1
Executable:   /usr/bin/gmx
Data prefix:  /usr
Working dir:  /mnt/c/Users/garci/Dropbox (Personal)/scripts/GROMACS-1aki
Command line:
  gmx mdrun -deffnm md_0_1

GROMACS version:    2018.1
Precision:          single
Memory model:       64 bit
MPI library:        thread_mpi
OpenMP support:     enabled (GMX_OPENMP_MAX_THREADS = 64)
GPU support:        disabled
SIMD instructions:  SSE2
FFT library:        fftw-3.3.7-sse2-avx
RDTSCP usage:       disabled
TNG support:        enabled
Hwloc support:      hwloc-1.11.6
Tracing support:    disabled
Built on:           2018-03-31 17:12:46
Built by:           buildd@debian [CMAKE]
Build OS/arch:      Linux x86_64
Build CPU vendor:   Intel
Build CPU brand:    Westmere E56xx/L56xx/X56xx (Nehalem-C)
Build CPU family:   6   Model: 44   Stepping: 1
Build CPU features: aes apic clfsh cmov cx8 cx16 intel lahf mmx msr pcid pclmuldq pdpe1gb popcnt pse rdtscp sse2 sse3 sse4.1 sse4.2 ssse3 x2apic
C compiler:         /usr/bin/cc GNU 7.3.0
C compiler flags:    -msse2   -g -O2 -fdebug-prefix-map=/build/gromacs-Fqu8ou/gromacs-2018.1=. -fstack-protector-strong -Wformat -Werror=format-security -Wdate-time -D_FORTIFY_SOURCE=2  -O3 -DNDEBUG -funroll-all-loops -fexcess-precision=fast  
C++ compiler:       /usr/bin/c++ GNU 7.3.0
C++ compiler flags:  -msse2   -g -O2 -fdebug-prefix-map=/build/gromacs-Fqu8ou/gromacs-2018.1=. -fstack-protector-strong -Wformat -Werror=format-security -Wdate-time -D_FORTIFY_SOURCE=2 -std=c++11   -O3 -DNDEBUG -funroll-all-loops -fexcess-precision=fast  


Running on 1 node with total 2 cores, 4 logical cores
Hardware detected:
  CPU info:
    Vendor: Intel
    Brand:  Intel(R) Core(TM) i7-6500U CPU @ 2.50GHz
    Family: 6   Model: 78   Stepping: 3
    Features: aes apic avx avx2 clfsh cmov cx8 cx16 f16c fma htt intel lahf mmx msr nonstop_tsc pcid pclmuldq pdcm pdpe1gb popcnt pse rdrnd rdtscp sse2 sse3 sse4.1 sse4.2 ssse3 tdt x2apic
  Hardware topology: Basic
    Sockets, cores, and logical processors:
      Socket  0: [   0   1] [   2   3]

Highest SIMD level requested by all nodes in run: AVX2_256
SIMD instructions selected at compile time:       SSE2
This program was compiled for different hardware than you are running on,
which could influence performance.
The current CPU can measure timings more accurately than the code in
gmx mdrun was configured to use. This might affect your simulation
speed as accurate timings are needed for load-balancing.
Please consider rebuilding gmx mdrun with the GMX_USE_RDTSCP=ON CMake option.

++++ PLEASE READ AND CITE THE FOLLOWING REFERENCE ++++
M. J. Abraham, T. Murtola, R. Schulz, S. Páll, J. C. Smith, B. Hess, E.
Lindahl
GROMACS: High performance molecular simulations through multi-level
parallelism from laptops to supercomputers
SoftwareX 1 (2015) pp. 19-25
-------- -------- --- Thank You --- -------- --------


++++ PLEASE READ AND CITE THE FOLLOWING REFERENCE ++++
S. Páll, M. J. Abraham, C. Kutzner, B. Hess, E. Lindahl
Tackling Exascale Software Challenges in Molecular Dynamics Simulations with
GROMACS
In S. Markidis & E. Laure (Eds.), Solving Software Challenges for Exascale 8759 (2015) pp. 3-27
-------- -------- --- Thank You --- -------- --------


++++ PLEASE READ AND CITE THE FOLLOWING REFERENCE ++++
S. Pronk, S. Páll, R. Schulz, P. Larsson, P. Bjelkmar, R. Apostolov, M. R.
Shirts, J. C. Smith, P. M. Kasson, D. van der Spoel, B. Hess, and E. Lindahl
GROMACS 4.5: a high-throughput and highly parallel open source molecular
simulation toolkit
Bioinformatics 29 (2013) pp. 845-54
-------- -------- --- Thank You --- -------- --------


++++ PLEASE READ AND CITE THE FOLLOWING REFERENCE ++++
B. Hess and C. Kutzner and D. van der Spoel and E. Lindahl
GROMACS 4: Algorithms for highly efficient, load-balanced, and scalable
molecular simulation
J. Chem. Theory Comput. 4 (2008) pp. 435-447
-------- -------- --- Thank You --- -------- --------


++++ PLEASE READ AND CITE THE FOLLOWING REFERENCE ++++
D. van der Spoel, E. Lindahl, B. Hess, G. Groenhof, A. E. Mark and H. J. C.
Berendsen
GROMACS: Fast, Flexible and Free
J. Comp. Chem. 26 (2005) pp. 1701-1719
-------- -------- --- Thank You --- -------- --------


++++ PLEASE READ AND CITE THE FOLLOWING REFERENCE ++++
E. Lindahl and B. Hess and D. van der Spoel
GROMACS 3.0: A package for molecular simulation and trajectory analysis
J. Mol. Mod. 7 (2001) pp. 306-317
-------- -------- --- Thank You --- -------- --------


++++ PLEASE READ AND CITE THE FOLLOWING REFERENCE ++++
H. J. C. Berendsen, D. van der Spoel and R. van Drunen
GROMACS: A message-passing parallel molecular dynamics implementation
Comp. Phys. Comm. 91 (1995) pp. 43-56
-------- -------- --- Thank You --- -------- --------

Input Parameters:
   integrator                     = md
   tinit                          = 0
   dt                             = 0.002
   nsteps                         = 500000
   init-step                      = 0
   simulation-part                = 1
   comm-mode                      = Linear
   nstcomm                        = 100
   bd-fric                        = 0
   ld-seed                        = 1155584267
   emtol                          = 10
   emstep                         = 0.01
   niter                          = 20
   fcstep                         = 0
   nstcgsteep                     = 1000
   nbfgscorr                      = 10
   rtpi                           = 0.05
   nstxout                        = 0
   nstvout                        = 0
   nstfout                        = 0
   nstlog                         = 5000
   nstcalcenergy                  = 100
   nstenergy                      = 5000
   nstxout-compressed             = 5000
   compressed-x-precision         = 1000
   cutoff-scheme                  = Verlet
   nstlist                        = 10
   ns-type                        = Grid
   pbc                            = xyz
   periodic-molecules             = false
   verlet-buffer-tolerance        = 0.005
   rlist                          = 1
   coulombtype                    = PME
   coulomb-modifier               = Potential-shift
   rcoulomb-switch                = 0
   rcoulomb                       = 1
   epsilon-r                      = 1
   epsilon-rf                     = inf
   vdw-type                       = Cut-off
   vdw-modifier                   = Potential-shift
   rvdw-switch                    = 0
   rvdw                           = 1
   DispCorr                       = EnerPres
   table-extension                = 1
   fourierspacing                 = 0.16
   fourier-nx                     = 44
   fourier-ny                     = 44
   fourier-nz                     = 44
   pme-order                      = 4
   ewald-rtol                     = 1e-05
   ewald-rtol-lj                  = 0.001
   lj-pme-comb-rule               = Geometric
   ewald-geometry                 = 0
   epsilon-surface                = 0
   implicit-solvent               = No
   gb-algorithm                   = Still
   nstgbradii                     = 1
   rgbradii                       = 1
   gb-epsilon-solvent             = 80
   gb-saltconc                    = 0
   gb-obc-alpha                   = 1
   gb-obc-beta                    = 0.8
   gb-obc-gamma                   = 4.85
   gb-dielectric-offset           = 0.009
   sa-algorithm                   = Ace-approximation
   sa-surface-tension             = 2.05016
   tcoupl                         = V-rescale
   nsttcouple                     = 10
   nh-chain-length                = 0
   print-nose-hoover-chain-variables = false
   pcoupl                         = Parrinello-Rahman
   pcoupltype                     = Isotropic
   nstpcouple                     = 10
   tau-p                          = 2
   compressibility (3x3):
      compressibility[    0]={ 4.50000e-05,  0.00000e+00,  0.00000e+00}
      compressibility[    1]={ 0.00000e+00,  4.50000e-05,  0.00000e+00}
      compressibility[    2]={ 0.00000e+00,  0.00000e+00,  4.50000e-05}
   ref-p (3x3):
      ref-p[    0]={ 1.00000e+00,  0.00000e+00,  0.00000e+00}
      ref-p[    1]={ 0.00000e+00,  1.00000e+00,  0.00000e+00}
      ref-p[    2]={ 0.00000e+00,  0.00000e+00,  1.00000e+00}
   refcoord-scaling               = No
   posres-com (3):
      posres-com[0]= 0.00000e+00
      posres-com[1]= 0.00000e+00
      posres-com[2]= 0.00000e+00
   posres-comB (3):
      posres-comB[0]= 0.00000e+00
      posres-comB[1]= 0.00000e+00
      posres-comB[2]= 0.00000e+00
   QMMM                           = false
   QMconstraints                  = 0
   QMMMscheme                     = 0
   MMChargeScaleFactor            = 1
qm-opts:
   ngQM                           = 0
   constraint-algorithm           = Lincs
   continuation                   = true
   Shake-SOR                      = false
   shake-tol                      = 0.0001
   lincs-order                    = 4
   lincs-iter                     = 1
   lincs-warnangle                = 30
   nwall                          = 0
   wall-type                      = 9-3
   wall-r-linpot                  = -1
   wall-atomtype[0]               = -1
   wall-atomtype[1]               = -1
   wall-density[0]                = 0
   wall-density[1]                = 0
   wall-ewald-zfac                = 3
   pull                           = false
   awh                            = false
   rotation                       = false
   interactiveMD                  = false
   disre                          = No
   disre-weighting                = Conservative
   disre-mixed                    = false
   dr-fc                          = 1000
   dr-tau                         = 0
   nstdisreout                    = 100
   orire-fc                       = 0
   orire-tau                      = 0
   nstorireout                    = 100
   free-energy                    = no
   cos-acceleration               = 0
   deform (3x3):
      deform[    0]={ 0.00000e+00,  0.00000e+00,  0.00000e+00}
      deform[    1]={ 0.00000e+00,  0.00000e+00,  0.00000e+00}
      deform[    2]={ 0.00000e+00,  0.00000e+00,  0.00000e+00}
   simulated-tempering            = false
   swapcoords                     = no
   userint1                       = 0
   userint2                       = 0
   userint3                       = 0
   userint4                       = 0
   userreal1                      = 0
   userreal2                      = 0
   userreal3                      = 0
   userreal4                      = 0
   applied-forces:
     electric-field:
       x:
         E0                       = 0
         omega                    = 0
         t0                       = 0
         sigma                    = 0
       y:
         E0                       = 0
         omega                    = 0
         t0                       = 0
         sigma                    = 0
       z:
         E0                       = 0
         omega                    = 0
         t0                       = 0
         sigma                    = 0
grpopts:
   nrdf:     4920.79     63837.2
   ref-t:         300         300
   tau-t:         0.1         0.1
annealing:          No          No
annealing-npoints:           0           0
   acc:	           0           0           0
   nfreeze:           N           N           N
   energygrp-flags[  0]: 0

Changing nstlist from 10 to 40, rlist from 1 to 1.096


Using 1 MPI thread
Using 4 OpenMP threads 

Pinning threads with an auto-selected logical core stride of 1
System total charge: -0.000
Will do PME sum in reciprocal space for electrostatic interactions.

++++ PLEASE READ AND CITE THE FOLLOWING REFERENCE ++++
U. Essmann, L. Perera, M. L. Berkowitz, T. Darden, H. Lee and L. G. Pedersen 
A smooth particle mesh Ewald method
J. Chem. Phys. 103 (1995) pp. 8577-8592
-------- -------- --- Thank You --- -------- --------

Using a Gaussian width (1/beta) of 0.320163 nm for Ewald
Potential shift: LJ r^-12: -1.000e+00 r^-6: -1.000e+00, Ewald -1.000e-05
Initialized non-bonded Ewald correction tables, spacing: 9.33e-04 size: 1073

Long Range LJ corr.: <C6> 3.1923e-04
Generated table with 1048 data points for Ewald.
Tabscale = 500 points/nm
Generated table with 1048 data points for LJ6.
Tabscale = 500 points/nm
Generated table with 1048 data points for LJ12.
Tabscale = 500 points/nm
Generated table with 1048 data points for 1-4 COUL.
Tabscale = 500 points/nm
Generated table with 1048 data points for 1-4 LJ6.
Tabscale = 500 points/nm
Generated table with 1048 data points for 1-4 LJ12.
Tabscale = 500 points/nm

Using SIMD 4x4 nonbonded short-range kernels

Using a dual 4x4 pair-list setup updated with dynamic pruning:
  outer list: updated every 40 steps, buffer 0.096 nm, rlist 1.096 nm
  inner list: updated every 12 steps, buffer 0.003 nm, rlist 1.003 nm
At tolerance 0.005 kJ/mol/ps per atom, equivalent classical 1x1 list would be:
  outer list: updated every 40 steps, buffer 0.211 nm, rlist 1.211 nm
  inner list: updated every 12 steps, buffer 0.048 nm, rlist 1.048 nm

Using geometric Lennard-Jones combination rule


Initializing LINear Constraint Solver

++++ PLEASE READ AND CITE THE FOLLOWING REFERENCE ++++
B. Hess and H. Bekker and H. J. C. Berendsen and J. G. E. M. Fraaije
LINCS: A Linear Constraint Solver for molecular simulations
J. Comp. Chem. 18 (1997) pp. 1463-1472
-------- -------- --- Thank You --- -------- --------

The number of constraints is 959

++++ PLEASE READ AND CITE THE FOLLOWING REFERENCE ++++
S. Miyamoto and P. A. Kollman
SETTLE: An Analytical Version of the SHAKE and RATTLE Algorithms for Rigid
Water Models
J. Comp. Chem. 13 (1992) pp. 952-962
-------- -------- --- Thank You --- -------- --------


Intra-simulation communication will occur every 10 steps.
Center of mass motion removal mode is Linear
We have the following groups for center of mass motion removal:
  0:  rest

++++ PLEASE READ AND CITE THE FOLLOWING REFERENCE ++++
G. Bussi, D. Donadio and M. Parrinello
Canonical sampling through velocity rescaling
J. Chem. Phys. 126 (2007) pp. 014101
-------- -------- --- Thank You --- -------- --------

There are: 33876 Atoms

Started mdrun on rank 0 Wed Dec  4 22:32:25 2019
           Step           Time
              0        0.00000

   Energies (kJ/mol)
           Bond          Angle    Proper Dih. Ryckaert-Bell.          LJ-14
    1.46346e+03    3.65058e+03    2.79435e+02    1.82614e+03    2.62153e+03
     Coulomb-14        LJ (SR)  Disper. corr.   Coulomb (SR)   Coul. recip.
    7.67736e+03    9.43266e+04   -4.57351e+03   -6.33880e+05    2.95258e+03
      Potential    Kinetic En.   Total Energy  Conserved En.    Temperature
   -5.23655e+05    8.60156e+04   -4.37640e+05   -4.37620e+05    3.00919e+02
 Pres. DC (bar) Pressure (bar)   Constr. rmsd
   -2.26880e+02    1.86254e+02    2.86737e-06

           Step           Time
           5000       10.00000

   Energies (kJ/mol)
           Bond          Angle    Proper Dih. Ryckaert-Bell.          LJ-14
    1.43708e+03    3.80803e+03    2.62216e+02    1.83211e+03    2.62069e+03
     Coulomb-14        LJ (SR)  Disper. corr.   Coulomb (SR)   Coul. recip.
    7.69633e+03    9.35529e+04   -4.59035e+03   -6.35251e+05    2.99554e+03
      Potential    Kinetic En.   Total Energy  Conserved En.    Temperature
   -5.25637e+05    8.64599e+04   -4.39177e+05   -4.37588e+05    3.02473e+02
 Pres. DC (bar) Pressure (bar)   Constr. rmsd
   -2.28551e+02    1.11369e+02    3.09377e-06

           Step           Time
          10000       20.00000

   Energies (kJ/mol)
           Bond          Angle    Proper Dih. Ryckaert-Bell.          LJ-14
    1.41642e+03    3.86022e+03    2.60273e+02    1.86099e+03    2.63835e+03
     Coulomb-14        LJ (SR)  Disper. corr.   Coulomb (SR)   Coul. recip.
    7.79827e+03    9.39118e+04   -4.55807e+03   -6.34291e+05    2.91524e+03
      Potential    Kinetic En.   Total Energy  Conserved En.    Temperature
   -5.24188e+05    8.48639e+04   -4.39324e+05   -4.37544e+05    2.96890e+02
 Pres. DC (bar) Pressure (bar)   Constr. rmsd
   -2.25352e+02    1.18051e+02    2.87750e-06

           Step           Time
          15000       30.00000

   Energies (kJ/mol)
           Bond          Angle    Proper Dih. Ryckaert-Bell.          LJ-14
    1.43045e+03    3.73317e+03    2.57178e+02    1.80785e+03    2.67981e+03
     Coulomb-14        LJ (SR)  Disper. corr.   Coulomb (SR)   Coul. recip.
    7.75816e+03    9.22952e+04   -4.56675e+03   -6.34485e+05    2.90947e+03
      Potential    Kinetic En.   Total Energy  Conserved En.    Temperature
   -5.26180e+05    8.60292e+04   -4.40151e+05   -4.37512e+05    3.00967e+02
 Pres. DC (bar) Pressure (bar)   Constr. rmsd
   -2.26211e+02   -1.37571e+02    2.82556e-06

           Step           Time
          20000       40.00000

   Energies (kJ/mol)
           Bond          Angle    Proper Dih. Ryckaert-Bell.          LJ-14
    1.35502e+03    3.94855e+03    2.55838e+02    1.73643e+03    2.73184e+03
     Coulomb-14        LJ (SR)  Disper. corr.   Coulomb (SR)   Coul. recip.
    7.78091e+03    9.48556e+04   -4.56522e+03   -6.36930e+05    2.95022e+03
      Potential    Kinetic En.   Total Energy  Conserved En.    Temperature
   -5.25881e+05    8.60879e+04   -4.39793e+05   -4.37457e+05    3.01172e+02
 Pres. DC (bar) Pressure (bar)   Constr. rmsd
   -2.26059e+02    1.41325e+02    3.04702e-06

Writing checkpoint, step 20600 at Wed Dec  4 22:47:29 2019


           Step           Time
          25000       50.00000

   Energies (kJ/mol)
           Bond          Angle    Proper Dih. Ryckaert-Bell.          LJ-14
    1.47306e+03    3.69679e+03    2.26707e+02    1.68029e+03    2.61586e+03
     Coulomb-14        LJ (SR)  Disper. corr.   Coulomb (SR)   Coul. recip.
    7.76963e+03    9.52584e+04   -4.55509e+03   -6.37149e+05    2.92527e+03
      Potential    Kinetic En.   Total Energy  Conserved En.    Temperature
   -5.26058e+05    8.53148e+04   -4.40743e+05   -4.37410e+05    2.98468e+02
 Pres. DC (bar) Pressure (bar)   Constr. rmsd
   -2.25058e+02    1.90047e+02    2.89659e-06

           Step           Time
          30000       60.00000

   Energies (kJ/mol)
           Bond          Angle    Proper Dih. Ryckaert-Bell.          LJ-14
    1.30850e+03    3.84491e+03    2.23295e+02    1.67126e+03    2.70387e+03
     Coulomb-14        LJ (SR)  Disper. corr.   Coulomb (SR)   Coul. recip.
    7.82254e+03    9.39802e+04   -4.55155e+03   -6.35140e+05    2.99947e+03
      Potential    Kinetic En.   Total Energy  Conserved En.    Temperature
   -5.25137e+05    8.59462e+04   -4.39191e+05   -4.37402e+05    3.00676e+02
 Pres. DC (bar) Pressure (bar)   Constr. rmsd
   -2.24709e+02    2.76448e+01    3.10022e-06

           Step           Time
          35000       70.00000

   Energies (kJ/mol)
           Bond          Angle    Proper Dih. Ryckaert-Bell.          LJ-14
    1.48665e+03    3.67617e+03    2.20171e+02    1.70972e+03    2.62337e+03
     Coulomb-14        LJ (SR)  Disper. corr.   Coulomb (SR)   Coul. recip.
    7.77352e+03    9.48435e+04   -4.56575e+03   -6.35892e+05    2.93213e+03
      Potential    Kinetic En.   Total Energy  Conserved En.    Temperature
   -5.25192e+05    8.55764e+04   -4.39616e+05   -4.37350e+05    2.99383e+02
 Pres. DC (bar) Pressure (bar)   Constr. rmsd
   -2.26112e+02    1.17287e+02    3.47254e-06

           Step           Time
          40000       80.00000

   Energies (kJ/mol)
           Bond          Angle    Proper Dih. Ryckaert-Bell.          LJ-14
    1.53178e+03    3.78311e+03    2.49262e+02    1.79499e+03    2.63584e+03
     Coulomb-14        LJ (SR)  Disper. corr.   Coulomb (SR)   Coul. recip.
    7.77864e+03    9.27393e+04   -4.55209e+03   -6.33353e+05    2.89767e+03
      Potential    Kinetic En.   Total Energy  Conserved En.    Temperature
   -5.24495e+05    8.58627e+04   -4.38632e+05   -4.37298e+05    3.00384e+02
 Pres. DC (bar) Pressure (bar)   Constr. rmsd
   -2.24762e+02   -1.09682e+02    2.60926e-06

           Step           Time
          45000       90.00000

   Energies (kJ/mol)
           Bond          Angle    Proper Dih. Ryckaert-Bell.          LJ-14
    1.37787e+03    3.78954e+03    2.16230e+02    1.70105e+03    2.64338e+03
     Coulomb-14        LJ (SR)  Disper. corr.   Coulomb (SR)   Coul. recip.
    7.66579e+03    9.36709e+04   -4.55484e+03   -6.34726e+05    2.97609e+03
      Potential    Kinetic En.   Total Energy  Conserved En.    Temperature
   -5.25240e+05    8.61689e+04   -4.39071e+05   -4.37287e+05    3.01456e+02
 Pres. DC (bar) Pressure (bar)   Constr. rmsd
   -2.25033e+02    1.12352e+01    2.95190e-06

Writing checkpoint, step 46080 at Wed Dec  4 23:02:26 2019


           Step           Time
          50000      100.00000

   Energies (kJ/mol)
           Bond          Angle    Proper Dih. Ryckaert-Bell.          LJ-14
    1.53543e+03    3.67224e+03    2.46720e+02    1.85387e+03    2.66743e+03
     Coulomb-14        LJ (SR)  Disper. corr.   Coulomb (SR)   Coul. recip.
    7.72514e+03    9.37107e+04   -4.56697e+03   -6.34334e+05    2.93952e+03
      Potential    Kinetic En.   Total Energy  Conserved En.    Temperature
   -5.24550e+05    8.56690e+04   -4.38881e+05   -4.37222e+05    2.99707e+02
 Pres. DC (bar) Pressure (bar)   Constr. rmsd
   -2.26232e+02    5.03701e+01    3.16707e-06

           Step           Time
          55000      110.00000

   Energies (kJ/mol)
           Bond          Angle    Proper Dih. Ryckaert-Bell.          LJ-14
    1.50152e+03    3.59908e+03    2.21086e+02    1.73998e+03    2.72000e+03
     Coulomb-14        LJ (SR)  Disper. corr.   Coulomb (SR)   Coul. recip.
    7.74246e+03    9.28190e+04   -4.54292e+03   -6.34075e+05    2.95015e+03
      Potential    Kinetic En.   Total Energy  Conserved En.    Temperature
   -5.25324e+05    8.70791e+04   -4.38245e+05   -4.37191e+05    3.04640e+02
 Pres. DC (bar) Pressure (bar)   Constr. rmsd
   -2.23858e+02   -2.13499e+02    3.18952e-06

           Step           Time
          60000      120.00000

   Energies (kJ/mol)
           Bond          Angle    Proper Dih. Ryckaert-Bell.          LJ-14
    1.48122e+03    3.75020e+03    2.29229e+02    1.70379e+03    2.66639e+03
     Coulomb-14        LJ (SR)  Disper. corr.   Coulomb (SR)   Coul. recip.
    7.76321e+03    9.33437e+04   -4.56704e+03   -6.34968e+05    2.94022e+03
      Potential    Kinetic En.   Total Energy  Conserved En.    Temperature
   -5.25657e+05    8.67059e+04   -4.38951e+05   -4.37171e+05    3.03334e+02
 Pres. DC (bar) Pressure (bar)   Constr. rmsd
   -2.26239e+02   -9.15354e+01    2.88520e-06

           Step           Time
          65000      130.00000

   Energies (kJ/mol)
           Bond          Angle    Proper Dih. Ryckaert-Bell.          LJ-14
    1.43588e+03    3.79577e+03    2.47699e+02    1.77679e+03    2.72170e+03
     Coulomb-14        LJ (SR)  Disper. corr.   Coulomb (SR)   Coul. recip.
    7.80364e+03    9.36986e+04   -4.56837e+03   -6.35741e+05    2.94716e+03
      Potential    Kinetic En.   Total Energy  Conserved En.    Temperature
   -5.25882e+05    8.52212e+04   -4.40661e+05   -4.37113e+05    2.98140e+02
 Pres. DC (bar) Pressure (bar)   Constr. rmsd
   -2.26371e+02   -3.73749e-01    2.67559e-06

           Step           Time
          70000      140.00000

   Energies (kJ/mol)
           Bond          Angle    Proper Dih. Ryckaert-Bell.          LJ-14
    1.50636e+03    3.57645e+03    2.15847e+02    1.76990e+03    2.71770e+03
     Coulomb-14        LJ (SR)  Disper. corr.   Coulomb (SR)   Coul. recip.
    7.84072e+03    9.33907e+04   -4.55805e+03   -6.34223e+05    2.91213e+03
      Potential    Kinetic En.   Total Energy  Conserved En.    Temperature
   -5.24851e+05    8.51140e+04   -4.39737e+05   -4.37067e+05    2.97765e+02
 Pres. DC (bar) Pressure (bar)   Constr. rmsd
   -2.25350e+02    5.20319e+01    2.74899e-06

           Step           Time
          75000      150.00000

   Energies (kJ/mol)
           Bond          Angle    Proper Dih. Ryckaert-Bell.          LJ-14
    1.52745e+03    3.78955e+03    2.45567e+02    1.77887e+03    2.65711e+03
     Coulomb-14        LJ (SR)  Disper. corr.   Coulomb (SR)   Coul. recip.
    7.72692e+03    9.53095e+04   -4.55321e+03   -6.36792e+05    2.92786e+03
      Potential    Kinetic En.   Total Energy  Conserved En.    Temperature
   -5.25382e+05    8.52483e+04   -4.40134e+05   -4.37044e+05    2.98235e+02
 Pres. DC (bar) Pressure (bar)   Constr. rmsd
   -2.24872e+02    1.80242e+02    2.81342e-06

Writing checkpoint, step 78520 at Wed Dec  4 23:17:26 2019


           Step           Time
          80000      160.00000

   Energies (kJ/mol)
           Bond          Angle    Proper Dih. Ryckaert-Bell.          LJ-14
    1.50324e+03    3.64810e+03    2.60092e+02    1.72230e+03    2.62023e+03
     Coulomb-14        LJ (SR)  Disper. corr.   Coulomb (SR)   Coul. recip.
    7.70835e+03    9.41457e+04   -4.54481e+03   -6.34838e+05    2.91525e+03
      Potential    Kinetic En.   Total Energy  Conserved En.    Temperature
   -5.24859e+05    8.56011e+04   -4.39258e+05   -4.37016e+05    2.99469e+02
 Pres. DC (bar) Pressure (bar)   Constr. rmsd
   -2.24044e+02    8.15520e+01    2.84040e-06

           Step           Time
          85000      170.00000

   Energies (kJ/mol)
           Bond          Angle    Proper Dih. Ryckaert-Bell.          LJ-14
    1.44928e+03    3.94909e+03    2.53665e+02    1.69715e+03    2.77625e+03
     Coulomb-14        LJ (SR)  Disper. corr.   Coulomb (SR)   Coul. recip.
    7.79624e+03    9.33306e+04   -4.56383e+03   -6.33609e+05    2.92733e+03
      Potential    Kinetic En.   Total Energy  Conserved En.    Temperature
   -5.23993e+05    8.63468e+04   -4.37646e+05   -4.36946e+05    3.02078e+02
 Pres. DC (bar) Pressure (bar)   Constr. rmsd
   -2.25922e+02    9.29784e+01    2.96154e-06

           Step           Time
          90000      180.00000

   Energies (kJ/mol)
           Bond          Angle    Proper Dih. Ryckaert-Bell.          LJ-14
    1.54392e+03    3.52797e+03    2.45465e+02    1.62229e+03    2.64861e+03
     Coulomb-14        LJ (SR)  Disper. corr.   Coulomb (SR)   Coul. recip.
    7.73353e+03    9.42982e+04   -4.57335e+03   -6.36364e+05    2.88403e+03
      Potential    Kinetic En.   Total Energy  Conserved En.    Temperature
   -5.26433e+05    8.53424e+04   -4.41090e+05   -4.36929e+05    2.98564e+02
 Pres. DC (bar) Pressure (bar)   Constr. rmsd
   -2.26864e+02    1.16333e+02    2.66278e-06

           Step           Time
          95000      190.00000

   Energies (kJ/mol)
           Bond          Angle    Proper Dih. Ryckaert-Bell.          LJ-14
    1.47862e+03    3.73437e+03    2.59149e+02    1.80071e+03    2.68637e+03
     Coulomb-14        LJ (SR)  Disper. corr.   Coulomb (SR)   Coul. recip.
    7.82866e+03    9.34033e+04   -4.57122e+03   -6.35794e+05    2.85435e+03
      Potential    Kinetic En.   Total Energy  Conserved En.    Temperature
   -5.26320e+05    8.65136e+04   -4.39806e+05   -4.36897e+05    3.02661e+02
 Pres. DC (bar) Pressure (bar)   Constr. rmsd
   -2.26653e+02    5.09529e+01    3.29808e-06

           Step           Time
         100000      200.00000

   Energies (kJ/mol)
           Bond          Angle    Proper Dih. Ryckaert-Bell.          LJ-14
    1.51624e+03    3.69022e+03    2.39309e+02    1.78333e+03    2.68074e+03
     Coulomb-14        LJ (SR)  Disper. corr.   Coulomb (SR)   Coul. recip.
    7.83061e+03    9.42539e+04   -4.55900e+03   -6.36137e+05    2.85934e+03
      Potential    Kinetic En.   Total Energy  Conserved En.    Temperature
   -5.25842e+05    8.63555e+04   -4.39487e+05   -4.36864e+05    3.02108e+02
 Pres. DC (bar) Pressure (bar)   Constr. rmsd
   -2.25444e+02   -1.67404e+01    2.84131e-06

           Step           Time
         105000      210.00000

   Energies (kJ/mol)
           Bond          Angle    Proper Dih. Ryckaert-Bell.          LJ-14
    1.39552e+03    3.77920e+03    2.41556e+02    1.76423e+03    2.67946e+03
     Coulomb-14        LJ (SR)  Disper. corr.   Coulomb (SR)   Coul. recip.
    7.83238e+03    9.36962e+04   -4.56884e+03   -6.34972e+05    2.81493e+03
      Potential    Kinetic En.   Total Energy  Conserved En.    Temperature
   -5.25337e+05    8.54777e+04   -4.39859e+05   -4.36804e+05    2.99037e+02
 Pres. DC (bar) Pressure (bar)   Constr. rmsd
   -2.26418e+02    1.22233e+02    2.88138e-06

Writing checkpoint, step 107040 at Wed Dec  4 23:32:26 2019


           Step           Time
         110000      220.00000

   Energies (kJ/mol)
           Bond          Angle    Proper Dih. Ryckaert-Bell.          LJ-14
    1.57707e+03    3.87330e+03    2.18346e+02    1.79212e+03    2.65674e+03
     Coulomb-14        LJ (SR)  Disper. corr.   Coulomb (SR)   Coul. recip.
    7.83929e+03    9.18423e+04   -4.53183e+03   -6.32589e+05    2.94928e+03
      Potential    Kinetic En.   Total Energy  Conserved En.    Temperature
   -5.24372e+05    8.59339e+04   -4.38438e+05   -4.36763e+05    3.00633e+02
 Pres. DC (bar) Pressure (bar)   Constr. rmsd
   -2.22768e+02   -3.87261e+02    2.62471e-06

           Step           Time
         115000      230.00000

   Energies (kJ/mol)
           Bond          Angle    Proper Dih. Ryckaert-Bell.          LJ-14
    1.52795e+03    3.80163e+03    2.42619e+02    1.83251e+03    2.69620e+03
     Coulomb-14        LJ (SR)  Disper. corr.   Coulomb (SR)   Coul. recip.
    7.75352e+03    9.37559e+04   -4.55817e+03   -6.35089e+05    3.01790e+03
      Potential    Kinetic En.   Total Energy  Conserved En.    Temperature
   -5.25019e+05    8.62857e+04   -4.38734e+05   -4.36722e+05    3.01864e+02
 Pres. DC (bar) Pressure (bar)   Constr. rmsd
   -2.25362e+02   -1.91093e+00    2.99930e-06

           Step           Time
         120000      240.00000

   Energies (kJ/mol)
           Bond          Angle    Proper Dih. Ryckaert-Bell.          LJ-14
    1.62248e+03    3.84480e+03    2.15944e+02    1.69490e+03    2.64613e+03
     Coulomb-14        LJ (SR)  Disper. corr.   Coulomb (SR)   Coul. recip.
    7.81619e+03    9.39560e+04   -4.56167e+03   -6.36048e+05    2.96865e+03
      Potential    Kinetic En.   Total Energy  Conserved En.    Temperature
   -5.25844e+05    8.60184e+04   -4.39826e+05   -4.36670e+05    3.00929e+02
 Pres. DC (bar) Pressure (bar)   Constr. rmsd
   -2.25708e+02   -1.06928e+02    2.59107e-06

           Step           Time
         125000      250.00000

   Energies (kJ/mol)
           Bond          Angle    Proper Dih. Ryckaert-Bell.          LJ-14
    1.44475e+03    3.93197e+03    2.36972e+02    1.76454e+03    2.65767e+03
     Coulomb-14        LJ (SR)  Disper. corr.   Coulomb (SR)   Coul. recip.
    7.85321e+03    9.37364e+04   -4.55462e+03   -6.35156e+05    2.95773e+03
      Potential    Kinetic En.   Total Energy  Conserved En.    Temperature
   -5.25127e+05    8.63357e+04   -4.38792e+05   -4.36647e+05    3.02039e+02
 Pres. DC (bar) Pressure (bar)   Constr. rmsd
   -2.25012e+02    7.04288e+00    2.98836e-06

           Step           Time
         130000      260.00000

   Energies (kJ/mol)
           Bond          Angle    Proper Dih. Ryckaert-Bell.          LJ-14
    1.54978e+03    3.86670e+03    2.24257e+02    1.70577e+03    2.59189e+03
     Coulomb-14        LJ (SR)  Disper. corr.   Coulomb (SR)   Coul. recip.
    7.70954e+03    9.36285e+04   -4.55551e+03   -6.33331e+05    2.95880e+03
      Potential    Kinetic En.   Total Energy  Conserved En.    Temperature
   -5.23652e+05    8.50548e+04   -4.38597e+05   -4.36611e+05    2.97558e+02
 Pres. DC (bar) Pressure (bar)   Constr. rmsd
   -2.25099e+02   -8.22150e+01    3.30119e-06

           Step           Time
         135000      270.00000

   Energies (kJ/mol)
           Bond          Angle    Proper Dih. Ryckaert-Bell.          LJ-14
    1.44421e+03    3.99061e+03    2.25657e+02    1.81236e+03    2.71037e+03
     Coulomb-14        LJ (SR)  Disper. corr.   Coulomb (SR)   Coul. recip.
    7.80589e+03    9.40865e+04   -4.55763e+03   -6.34748e+05    2.99441e+03
      Potential    Kinetic En.   Total Energy  Conserved En.    Temperature
   -5.24235e+05    8.55267e+04   -4.38709e+05   -4.36557e+05    2.99209e+02
 Pres. DC (bar) Pressure (bar)   Constr. rmsd
   -2.25309e+02    2.28451e+02    2.89458e-06

Writing checkpoint, step 135520 at Wed Dec  4 23:47:25 2019


           Step           Time
         140000      280.00000

   Energies (kJ/mol)
           Bond          Angle    Proper Dih. Ryckaert-Bell.          LJ-14
    1.39867e+03    3.65355e+03    2.30880e+02    1.79701e+03    2.72896e+03
     Coulomb-14        LJ (SR)  Disper. corr.   Coulomb (SR)   Coul. recip.
    7.82770e+03    9.35780e+04   -4.55650e+03   -6.35892e+05    2.95004e+03
      Potential    Kinetic En.   Total Energy  Conserved En.    Temperature
   -5.26284e+05    8.56755e+04   -4.40609e+05   -4.36528e+05    2.99729e+02
 Pres. DC (bar) Pressure (bar)   Constr. rmsd
   -2.25198e+02    6.31634e+01    2.53809e-06

           Step           Time
         145000      290.00000

   Energies (kJ/mol)
           Bond          Angle    Proper Dih. Ryckaert-Bell.          LJ-14
    1.50504e+03    3.75130e+03    2.65442e+02    1.79298e+03    2.77890e+03
     Coulomb-14        LJ (SR)  Disper. corr.   Coulomb (SR)   Coul. recip.
    7.84675e+03    9.48141e+04   -4.54461e+03   -6.36581e+05    2.99452e+03
      Potential    Kinetic En.   Total Energy  Conserved En.    Temperature
   -5.25377e+05    8.48377e+04   -4.40539e+05   -4.36479e+05    2.96798e+02
 Pres. DC (bar) Pressure (bar)   Constr. rmsd
   -2.24025e+02    2.01046e+02    2.53215e-06

           Step           Time
         150000      300.00000

   Energies (kJ/mol)
           Bond          Angle    Proper Dih. Ryckaert-Bell.          LJ-14
    1.42181e+03    3.64403e+03    2.66205e+02    1.81712e+03    2.76337e+03
     Coulomb-14        LJ (SR)  Disper. corr.   Coulomb (SR)   Coul. recip.
    7.93215e+03    9.35833e+04   -4.55077e+03   -6.35738e+05    2.96202e+03
      Potential    Kinetic En.   Total Energy  Conserved En.    Temperature
   -5.25899e+05    8.63029e+04   -4.39596e+05   -4.36464e+05    3.01924e+02
 Pres. DC (bar) Pressure (bar)   Constr. rmsd
   -2.24632e+02   -1.45826e+02    2.94754e-06

           Step           Time
         155000      310.00000

   Energies (kJ/mol)
           Bond          Angle    Proper Dih. Ryckaert-Bell.          LJ-14
    1.52140e+03    3.83412e+03    2.58597e+02    1.75369e+03    2.62796e+03
     Coulomb-14        LJ (SR)  Disper. corr.   Coulomb (SR)   Coul. recip.
    7.77421e+03    9.36627e+04   -4.54141e+03   -6.33960e+05    3.01664e+03
      Potential    Kinetic En.   Total Energy  Conserved En.    Temperature
   -5.24052e+05    8.61026e+04   -4.37950e+05   -4.36425e+05    3.01224e+02
 Pres. DC (bar) Pressure (bar)   Constr. rmsd
   -2.23710e+02   -1.74193e+01    2.82398e-06

           Step           Time
         160000      320.00000

   Energies (kJ/mol)
           Bond          Angle    Proper Dih. Ryckaert-Bell.          LJ-14
    1.53331e+03    3.88534e+03    2.60846e+02    1.68723e+03    2.64332e+03
     Coulomb-14        LJ (SR)  Disper. corr.   Coulomb (SR)   Coul. recip.
    7.78585e+03    9.42578e+04   -4.55138e+03   -6.34907e+05    2.92242e+03
      Potential    Kinetic En.   Total Energy  Conserved En.    Temperature
   -5.24482e+05    8.54071e+04   -4.39075e+05   -4.36358e+05    2.98790e+02
 Pres. DC (bar) Pressure (bar)   Constr. rmsd
   -2.24692e+02   -6.21465e+00    2.65807e-06

           Step           Time
         165000      330.00000

   Energies (kJ/mol)
           Bond          Angle    Proper Dih. Ryckaert-Bell.          LJ-14
    1.44473e+03    3.70218e+03    2.33737e+02    1.74275e+03    2.68718e+03
     Coulomb-14        LJ (SR)  Disper. corr.   Coulomb (SR)   Coul. recip.
    7.74740e+03    9.25413e+04   -4.57262e+03   -6.33366e+05    2.91058e+03
      Potential    Kinetic En.   Total Energy  Conserved En.    Temperature
   -5.24929e+05    8.53442e+04   -4.39584e+05   -4.36345e+05    2.98570e+02
 Pres. DC (bar) Pressure (bar)   Constr. rmsd
   -2.26791e+02   -6.83256e+01    2.79797e-06

Writing checkpoint, step 165320 at Thu Dec  5 00:02:26 2019


           Step           Time
         170000      340.00000

   Energies (kJ/mol)
           Bond          Angle    Proper Dih. Ryckaert-Bell.          LJ-14
    1.57088e+03    3.74789e+03    2.47873e+02    1.82001e+03    2.62648e+03
     Coulomb-14        LJ (SR)  Disper. corr.   Coulomb (SR)   Coul. recip.
    7.76415e+03    9.27243e+04   -4.56112e+03   -6.34189e+05    2.97475e+03
      Potential    Kinetic En.   Total Energy  Conserved En.    Temperature
   -5.25274e+05    8.54335e+04   -4.39840e+05   -4.36285e+05    2.98883e+02
 Pres. DC (bar) Pressure (bar)   Constr. rmsd
   -2.25654e+02   -1.48693e+02    2.94087e-06

           Step           Time
         175000      350.00000

   Energies (kJ/mol)
           Bond          Angle    Proper Dih. Ryckaert-Bell.          LJ-14
    1.48813e+03    3.54920e+03    2.23375e+02    1.77431e+03    2.65694e+03
     Coulomb-14        LJ (SR)  Disper. corr.   Coulomb (SR)   Coul. recip.
    7.81556e+03    9.40886e+04   -4.56702e+03   -6.35222e+05    2.98287e+03
      Potential    Kinetic En.   Total Energy  Conserved En.    Temperature
   -5.25210e+05    8.53761e+04   -4.39834e+05   -4.36258e+05    2.98682e+02
 Pres. DC (bar) Pressure (bar)   Constr. rmsd
   -2.26237e+02    9.18208e+01    3.20803e-06

           Step           Time
         180000      360.00000

   Energies (kJ/mol)
           Bond          Angle    Proper Dih. Ryckaert-Bell.          LJ-14
    1.44174e+03    3.70429e+03    2.78208e+02    1.66057e+03    2.70008e+03
     Coulomb-14        LJ (SR)  Disper. corr.   Coulomb (SR)   Coul. recip.
    7.83220e+03    9.32490e+04   -4.57281e+03   -6.34021e+05    2.89836e+03
      Potential    Kinetic En.   Total Energy  Conserved En.    Temperature
   -5.24830e+05    8.50188e+04   -4.39811e+05   -4.36217e+05    2.97432e+02
 Pres. DC (bar) Pressure (bar)   Constr. rmsd
   -2.26811e+02   -5.31842e+00    2.99715e-06

           Step           Time
         185000      370.00000

   Energies (kJ/mol)
           Bond          Angle    Proper Dih. Ryckaert-Bell.          LJ-14
    1.52214e+03    3.75831e+03    2.67780e+02    1.78919e+03    2.62322e+03
     Coulomb-14        LJ (SR)  Disper. corr.   Coulomb (SR)   Coul. recip.
    7.87358e+03    9.46321e+04   -4.57074e+03   -6.36641e+05    2.87746e+03
      Potential    Kinetic En.   Total Energy  Conserved En.    Temperature
   -5.25868e+05    8.67208e+04   -4.39147e+05   -4.36174e+05    3.03386e+02
 Pres. DC (bar) Pressure (bar)   Constr. rmsd
   -2.26605e+02    6.40084e+01    3.10528e-06

           Step           Time
         190000      380.00000

   Energies (kJ/mol)
           Bond          Angle    Proper Dih. Ryckaert-Bell.          LJ-14
    1.48025e+03    3.72638e+03    2.49633e+02    1.69538e+03    2.73851e+03
     Coulomb-14        LJ (SR)  Disper. corr.   Coulomb (SR)   Coul. recip.
    7.85021e+03    9.39168e+04   -4.56583e+03   -6.35618e+05    2.97673e+03
      Potential    Kinetic En.   Total Energy  Conserved En.    Temperature
   -5.25550e+05    8.50916e+04   -4.40459e+05   -4.36116e+05    2.97687e+02
 Pres. DC (bar) Pressure (bar)   Constr. rmsd
   -2.26119e+02    4.82785e+01    3.01800e-06

Writing checkpoint, step 191720 at Thu Dec  5 00:17:25 2019


           Step           Time
         195000      390.00000

   Energies (kJ/mol)
           Bond          Angle    Proper Dih. Ryckaert-Bell.          LJ-14
    1.47323e+03    3.79792e+03    2.34240e+02    1.77678e+03    2.69411e+03
     Coulomb-14        LJ (SR)  Disper. corr.   Coulomb (SR)   Coul. recip.
    7.89444e+03    9.35908e+04   -4.56422e+03   -6.35449e+05    2.91607e+03
      Potential    Kinetic En.   Total Energy  Conserved En.    Temperature
   -5.25636e+05    8.57476e+04   -4.39888e+05   -4.36069e+05    2.99982e+02
 Pres. DC (bar) Pressure (bar)   Constr. rmsd
   -2.25960e+02   -6.36579e+01    2.71669e-06

           Step           Time
         200000      400.00000

   Energies (kJ/mol)
           Bond          Angle    Proper Dih. Ryckaert-Bell.          LJ-14
    1.52428e+03    3.82437e+03    2.68525e+02    1.70241e+03    2.67090e+03
     Coulomb-14        LJ (SR)  Disper. corr.   Coulomb (SR)   Coul. recip.
    7.88466e+03    9.40194e+04   -4.56635e+03   -6.35692e+05    2.95936e+03
      Potential    Kinetic En.   Total Energy  Conserved En.    Temperature
   -5.25404e+05    8.65267e+04   -4.38878e+05   -4.36054e+05    3.02707e+02
 Pres. DC (bar) Pressure (bar)   Constr. rmsd
   -2.26171e+02    9.86538e+01    2.83293e-06

           Step           Time
         205000      410.00000

   Energies (kJ/mol)
           Bond          Angle    Proper Dih. Ryckaert-Bell.          LJ-14
    1.47591e+03    3.63138e+03    2.68241e+02    1.77908e+03    2.63841e+03
     Coulomb-14        LJ (SR)  Disper. corr.   Coulomb (SR)   Coul. recip.
    7.88633e+03    9.33147e+04   -4.55568e+03   -6.35159e+05    2.94891e+03
      Potential    Kinetic En.   Total Energy  Conserved En.    Temperature
   -5.25771e+05    8.55471e+04   -4.40224e+05   -4.36035e+05    2.99280e+02
 Pres. DC (bar) Pressure (bar)   Constr. rmsd
   -2.25117e+02   -1.27948e+02    3.01790e-06

           Step           Time
         210000      420.00000

   Energies (kJ/mol)
           Bond          Angle    Proper Dih. Ryckaert-Bell.          LJ-14
    1.53400e+03    3.70873e+03    2.74091e+02    1.89661e+03    2.63697e+03
     Coulomb-14        LJ (SR)  Disper. corr.   Coulomb (SR)   Coul. recip.
    7.79520e+03    9.32128e+04   -4.57359e+03   -6.34218e+05    2.90013e+03
      Potential    Kinetic En.   Total Energy  Conserved En.    Temperature
   -5.24833e+05    8.59466e+04   -4.38886e+05   -4.35982e+05    3.00678e+02
 Pres. DC (bar) Pressure (bar)   Constr. rmsd
   -2.26888e+02   -1.16869e+01    2.85857e-06

           Step           Time
         215000      430.00000

   Energies (kJ/mol)
           Bond          Angle    Proper Dih. Ryckaert-Bell.          LJ-14
    1.45373e+03    3.71666e+03    2.58147e+02    1.75384e+03    2.65560e+03
     Coulomb-14        LJ (SR)  Disper. corr.   Coulomb (SR)   Coul. recip.
    7.85434e+03    9.35523e+04   -4.55697e+03   -6.34544e+05    2.87598e+03
      Potential    Kinetic En.   Total Energy  Conserved En.    Temperature
   -5.24981e+05    8.55885e+04   -4.39392e+05   -4.35939e+05    2.99425e+02
 Pres. DC (bar) Pressure (bar)   Constr. rmsd
   -2.25244e+02    1.96136e+01    3.05880e-06

Writing checkpoint, step 218560 at Thu Dec  5 00:32:26 2019


           Step           Time
         220000      440.00000

   Energies (kJ/mol)
           Bond          Angle    Proper Dih. Ryckaert-Bell.          LJ-14
    1.58997e+03    3.57028e+03    2.62134e+02    1.81029e+03    2.69870e+03
     Coulomb-14        LJ (SR)  Disper. corr.   Coulomb (SR)   Coul. recip.
    7.77990e+03    9.34592e+04   -4.56087e+03   -6.33688e+05    2.89385e+03
      Potential    Kinetic En.   Total Energy  Conserved En.    Temperature
   -5.24185e+05    8.51808e+04   -4.39004e+05   -4.35899e+05    2.97998e+02
 Pres. DC (bar) Pressure (bar)   Constr. rmsd
   -2.25629e+02    8.42294e+01    3.05899e-06

           Step           Time
         225000      450.00000

   Energies (kJ/mol)
           Bond          Angle    Proper Dih. Ryckaert-Bell.          LJ-14
    1.35374e+03    3.79351e+03    2.41808e+02    1.77114e+03    2.64647e+03
     Coulomb-14        LJ (SR)  Disper. corr.   Coulomb (SR)   Coul. recip.
    7.81406e+03    9.30196e+04   -4.56682e+03   -6.34594e+05    2.98632e+03
      Potential    Kinetic En.   Total Energy  Conserved En.    Temperature
   -5.25534e+05    8.58510e+04   -4.39683e+05   -4.35867e+05    3.00343e+02
 Pres. DC (bar) Pressure (bar)   Constr. rmsd
   -2.26217e+02   -1.50535e+02    2.86688e-06

           Step           Time
         230000      460.00000

   Energies (kJ/mol)
           Bond          Angle    Proper Dih. Ryckaert-Bell.          LJ-14
    1.40169e+03    3.75693e+03    2.27099e+02    1.77331e+03    2.65684e+03
     Coulomb-14        LJ (SR)  Disper. corr.   Coulomb (SR)   Coul. recip.
    7.88966e+03    9.41834e+04   -4.56069e+03   -6.36200e+05    3.01922e+03
      Potential    Kinetic En.   Total Energy  Conserved En.    Temperature
   -5.25852e+05    8.51273e+04   -4.40725e+05   -4.35826e+05    2.97811e+02
 Pres. DC (bar) Pressure (bar)   Constr. rmsd
   -2.25612e+02   -2.82299e+01    3.05918e-06

           Step           Time
         235000      470.00000

   Energies (kJ/mol)
           Bond          Angle    Proper Dih. Ryckaert-Bell.          LJ-14
    1.45845e+03    3.76160e+03    2.06065e+02    1.68462e+03    2.61535e+03
     Coulomb-14        LJ (SR)  Disper. corr.   Coulomb (SR)   Coul. recip.
    7.77602e+03    9.31913e+04   -4.56158e+03   -6.34441e+05    2.92355e+03
      Potential    Kinetic En.   Total Energy  Conserved En.    Temperature
   -5.25385e+05    8.63944e+04   -4.38991e+05   -4.35817e+05    3.02244e+02
 Pres. DC (bar) Pressure (bar)   Constr. rmsd
   -2.25700e+02   -1.70642e+02    2.84622e-06

           Step           Time
         240000      480.00000

   Energies (kJ/mol)
           Bond          Angle    Proper Dih. Ryckaert-Bell.          LJ-14
    1.44649e+03    3.76629e+03    2.43411e+02    1.76651e+03    2.71273e+03
     Coulomb-14        LJ (SR)  Disper. corr.   Coulomb (SR)   Coul. recip.
    7.79326e+03    9.29644e+04   -4.55531e+03   -6.33587e+05    2.89704e+03
      Potential    Kinetic En.   Total Energy  Conserved En.    Temperature
   -5.24553e+05    8.57468e+04   -4.38806e+05   -4.35745e+05    2.99979e+02
 Pres. DC (bar) Pressure (bar)   Constr. rmsd
   -2.25080e+02    5.63660e+00    2.86382e-06

Writing checkpoint, step 244720 at Thu Dec  5 00:47:25 2019


           Step           Time
         245000      490.00000

   Energies (kJ/mol)
           Bond          Angle    Proper Dih. Ryckaert-Bell.          LJ-14
    1.35447e+03    3.81944e+03    2.32639e+02    1.66325e+03    2.68284e+03
     Coulomb-14        LJ (SR)  Disper. corr.   Coulomb (SR)   Coul. recip.
    7.84261e+03    9.35653e+04   -4.54720e+03   -6.35547e+05    2.99630e+03
      Potential    Kinetic En.   Total Energy  Conserved En.    Temperature
   -5.25938e+05    8.63678e+04   -4.39570e+05   -4.35720e+05    3.02151e+02
 Pres. DC (bar) Pressure (bar)   Constr. rmsd
   -2.24280e+02   -2.87817e+01    2.89285e-06

           Step           Time
         250000      500.00000

   Energies (kJ/mol)
           Bond          Angle    Proper Dih. Ryckaert-Bell.          LJ-14
    1.54797e+03    3.76065e+03    2.50701e+02    1.73968e+03    2.72474e+03
     Coulomb-14        LJ (SR)  Disper. corr.   Coulomb (SR)   Coul. recip.
    7.77729e+03    9.40495e+04   -4.53376e+03   -6.33790e+05    2.91874e+03
      Potential    Kinetic En.   Total Energy  Conserved En.    Temperature
   -5.23554e+05    8.58677e+04   -4.37686e+05   -4.35647e+05    3.00402e+02
 Pres. DC (bar) Pressure (bar)   Constr. rmsd
   -2.22958e+02    2.78423e+01    3.24889e-06

           Step           Time
         255000      510.00000

   Energies (kJ/mol)
           Bond          Angle    Proper Dih. Ryckaert-Bell.          LJ-14
    1.41082e+03    3.81960e+03    2.53029e+02    1.73789e+03    2.67799e+03
     Coulomb-14        LJ (SR)  Disper. corr.   Coulomb (SR)   Coul. recip.
    7.84524e+03    9.36748e+04   -4.55898e+03   -6.36844e+05    2.84658e+03
      Potential    Kinetic En.   Total Energy  Conserved En.    Temperature
   -5.27137e+05    8.54940e+04   -4.41643e+05   -4.35624e+05    2.99094e+02
 Pres. DC (bar) Pressure (bar)   Constr. rmsd
   -2.25442e+02   -1.25565e+02    2.77712e-06

           Step           Time
         260000      520.00000

   Energies (kJ/mol)
           Bond          Angle    Proper Dih. Ryckaert-Bell.          LJ-14
    1.35965e+03    3.74765e+03    2.51295e+02    1.85962e+03    2.76474e+03
     Coulomb-14        LJ (SR)  Disper. corr.   Coulomb (SR)   Coul. recip.
    7.88477e+03    9.46396e+04   -4.55739e+03   -6.37260e+05    2.89267e+03
      Potential    Kinetic En.   Total Energy  Conserved En.    Temperature
   -5.26417e+05    8.54844e+04   -4.40933e+05   -4.35571e+05    2.99061e+02
 Pres. DC (bar) Pressure (bar)   Constr. rmsd
   -2.25285e+02    1.07831e+02    3.23228e-06

           Step           Time
         265000      530.00000

   Energies (kJ/mol)
           Bond          Angle    Proper Dih. Ryckaert-Bell.          LJ-14
    1.53333e+03    3.81310e+03    2.64501e+02    1.70880e+03    2.64235e+03
     Coulomb-14        LJ (SR)  Disper. corr.   Coulomb (SR)   Coul. recip.
    7.82243e+03    9.39112e+04   -4.54469e+03   -6.34599e+05    2.90004e+03
      Potential    Kinetic En.   Total Energy  Conserved En.    Temperature
   -5.24548e+05    8.55343e+04   -4.39014e+05   -4.35554e+05    2.99235e+02
 Pres. DC (bar) Pressure (bar)   Constr. rmsd
   -2.24033e+02    4.37023e+01    2.81716e-06

           Step           Time
         270000      540.00000

   Energies (kJ/mol)
           Bond          Angle    Proper Dih. Ryckaert-Bell.          LJ-14
    1.43298e+03    3.77363e+03    2.50604e+02    1.83939e+03    2.64038e+03
     Coulomb-14        LJ (SR)  Disper. corr.   Coulomb (SR)   Coul. recip.
    7.74358e+03    9.25169e+04   -4.53000e+03   -6.32791e+05    2.94721e+03
      Potential    Kinetic En.   Total Energy  Conserved En.    Temperature
   -5.24176e+05    8.62608e+04   -4.37916e+05   -4.35518e+05    3.01777e+02
 Pres. DC (bar) Pressure (bar)   Constr. rmsd
   -2.22588e+02   -8.15847e+01    3.02747e-06

Writing checkpoint, step 271000 at Thu Dec  5 01:02:26 2019


           Step           Time
         275000      550.00000

   Energies (kJ/mol)
           Bond          Angle    Proper Dih. Ryckaert-Bell.          LJ-14
    1.55217e+03    3.72233e+03    2.45193e+02    1.72175e+03    2.63156e+03
     Coulomb-14        LJ (SR)  Disper. corr.   Coulomb (SR)   Coul. recip.
    7.82815e+03    9.33716e+04   -4.55927e+03   -6.34581e+05    2.85395e+03
      Potential    Kinetic En.   Total Energy  Conserved En.    Temperature
   -5.25214e+05    8.55068e+04   -4.39707e+05   -4.35461e+05    2.99139e+02
 Pres. DC (bar) Pressure (bar)   Constr. rmsd
   -2.25471e+02   -4.14898e+01    2.93956e-06

           Step           Time
         280000      560.00000

   Energies (kJ/mol)
           Bond          Angle    Proper Dih. Ryckaert-Bell.          LJ-14
    1.44921e+03    3.80083e+03    2.72293e+02    1.83094e+03    2.68630e+03
     Coulomb-14        LJ (SR)  Disper. corr.   Coulomb (SR)   Coul. recip.
    7.80978e+03    9.33054e+04   -4.54206e+03   -6.33870e+05    2.85695e+03
      Potential    Kinetic En.   Total Energy  Conserved En.    Temperature
   -5.24400e+05    8.58818e+04   -4.38518e+05   -4.35453e+05    3.00451e+02
 Pres. DC (bar) Pressure (bar)   Constr. rmsd
   -2.23774e+02   -8.13698e+01    3.50050e-06

           Step           Time
         285000      570.00000

   Energies (kJ/mol)
           Bond          Angle    Proper Dih. Ryckaert-Bell.          LJ-14
    1.51164e+03    3.77571e+03    2.76045e+02    1.84240e+03    2.64743e+03
     Coulomb-14        LJ (SR)  Disper. corr.   Coulomb (SR)   Coul. recip.
    7.89191e+03    9.30675e+04   -4.55076e+03   -6.34300e+05    2.91332e+03
      Potential    Kinetic En.   Total Energy  Conserved En.    Temperature
   -5.24925e+05    8.64861e+04   -4.38439e+05   -4.35419e+05    3.02565e+02
 Pres. DC (bar) Pressure (bar)   Constr. rmsd
   -2.24631e+02   -2.63831e+02    3.04376e-06

           Step           Time
         290000      580.00000

   Energies (kJ/mol)
           Bond          Angle    Proper Dih. Ryckaert-Bell.          LJ-14
    1.46714e+03    3.79415e+03    2.67558e+02    1.76651e+03    2.61748e+03
     Coulomb-14        LJ (SR)  Disper. corr.   Coulomb (SR)   Coul. recip.
    7.75805e+03    9.45999e+04   -4.58004e+03   -6.36450e+05    2.97321e+03
      Potential    Kinetic En.   Total Energy  Conserved En.    Temperature
   -5.25787e+05    8.45705e+04   -4.41216e+05   -4.35352e+05    2.95864e+02
 Pres. DC (bar) Pressure (bar)   Constr. rmsd
   -2.27528e+02    1.11147e+02    2.51153e-06

           Step           Time
         295000      590.00000

   Energies (kJ/mol)
           Bond          Angle    Proper Dih. Ryckaert-Bell.          LJ-14
    1.47776e+03    3.82810e+03    2.12038e+02    1.75823e+03    2.68357e+03
     Coulomb-14        LJ (SR)  Disper. corr.   Coulomb (SR)   Coul. recip.
    7.74281e+03    9.32570e+04   -4.54849e+03   -6.34256e+05    2.93750e+03
      Potential    Kinetic En.   Total Energy  Conserved En.    Temperature
   -5.24907e+05    8.60132e+04   -4.38894e+05   -4.35346e+05    3.00911e+02
 Pres. DC (bar) Pressure (bar)   Constr. rmsd
   -2.24408e+02   -1.25683e+02    2.61289e-06

Writing checkpoint, step 297160 at Thu Dec  5 01:17:26 2019


           Step           Time
         300000      600.00000

   Energies (kJ/mol)
           Bond          Angle    Proper Dih. Ryckaert-Bell.          LJ-14
    1.36905e+03    3.97773e+03    2.56184e+02    1.88447e+03    2.70461e+03
     Coulomb-14        LJ (SR)  Disper. corr.   Coulomb (SR)   Coul. recip.
    7.85879e+03    9.27988e+04   -4.56084e+03   -6.33638e+05    2.87975e+03
      Potential    Kinetic En.   Total Energy  Conserved En.    Temperature
   -5.24469e+05    8.60488e+04   -4.38421e+05   -4.35333e+05    3.01035e+02
 Pres. DC (bar) Pressure (bar)   Constr. rmsd
   -2.25626e+02   -7.21555e+01    3.31148e-06

           Step           Time
         305000      610.00000

   Energies (kJ/mol)
           Bond          Angle    Proper Dih. Ryckaert-Bell.          LJ-14
    1.39269e+03    3.72317e+03    2.61061e+02    1.81923e+03    2.65384e+03
     Coulomb-14        LJ (SR)  Disper. corr.   Coulomb (SR)   Coul. recip.
    7.77976e+03    9.54551e+04   -4.56921e+03   -6.37040e+05    2.92613e+03
      Potential    Kinetic En.   Total Energy  Conserved En.    Temperature
   -5.25598e+05    8.56649e+04   -4.39933e+05   -4.35275e+05    2.99692e+02
 Pres. DC (bar) Pressure (bar)   Constr. rmsd
   -2.26453e+02    3.00998e+02    2.63515e-06

           Step           Time
         310000      620.00000

   Energies (kJ/mol)
           Bond          Angle    Proper Dih. Ryckaert-Bell.          LJ-14
    1.45022e+03    3.71471e+03    2.54753e+02    1.80625e+03    2.61380e+03
     Coulomb-14        LJ (SR)  Disper. corr.   Coulomb (SR)   Coul. recip.
    7.80478e+03    9.42576e+04   -4.55079e+03   -6.35128e+05    2.83060e+03
      Potential    Kinetic En.   Total Energy  Conserved En.    Temperature
   -5.24946e+05    8.60028e+04   -4.38944e+05   -4.35241e+05    3.00874e+02
 Pres. DC (bar) Pressure (bar)   Constr. rmsd
   -2.24634e+02    4.02137e+01    2.98597e-06

           Step           Time
         315000      630.00000

   Energies (kJ/mol)
           Bond          Angle    Proper Dih. Ryckaert-Bell.          LJ-14
    1.53345e+03    3.77603e+03    2.31376e+02    1.70382e+03    2.69478e+03
     Coulomb-14        LJ (SR)  Disper. corr.   Coulomb (SR)   Coul. recip.
    7.82221e+03    9.45086e+04   -4.56856e+03   -6.35393e+05    2.93032e+03
      Potential    Kinetic En.   Total Energy  Conserved En.    Temperature
   -5.24760e+05    8.65017e+04   -4.38259e+05   -4.35208e+05    3.02620e+02
 Pres. DC (bar) Pressure (bar)   Constr. rmsd
   -2.26389e+02    1.91558e+02    2.93999e-06

           Step           Time
         320000      640.00000

   Energies (kJ/mol)
           Bond          Angle    Proper Dih. Ryckaert-Bell.          LJ-14
    1.42629e+03    3.84182e+03    2.29499e+02    1.78144e+03    2.62098e+03
     Coulomb-14        LJ (SR)  Disper. corr.   Coulomb (SR)   Coul. recip.
    7.69263e+03    9.36166e+04   -4.54447e+03   -6.34827e+05    2.99916e+03
      Potential    Kinetic En.   Total Energy  Conserved En.    Temperature
   -5.25163e+05    8.53566e+04   -4.39806e+05   -4.35146e+05    2.98614e+02
 Pres. DC (bar) Pressure (bar)   Constr. rmsd
   -2.24012e+02   -4.28645e+01    2.98310e-06

Writing checkpoint, step 323000 at Thu Dec  5 01:32:26 2019


           Step           Time
         325000      650.00000

   Energies (kJ/mol)
           Bond          Angle    Proper Dih. Ryckaert-Bell.          LJ-14
    1.60954e+03    3.69724e+03    2.25141e+02    1.80945e+03    2.65866e+03
     Coulomb-14        LJ (SR)  Disper. corr.   Coulomb (SR)   Coul. recip.
    7.81165e+03    9.53803e+04   -4.56141e+03   -6.36258e+05    2.96423e+03
      Potential    Kinetic En.   Total Energy  Conserved En.    Temperature
   -5.24663e+05    8.59435e+04   -4.38720e+05   -4.35109e+05    3.00667e+02
 Pres. DC (bar) Pressure (bar)   Constr. rmsd
   -2.25682e+02    3.19100e+02    2.73837e-06

           Step           Time
         330000      660.00000

   Energies (kJ/mol)
           Bond          Angle    Proper Dih. Ryckaert-Bell.          LJ-14
    1.52833e+03    3.84932e+03    2.28287e+02    1.78796e+03    2.63973e+03
     Coulomb-14        LJ (SR)  Disper. corr.   Coulomb (SR)   Coul. recip.
    7.75820e+03    9.35192e+04   -4.53666e+03   -6.34446e+05    2.94330e+03
      Potential    Kinetic En.   Total Energy  Conserved En.    Temperature
   -5.24728e+05    8.63171e+04   -4.38411e+05   -4.35082e+05    3.01974e+02
 Pres. DC (bar) Pressure (bar)   Constr. rmsd
   -2.23243e+02   -1.27574e+02    2.86533e-06

           Step           Time
         335000      670.00000

   Energies (kJ/mol)
           Bond          Angle    Proper Dih. Ryckaert-Bell.          LJ-14
    1.34067e+03    3.76434e+03    2.71128e+02    1.78575e+03    2.70802e+03
     Coulomb-14        LJ (SR)  Disper. corr.   Coulomb (SR)   Coul. recip.
    7.79741e+03    9.33452e+04   -4.55981e+03   -6.35063e+05    2.89559e+03
      Potential    Kinetic En.   Total Energy  Conserved En.    Temperature
   -5.25714e+05    8.57153e+04   -4.39999e+05   -4.35037e+05    2.99869e+02
 Pres. DC (bar) Pressure (bar)   Constr. rmsd
   -2.25524e+02    8.23679e+01    3.04863e-06

           Step           Time
         340000      680.00000

   Energies (kJ/mol)
           Bond          Angle    Proper Dih. Ryckaert-Bell.          LJ-14
    1.39723e+03    3.70129e+03    2.27939e+02    1.64053e+03    2.70242e+03
     Coulomb-14        LJ (SR)  Disper. corr.   Coulomb (SR)   Coul. recip.
    7.76812e+03    9.44008e+04   -4.55379e+03   -6.34642e+05    2.91659e+03
      Potential    Kinetic En.   Total Energy  Conserved En.    Temperature
   -5.24441e+05    8.49418e+04   -4.39499e+05   -4.34985e+05    2.97162e+02
 Pres. DC (bar) Pressure (bar)   Constr. rmsd
   -2.24930e+02    1.84696e+02    2.77519e-06

           Step           Time
         345000      690.00000

   Energies (kJ/mol)
           Bond          Angle    Proper Dih. Ryckaert-Bell.          LJ-14
    1.65538e+03    3.81458e+03    2.31645e+02    1.79517e+03    2.59607e+03
     Coulomb-14        LJ (SR)  Disper. corr.   Coulomb (SR)   Coul. recip.
    7.74921e+03    9.32870e+04   -4.55606e+03   -6.34429e+05    2.91588e+03
      Potential    Kinetic En.   Total Energy  Conserved En.    Temperature
   -5.24940e+05    8.65914e+04   -4.38348e+05   -4.34941e+05    3.02934e+02
 Pres. DC (bar) Pressure (bar)   Constr. rmsd
   -2.25154e+02   -1.22445e+02    3.04902e-06

Writing checkpoint, step 349080 at Thu Dec  5 01:47:26 2019


           Step           Time
         350000      700.00000

   Energies (kJ/mol)
           Bond          Angle    Proper Dih. Ryckaert-Bell.          LJ-14
    1.49884e+03    3.69526e+03    2.17916e+02    1.86235e+03    2.69656e+03
     Coulomb-14        LJ (SR)  Disper. corr.   Coulomb (SR)   Coul. recip.
    7.86083e+03    9.37242e+04   -4.55163e+03   -6.34564e+05    2.92247e+03
      Potential    Kinetic En.   Total Energy  Conserved En.    Temperature
   -5.24637e+05    8.59595e+04   -4.38678e+05   -4.34878e+05    3.00723e+02
 Pres. DC (bar) Pressure (bar)   Constr. rmsd
   -2.24717e+02    7.55593e+01    2.91481e-06

           Step           Time
         355000      710.00000

   Energies (kJ/mol)
           Bond          Angle    Proper Dih. Ryckaert-Bell.          LJ-14
    1.53755e+03    3.79658e+03    2.34897e+02    1.71562e+03    2.68322e+03
     Coulomb-14        LJ (SR)  Disper. corr.   Coulomb (SR)   Coul. recip.
    7.84091e+03    9.31090e+04   -4.55369e+03   -6.33535e+05    3.06434e+03
      Potential    Kinetic En.   Total Energy  Conserved En.    Temperature
   -5.24106e+05    8.56529e+04   -4.38454e+05   -4.34865e+05    2.99650e+02
 Pres. DC (bar) Pressure (bar)   Constr. rmsd
   -2.24920e+02   -3.96935e+01    2.90556e-06

           Step           Time
         360000      720.00000

   Energies (kJ/mol)
           Bond          Angle    Proper Dih. Ryckaert-Bell.          LJ-14
    1.45566e+03    3.81697e+03    2.09416e+02    1.61746e+03    2.71642e+03
     Coulomb-14        LJ (SR)  Disper. corr.   Coulomb (SR)   Coul. recip.
    7.83400e+03    9.53641e+04   -4.57131e+03   -6.37565e+05    3.00916e+03
      Potential    Kinetic En.   Total Energy  Conserved En.    Temperature
   -5.26113e+05    8.56230e+04   -4.40490e+05   -4.34825e+05    2.99546e+02
 Pres. DC (bar) Pressure (bar)   Constr. rmsd
   -2.26662e+02    3.01143e+02    2.89737e-06

           Step           Time
         365000      730.00000

   Energies (kJ/mol)
           Bond          Angle    Proper Dih. Ryckaert-Bell.          LJ-14
    1.43538e+03    3.90498e+03    2.23910e+02    1.68910e+03    2.65934e+03
     Coulomb-14        LJ (SR)  Disper. corr.   Coulomb (SR)   Coul. recip.
    7.74931e+03    9.47017e+04   -4.55527e+03   -6.34840e+05    2.93207e+03
      Potential    Kinetic En.   Total Energy  Conserved En.    Temperature
   -5.24099e+05    8.64299e+04   -4.37670e+05   -4.34799e+05    3.02369e+02
 Pres. DC (bar) Pressure (bar)   Constr. rmsd
   -2.25076e+02    1.56962e+02    3.40626e-06

           Step           Time
         370000      740.00000

   Energies (kJ/mol)
           Bond          Angle    Proper Dih. Ryckaert-Bell.          LJ-14
    1.55182e+03    3.62539e+03    2.72424e+02    1.76757e+03    2.70619e+03
     Coulomb-14        LJ (SR)  Disper. corr.   Coulomb (SR)   Coul. recip.
    7.83871e+03    9.40847e+04   -4.56758e+03   -6.35658e+05    2.83555e+03
      Potential    Kinetic En.   Total Energy  Conserved En.    Temperature
   -5.25543e+05    8.56595e+04   -4.39883e+05   -4.34759e+05    2.99673e+02
 Pres. DC (bar) Pressure (bar)   Constr. rmsd
   -2.26293e+02    8.65022e+01    3.09822e-06

           Step           Time
         375000      750.00000

Writing checkpoint, step 375000 at Thu Dec  5 02:02:25 2019


   Energies (kJ/mol)
           Bond          Angle    Proper Dih. Ryckaert-Bell.          LJ-14
    1.52919e+03    3.63090e+03    2.75745e+02    1.76206e+03    2.68725e+03
     Coulomb-14        LJ (SR)  Disper. corr.   Coulomb (SR)   Coul. recip.
    7.78156e+03    9.37416e+04   -4.57027e+03   -6.35075e+05    2.84770e+03
      Potential    Kinetic En.   Total Energy  Conserved En.    Temperature
   -5.25389e+05    8.60568e+04   -4.39332e+05   -4.34736e+05    3.01063e+02
 Pres. DC (bar) Pressure (bar)   Constr. rmsd
   -2.26559e+02    5.30399e+00    2.94864e-06

           Step           Time
         380000      760.00000

   Energies (kJ/mol)
           Bond          Angle    Proper Dih. Ryckaert-Bell.          LJ-14
    1.32974e+03    3.90684e+03    2.62740e+02    1.75331e+03    2.62958e+03
     Coulomb-14        LJ (SR)  Disper. corr.   Coulomb (SR)   Coul. recip.
    7.79016e+03    9.39194e+04   -4.56521e+03   -6.34396e+05    2.92346e+03
      Potential    Kinetic En.   Total Energy  Conserved En.    Temperature
   -5.24446e+05    8.59220e+04   -4.38524e+05   -4.34680e+05    3.00592e+02
 Pres. DC (bar) Pressure (bar)   Constr. rmsd
   -2.26058e+02    1.13175e+02    2.94962e-06

           Step           Time
         385000      770.00000

   Energies (kJ/mol)
           Bond          Angle    Proper Dih. Ryckaert-Bell.          LJ-14
    1.46343e+03    3.73883e+03    2.28214e+02    1.73941e+03    2.73874e+03
     Coulomb-14        LJ (SR)  Disper. corr.   Coulomb (SR)   Coul. recip.
    7.92025e+03    9.36533e+04   -4.57938e+03   -6.34725e+05    2.91804e+03
      Potential    Kinetic En.   Total Energy  Conserved En.    Temperature
   -5.24904e+05    8.67216e+04   -4.38183e+05   -4.34640e+05    3.03389e+02
 Pres. DC (bar) Pressure (bar)   Constr. rmsd
   -2.27462e+02    1.18193e+02    3.12263e-06

           Step           Time
         390000      780.00000

   Energies (kJ/mol)
           Bond          Angle    Proper Dih. Ryckaert-Bell.          LJ-14
    1.38349e+03    3.67591e+03    2.26998e+02    1.78330e+03    2.72095e+03
     Coulomb-14        LJ (SR)  Disper. corr.   Coulomb (SR)   Coul. recip.
    7.78707e+03    9.27891e+04   -4.57914e+03   -6.33043e+05    2.83805e+03
      Potential    Kinetic En.   Total Energy  Conserved En.    Temperature
   -5.24417e+05    8.57563e+04   -4.38661e+05   -4.34606e+05    3.00012e+02
 Pres. DC (bar) Pressure (bar)   Constr. rmsd
   -2.27438e+02    2.00983e+01    3.05468e-06

           Step           Time
         395000      790.00000

   Energies (kJ/mol)
           Bond          Angle    Proper Dih. Ryckaert-Bell.          LJ-14
    1.41072e+03    3.62150e+03    2.89456e+02    1.65593e+03    2.67631e+03
     Coulomb-14        LJ (SR)  Disper. corr.   Coulomb (SR)   Coul. recip.
    7.87972e+03    9.40377e+04   -4.56550e+03   -6.35753e+05    2.92543e+03
      Potential    Kinetic En.   Total Energy  Conserved En.    Temperature
   -5.25821e+05    8.56060e+04   -4.40215e+05   -4.34563e+05    2.99486e+02
 Pres. DC (bar) Pressure (bar)   Constr. rmsd
   -2.26087e+02    2.03303e+01    3.63253e-06

           Step           Time
         400000      800.00000

   Energies (kJ/mol)
           Bond          Angle    Proper Dih. Ryckaert-Bell.          LJ-14
    1.34432e+03    3.70524e+03    2.21954e+02    1.66690e+03    2.67024e+03
     Coulomb-14        LJ (SR)  Disper. corr.   Coulomb (SR)   Coul. recip.
    7.74750e+03    9.30363e+04   -4.55818e+03   -6.34228e+05    2.91444e+03
      Potential    Kinetic En.   Total Energy  Conserved En.    Temperature
   -5.25479e+05    8.62706e+04   -4.39209e+05   -4.34532e+05    3.01811e+02
 Pres. DC (bar) Pressure (bar)   Constr. rmsd
   -2.25363e+02    6.75966e+00    3.02462e-06

Writing checkpoint, step 400640 at Thu Dec  5 02:17:26 2019


           Step           Time
         405000      810.00000

   Energies (kJ/mol)
           Bond          Angle    Proper Dih. Ryckaert-Bell.          LJ-14
    1.53287e+03    3.74186e+03    2.72043e+02    1.78070e+03    2.74004e+03
     Coulomb-14        LJ (SR)  Disper. corr.   Coulomb (SR)   Coul. recip.
    7.79489e+03    9.36374e+04   -4.54275e+03   -6.33055e+05    3.00537e+03
      Potential    Kinetic En.   Total Energy  Conserved En.    Temperature
   -5.23093e+05    8.63564e+04   -4.36736e+05   -4.34461e+05    3.02111e+02
 Pres. DC (bar) Pressure (bar)   Constr. rmsd
   -2.23842e+02    8.44629e+01    3.01394e-06

           Step           Time
         410000      820.00000

   Energies (kJ/mol)
           Bond          Angle    Proper Dih. Ryckaert-Bell.          LJ-14
    1.53648e+03    3.66371e+03    2.23180e+02    1.74725e+03    2.63533e+03
     Coulomb-14        LJ (SR)  Disper. corr.   Coulomb (SR)   Coul. recip.
    7.73159e+03    9.45229e+04   -4.57127e+03   -6.36394e+05    2.85399e+03
      Potential    Kinetic En.   Total Energy  Conserved En.    Temperature
   -5.26051e+05    8.54593e+04   -4.40591e+05   -4.34434e+05    2.98973e+02
 Pres. DC (bar) Pressure (bar)   Constr. rmsd
   -2.26658e+02    1.44680e+02    3.03773e-06

           Step           Time
         415000      830.00000

   Energies (kJ/mol)
           Bond          Angle    Proper Dih. Ryckaert-Bell.          LJ-14
    1.49184e+03    3.97475e+03    2.49125e+02    1.79738e+03    2.59762e+03
     Coulomb-14        LJ (SR)  Disper. corr.   Coulomb (SR)   Coul. recip.
    7.73230e+03    9.34737e+04   -4.56521e+03   -6.34401e+05    2.94224e+03
      Potential    Kinetic En.   Total Energy  Conserved En.    Temperature
   -5.24707e+05    8.59827e+04   -4.38725e+05   -4.34364e+05    3.00804e+02
 Pres. DC (bar) Pressure (bar)   Constr. rmsd
   -2.26058e+02   -2.57819e+00    3.10763e-06

           Step           Time
         420000      840.00000

   Energies (kJ/mol)
           Bond          Angle    Proper Dih. Ryckaert-Bell.          LJ-14
    1.42116e+03    3.63612e+03    2.28507e+02    1.71446e+03    2.69329e+03
     Coulomb-14        LJ (SR)  Disper. corr.   Coulomb (SR)   Coul. recip.
    7.86937e+03    9.20583e+04   -4.54767e+03   -6.33207e+05    2.96711e+03
      Potential    Kinetic En.   Total Energy  Conserved En.    Temperature
   -5.25167e+05    8.57101e+04   -4.39456e+05   -4.34361e+05    2.99850e+02
 Pres. DC (bar) Pressure (bar)   Constr. rmsd
   -2.24326e+02   -2.76836e+02    3.03630e-06

           Step           Time
         425000      850.00000

   Energies (kJ/mol)
           Bond          Angle    Proper Dih. Ryckaert-Bell.          LJ-14
    1.51075e+03    3.68567e+03    2.31114e+02    1.71943e+03    2.69989e+03
     Coulomb-14        LJ (SR)  Disper. corr.   Coulomb (SR)   Coul. recip.
    7.76344e+03    9.30929e+04   -4.55108e+03   -6.34198e+05    2.91739e+03
      Potential    Kinetic En.   Total Energy  Conserved En.    Temperature
   -5.25128e+05    8.56680e+04   -4.39460e+05   -4.34301e+05    2.99703e+02
 Pres. DC (bar) Pressure (bar)   Constr. rmsd
   -2.24662e+02   -1.44848e+02    2.92214e-06

Writing checkpoint, step 426320 at Thu Dec  5 02:32:26 2019


           Step           Time
         430000      860.00000

   Energies (kJ/mol)
           Bond          Angle    Proper Dih. Ryckaert-Bell.          LJ-14
    1.54909e+03    3.83809e+03    2.32612e+02    1.76959e+03    2.70620e+03
     Coulomb-14        LJ (SR)  Disper. corr.   Coulomb (SR)   Coul. recip.
    7.85325e+03    9.47431e+04   -4.57048e+03   -6.35350e+05    2.93772e+03
      Potential    Kinetic En.   Total Energy  Conserved En.    Temperature
   -5.24291e+05    8.62764e+04   -4.38014e+05   -4.34266e+05    3.01832e+02
 Pres. DC (bar) Pressure (bar)   Constr. rmsd
   -2.26579e+02    1.72737e+02    2.96547e-06

           Step           Time
         435000      870.00000

   Energies (kJ/mol)
           Bond          Angle    Proper Dih. Ryckaert-Bell.          LJ-14
    1.41637e+03    3.69335e+03    2.34648e+02    1.68992e+03    2.64098e+03
     Coulomb-14        LJ (SR)  Disper. corr.   Coulomb (SR)   Coul. recip.
    7.73510e+03    9.40342e+04   -4.56828e+03   -6.34771e+05    2.96315e+03
      Potential    Kinetic En.   Total Energy  Conserved En.    Temperature
   -5.24931e+05    8.59955e+04   -4.38936e+05   -4.34254e+05    3.00849e+02
 Pres. DC (bar) Pressure (bar)   Constr. rmsd
   -2.26362e+02    8.39800e+01    2.96400e-06

           Step           Time
         440000      880.00000

   Energies (kJ/mol)
           Bond          Angle    Proper Dih. Ryckaert-Bell.          LJ-14
    1.51474e+03    3.76328e+03    2.35516e+02    1.71027e+03    2.64086e+03
     Coulomb-14        LJ (SR)  Disper. corr.   Coulomb (SR)   Coul. recip.
    7.74570e+03    9.35232e+04   -4.56855e+03   -6.34226e+05    2.89985e+03
      Potential    Kinetic En.   Total Energy  Conserved En.    Temperature
   -5.24761e+05    8.64616e+04   -4.38299e+05   -4.34214e+05    3.02479e+02
 Pres. DC (bar) Pressure (bar)   Constr. rmsd
   -2.26389e+02   -2.72055e+01    2.90513e-06

           Step           Time
         445000      890.00000

   Energies (kJ/mol)
           Bond          Angle    Proper Dih. Ryckaert-Bell.          LJ-14
    1.50760e+03    3.81315e+03    2.89344e+02    1.82183e+03    2.56533e+03
     Coulomb-14        LJ (SR)  Disper. corr.   Coulomb (SR)   Coul. recip.
    7.78036e+03    9.36100e+04   -4.56274e+03   -6.34931e+05    2.95831e+03
      Potential    Kinetic En.   Total Energy  Conserved En.    Temperature
   -5.25148e+05    8.57015e+04   -4.39447e+05   -4.34137e+05    2.99820e+02
 Pres. DC (bar) Pressure (bar)   Constr. rmsd
   -2.25814e+02   -1.37551e+02    2.88484e-06

           Step           Time
         450000      900.00000

   Energies (kJ/mol)
           Bond          Angle    Proper Dih. Ryckaert-Bell.          LJ-14
    1.39890e+03    3.74544e+03    2.25303e+02    1.78571e+03    2.65054e+03
     Coulomb-14        LJ (SR)  Disper. corr.   Coulomb (SR)   Coul. recip.
    7.77344e+03    9.17297e+04   -4.53995e+03   -6.31905e+05    2.92473e+03
      Potential    Kinetic En.   Total Energy  Conserved En.    Temperature
   -5.24211e+05    8.51091e+04   -4.39102e+05   -4.34127e+05    2.97748e+02
 Pres. DC (bar) Pressure (bar)   Constr. rmsd
   -2.23567e+02   -2.61416e+02    2.87566e-06

Writing checkpoint, step 452360 at Thu Dec  5 02:47:25 2019


           Step           Time
         455000      910.00000

   Energies (kJ/mol)
           Bond          Angle    Proper Dih. Ryckaert-Bell.          LJ-14
    1.49174e+03    3.83390e+03    2.67549e+02    1.68939e+03    2.66179e+03
     Coulomb-14        LJ (SR)  Disper. corr.   Coulomb (SR)   Coul. recip.
    7.69143e+03    9.31382e+04   -4.54343e+03   -6.33805e+05    2.96522e+03
      Potential    Kinetic En.   Total Energy  Conserved En.    Temperature
   -5.24610e+05    8.55998e+04   -4.39010e+05   -4.34075e+05    2.99465e+02
 Pres. DC (bar) Pressure (bar)   Constr. rmsd
   -2.23909e+02   -7.67964e+01    2.89715e-06

           Step           Time
         460000      920.00000

   Energies (kJ/mol)
           Bond          Angle    Proper Dih. Ryckaert-Bell.          LJ-14
    1.41036e+03    3.85364e+03    2.52850e+02    1.81575e+03    2.66925e+03
     Coulomb-14        LJ (SR)  Disper. corr.   Coulomb (SR)   Coul. recip.
    7.73903e+03    9.36638e+04   -4.56032e+03   -6.34851e+05    2.81644e+03
      Potential    Kinetic En.   Total Energy  Conserved En.    Temperature
   -5.25190e+05    8.61319e+04   -4.39058e+05   -4.34041e+05    3.01326e+02
 Pres. DC (bar) Pressure (bar)   Constr. rmsd
   -2.25574e+02    5.59444e+01    2.76132e-06

           Step           Time
         465000      930.00000

   Energies (kJ/mol)
           Bond          Angle    Proper Dih. Ryckaert-Bell.          LJ-14
    1.51728e+03    3.67478e+03    2.47812e+02    1.72554e+03    2.65280e+03
     Coulomb-14        LJ (SR)  Disper. corr.   Coulomb (SR)   Coul. recip.
    7.77634e+03    9.28762e+04   -4.55345e+03   -6.33535e+05    2.95728e+03
      Potential    Kinetic En.   Total Energy  Conserved En.    Temperature
   -5.24660e+05    8.50841e+04   -4.39576e+05   -4.34028e+05    2.97660e+02
 Pres. DC (bar) Pressure (bar)   Constr. rmsd
   -2.24896e+02   -1.33003e+02    2.63687e-06

           Step           Time
         470000      940.00000

   Energies (kJ/mol)
           Bond          Angle    Proper Dih. Ryckaert-Bell.          LJ-14
    1.63945e+03    3.74274e+03    2.35186e+02    1.74929e+03    2.66962e+03
     Coulomb-14        LJ (SR)  Disper. corr.   Coulomb (SR)   Coul. recip.
    7.86861e+03    9.32194e+04   -4.55015e+03   -6.34666e+05    2.94578e+03
      Potential    Kinetic En.   Total Energy  Conserved En.    Temperature
   -5.25146e+05    8.50655e+04   -4.40081e+05   -4.33948e+05    2.97595e+02
 Pres. DC (bar) Pressure (bar)   Constr. rmsd
   -2.24571e+02   -2.10656e+02    2.66424e-06

           Step           Time
         475000      950.00000

   Energies (kJ/mol)
           Bond          Angle    Proper Dih. Ryckaert-Bell.          LJ-14
    1.36256e+03    3.83079e+03    2.92590e+02    1.77125e+03    2.66382e+03
     Coulomb-14        LJ (SR)  Disper. corr.   Coulomb (SR)   Coul. recip.
    7.75471e+03    9.41028e+04   -4.56067e+03   -6.34738e+05    2.91726e+03
      Potential    Kinetic En.   Total Energy  Conserved En.    Temperature
   -5.24603e+05    8.51263e+04   -4.39477e+05   -4.33912e+05    2.97808e+02
 Pres. DC (bar) Pressure (bar)   Constr. rmsd
   -2.25610e+02    1.15242e+02    2.87650e-06

Writing checkpoint, step 478320 at Thu Dec  5 03:02:25 2019


           Step           Time
         480000      960.00000

   Energies (kJ/mol)
           Bond          Angle    Proper Dih. Ryckaert-Bell.          LJ-14
    1.41537e+03    3.56749e+03    2.39607e+02    1.72399e+03    2.69995e+03
     Coulomb-14        LJ (SR)  Disper. corr.   Coulomb (SR)   Coul. recip.
    7.86513e+03    9.42481e+04   -4.56975e+03   -6.35834e+05    2.89471e+03
      Potential    Kinetic En.   Total Energy  Conserved En.    Temperature
   -5.25749e+05    8.63556e+04   -4.39394e+05   -4.33891e+05    3.02109e+02
 Pres. DC (bar) Pressure (bar)   Constr. rmsd
   -2.26508e+02    1.65331e+02    2.95090e-06

           Step           Time
         485000      970.00000

   Energies (kJ/mol)
           Bond          Angle    Proper Dih. Ryckaert-Bell.          LJ-14
    1.43993e+03    3.84697e+03    2.38149e+02    1.73596e+03    2.64733e+03
     Coulomb-14        LJ (SR)  Disper. corr.   Coulomb (SR)   Coul. recip.
    7.77677e+03    9.45824e+04   -4.56715e+03   -6.35829e+05    2.92171e+03
      Potential    Kinetic En.   Total Energy  Conserved En.    Temperature
   -5.25207e+05    8.57750e+04   -4.39432e+05   -4.33845e+05    3.00077e+02
 Pres. DC (bar) Pressure (bar)   Constr. rmsd
   -2.26250e+02    1.53612e+02    2.85088e-06

           Step           Time
         490000      980.00000

   Energies (kJ/mol)
           Bond          Angle    Proper Dih. Ryckaert-Bell.          LJ-14
    1.44382e+03    3.74863e+03    2.21331e+02    1.68717e+03    2.57889e+03
     Coulomb-14        LJ (SR)  Disper. corr.   Coulomb (SR)   Coul. recip.
    7.62406e+03    9.36967e+04   -4.55981e+03   -6.35195e+05    2.94429e+03
      Potential    Kinetic En.   Total Energy  Conserved En.    Temperature
   -5.25810e+05    8.53614e+04   -4.40449e+05   -4.33787e+05    2.98630e+02
 Pres. DC (bar) Pressure (bar)   Constr. rmsd
   -2.25525e+02   -1.04427e+02    2.68057e-06

           Step           Time
         495000      990.00000

   Energies (kJ/mol)
           Bond          Angle    Proper Dih. Ryckaert-Bell.          LJ-14
    1.34169e+03    3.86892e+03    2.58602e+02    1.77165e+03    2.62992e+03
     Coulomb-14        LJ (SR)  Disper. corr.   Coulomb (SR)   Coul. recip.
    7.81728e+03    9.43881e+04   -4.56369e+03   -6.35710e+05    2.91540e+03
      Potential    Kinetic En.   Total Energy  Conserved En.    Temperature
   -5.25282e+05    8.58017e+04   -4.39481e+05   -4.33764e+05    3.00171e+02
 Pres. DC (bar) Pressure (bar)   Constr. rmsd
   -2.25907e+02    9.48517e+01    3.06688e-06

           Step           Time
         500000     1000.00000

Writing checkpoint, step 500000 at Thu Dec  5 03:14:54 2019


   Energies (kJ/mol)
           Bond          Angle    Proper Dih. Ryckaert-Bell.          LJ-14
    1.51062e+03    3.73769e+03    2.45626e+02    1.86451e+03    2.70294e+03
     Coulomb-14        LJ (SR)  Disper. corr.   Coulomb (SR)   Coul. recip.
    7.78245e+03    9.34714e+04   -4.55904e+03   -6.34910e+05    2.87946e+03
      Potential    Kinetic En.   Total Energy  Conserved En.    Temperature
   -5.25275e+05    8.58086e+04   -4.39466e+05   -4.33713e+05    3.00195e+02
 Pres. DC (bar) Pressure (bar)   Constr. rmsd
   -2.25448e+02    6.95208e+01    2.85671e-06

	<======  ###############  ==>
	<====  A V E R A G E S  ====>
	<==  ###############  ======>

	Statistics over 500001 steps using 5001 frames

   Energies (kJ/mol)
           Bond          Angle    Proper Dih. Ryckaert-Bell.          LJ-14
    1.47161e+03    3.77487e+03    2.47985e+02    1.75623e+03    2.66187e+03
     Coulomb-14        LJ (SR)  Disper. corr.   Coulomb (SR)   Coul. recip.
    7.78860e+03    9.36784e+04   -4.55803e+03   -6.34784e+05    2.93795e+03
      Potential    Kinetic En.   Total Energy  Conserved En.    Temperature
   -5.25025e+05    8.57522e+04   -4.39273e+05   -4.35676e+05    2.99998e+02
 Pres. DC (bar) Pressure (bar)   Constr. rmsd
   -2.25350e+02    1.64788e+00    0.00000e+00

          Box-X          Box-Y          Box-Z
    6.95392e+00    6.95392e+00    6.95392e+00

   Total Virial (kJ/mol)
    2.85282e+04    3.06974e+01    4.45877e+01
    3.06041e+01    2.85752e+04    7.95949e+00
    4.43348e+01    7.72642e+00    2.86032e+04

   Pressure (bar)
    6.78563e+00   -3.77264e+00   -3.38272e+00
   -3.76346e+00    1.16500e+00   -1.61508e+00
   -3.35776e+00   -1.59206e+00   -3.00698e+00

      T-Protein  T-non-Protein
    3.00063e+02    2.99993e+02


	M E G A - F L O P S   A C C O U N T I N G

 NB=Group-cutoff nonbonded kernels    NxN=N-by-N cluster Verlet kernels
 RF=Reaction-Field  VdW=Van der Waals  QSTab=quadratic-spline table
 W3=SPC/TIP3p  W4=TIP4p (single or pairs)
 V&F=Potential and force  V=Potential only  F=Force only

 Computing:                               M-Number         M-Flops  % Flops
-----------------------------------------------------------------------------
 Pair Search distance check          140708.569776     1266377.128     0.4
 NxN QSTab Elec. + LJ [F]           4327148.976776   177413108.048    52.5
 NxN QSTab Elec. + LJ [V&F]           43717.706168     2579344.664     0.8
 NxN QSTab Elec. [F]                3834095.618712   130359251.036    38.6
 NxN QSTab Elec. [V&F]                38735.616376     1588160.271     0.5
 1,4 nonbonded interactions            2553.005106      229770.460     0.1
 Calc Weights                         50814.101628     1829307.659     0.5
 Spread Q Bspline                   1084034.168064     2168068.336     0.6
 Gather F Bspline                   1084034.168064     6504205.008     1.9
 3D-FFT                             1395170.790336    11161366.323     3.3
 Solve PME                              968.001936       61952.124     0.0
 Shift-X                                423.483876        2540.903     0.0
 Bonds                                  512.501025       30237.560     0.0
 Angles                                1773.503547      297948.596     0.1
 Propers                                213.000426       48777.098     0.0
 RB-Dihedrals                          1975.003950      487825.976     0.1
 Virial                                1696.083921       30529.511     0.0
 Stop-CM                                169.413876        1694.139     0.0
 Calc-Ekin                             3387.667752       91467.029     0.0
 Lincs                                  479.500959       28770.058     0.0
 Lincs-Mat                             2388.004776        9552.019     0.0
 Constraint-V                         16913.033826      135304.271     0.0
 Constraint-Vir                        1643.382867       39441.189     0.0
 Settle                                5318.010636     1717717.435     0.5
-----------------------------------------------------------------------------
 Total                                               338082716.840   100.0
-----------------------------------------------------------------------------


     R E A L   C Y C L E   A N D   T I M E   A C C O U N T I N G

On 1 MPI rank, each using 4 OpenMP threads

 Computing:          Num   Num      Call    Wall time         Giga-Cycles
                     Ranks Threads  Count      (s)         total sum    %
-----------------------------------------------------------------------------
 Neighbor search        1    4      12501     409.753       4248.322   2.4
 Force                  1    4     500001   12355.604     128103.070  72.9
 PME mesh               1    4     500001    2588.052      26832.959  15.3
 NB X/F buffer ops.     1    4     987501    1041.595      10799.274   6.1
 Write traj.            1    4        118       1.341         13.908   0.0
 Update                 1    4     500001     224.644       2329.112   1.3
 Constraints            1    4     500001     264.598       2743.359   1.6
 Rest                                          64.429        668.001   0.4
-----------------------------------------------------------------------------
 Total                                      16950.017     175738.006 100.0
-----------------------------------------------------------------------------
 Breakdown of PME mesh computation
-----------------------------------------------------------------------------
 PME spread             1    4     500001     946.822       9816.662   5.6
 PME gather             1    4     500001    1053.470      10922.390   6.2
 PME 3D-FFT             1    4    1000002     495.604       5138.430   2.9
 PME solve Elec         1    4     500001      60.480        627.061   0.4
-----------------------------------------------------------------------------

               Core t (s)   Wall t (s)        (%)
       Time:    67800.067    16950.017      400.0
                         4h42:30
                 (ns/day)    (hour/ns)
Performance:        5.097        4.708
Finished mdrun on rank 0 Thu Dec  5 03:14:55 2019
